2021-02-16 11:23:23,400 - instabot version: 0.117.0 (bot) - INFO - Instabot version: 0.117.0 Started
2021-02-16 11:23:23,405 - instabot version: 0.117.0 (bot) - DEBUG - Bot imported from C:\Users\proka\AppData\Local\Programs\Python\Python38-32\lib\site-packages\instabot\bot\bot.py
2021-02-16 11:23:23,407 - instabot version: 0.117.0 (api_login) - DEBUG - Loading cookies
2021-02-16 11:23:23,408 - instabot version: 0.117.0 (api_login) - DEBUG - Loading uuids
2021-02-16 11:23:23,408 - instabot version: 0.117.0 (api_login) - INFO - Recovery from C:\Users\proka\iCloudDrive\iCloud~com~omz-software~Pythonista3/config/psevdoproger_uuid_and_cookie.json: COOKIE True - UUIDs True - TIMING, DEVICE and ...
- user-agent=Instagram 117.0.0.28.123 Android (28/9.0; 420dpi; 1080x1920; OnePlus; ONEPLUS A3003; OnePlus3; qcom; en_US; 180322800)
- phone_id=d9b7b868-1e47-4ad9-a1d5-508c20cbe5ec
- uuid=9140f426-363f-4b0b-80cf-8b891668158a
- client_session_id=517321b5-aa11-4eb3-a2f5-a35fcd86fcab
- device_id=android-48c570bbbb11421b
2021-02-16 11:23:23,430 - instabot version: 0.117.0 (api_login) - INFO - LOGIN FLOW! Just logged-in: False
2021-02-16 11:23:23,998 - instabot version: 0.117.0 (api) - DEBUG - POST to endpoint: feed/timeline/ returned response: <Response [403]>
2021-02-16 11:23:23,999 - instabot version: 0.117.0 (api) - DEBUG - Responsecode indicates error; response content: b'{"message":"user_has_logged_out","logout_reason":9,"status":"fail"}'
2021-02-16 11:23:23,999 - instabot version: 0.117.0 (api) - ERROR - Request returns 403 error!
2021-02-16 11:23:24,319 - instabot version: 0.117.0 (api) - DEBUG - POST to endpoint: feed/reels_tray/ returned response: <Response [403]>
2021-02-16 11:23:24,319 - instabot version: 0.117.0 (api) - DEBUG - Responsecode indicates error; response content: b'{"message":"user_has_logged_out","logout_reason":9,"status":"fail"}'
2021-02-16 11:23:24,319 - instabot version: 0.117.0 (api) - ERROR - Request returns 403 error!
2021-02-16 11:23:24,323 - instabot version: 0.117.0 (api) - INFO - Login flow failed, the cookie is broken. Relogin again.
2021-02-16 11:23:24,342 - instabot version: 0.117.0 (api_login) - DEBUG - Loading cookies
2021-02-16 11:23:24,343 - instabot version: 0.117.0 (api_login) - DEBUG - Loading uuids
2021-02-16 11:23:24,343 - instabot version: 0.117.0 (api_login) - INFO - Recovery from C:\Users\proka\iCloudDrive\iCloud~com~omz-software~Pythonista3/config/psevdoproger_uuid_and_cookie.json: COOKIE True - UUIDs True - TIMING, DEVICE and ...
- user-agent=Instagram 117.0.0.28.123 Android (28/9.0; 420dpi; 1080x1920; OnePlus; ONEPLUS A3003; OnePlus3; qcom; en_US; 180322800)
- phone_id=d9b7b868-1e47-4ad9-a1d5-508c20cbe5ec
- uuid=9140f426-363f-4b0b-80cf-8b891668158a
- client_session_id=517321b5-aa11-4eb3-a2f5-a35fcd86fcab
- device_id=android-48c570bbbb11421b
2021-02-16 11:23:24,357 - instabot version: 0.117.0 (api_login) - INFO - Not yet logged in starting: PRE-LOGIN FLOW!
2021-02-16 11:23:24,689 - instabot version: 0.117.0 (api) - DEBUG - POST to endpoint: accounts/get_prefill_candidates/ returned response: <Response [200]>
2021-02-16 11:23:25,007 - instabot version: 0.117.0 (api) - DEBUG - POST to endpoint: qe/sync/ returned response: <Response [200]>
2021-02-16 11:23:25,312 - instabot version: 0.117.0 (api) - DEBUG - POST to endpoint: launcher/sync/ returned response: <Response [200]>
2021-02-16 11:23:25,621 - instabot version: 0.117.0 (api) - DEBUG - POST to endpoint: accounts/contact_point_prefill/ returned response: <Response [200]>
2021-02-16 11:23:27,110 - instabot version: 0.117.0 (api) - DEBUG - POST to endpoint: accounts/login/ returned response: <Response [400]>
2021-02-16 11:23:27,110 - instabot version: 0.117.0 (api) - DEBUG - Responsecode indicates error; response content: b'{"message":"","two_factor_required":true,"two_factor_info":{"username":"psevdoproger","sms_two_factor_on":true,"totp_two_factor_on":false,"obfuscated_phone_number":"9507","two_factor_identifier":"gsoNXZT1Ib","show_messenger_code_option":false,"show_new_login_screen":true,"show_trusted_device_option":true,"should_opt_in_trusted_device_option":true,"pending_trusted_notification":false,"sms_not_allowed_reason":null,"phone_verification_settings":{"max_sms_count":2,"resend_sms_delay_sec":60,"robocall_count_down_time_sec":30,"robocall_after_max_sms":true}},"phone_verification_settings":{"max_sms_count":2,"resend_sms_delay_sec":60,"robocall_count_down_time_sec":30,"robocall_after_max_sms":true},"status":"fail","error_type":"two_factor_required"}'
2021-02-16 11:23:27,111 - instabot version: 0.117.0 (api) - ERROR - Request returns 400 error!
2021-02-16 11:23:27,176 - instabot version: 0.117.0 (api) - INFO - Two-factor authentication required
2021-02-16 11:23:56,124 - instabot version: 0.117.0 (api) - INFO - Logged-in successfully as 'psevdoproger'!
2021-02-16 11:23:56,125 - instabot version: 0.117.0 (api_login) - INFO - LOGIN FLOW! Just logged-in: True
2021-02-16 11:23:56,447 - instabot version: 0.117.0 (api) - DEBUG - POST to endpoint: qe/sync/ returned response: <Response [200]>
2021-02-16 11:23:56,751 - instabot version: 0.117.0 (api) - DEBUG - POST to endpoint: launcher/sync/ returned response: <Response [200]>
2021-02-16 11:23:57,043 - instabot version: 0.117.0 (api) - DEBUG - GET to endpoint: zr/token/result/?device_id=android-48c570bbbb11421b&token_hash=&custom_device_id=android-48c570bbbb11421b&fetch_reason=token_expired returned response: <Response [200]>
2021-02-16 11:23:57,345 - instabot version: 0.117.0 (api) - DEBUG - GET to endpoint: multiple_accounts/get_account_family/ returned response: <Response [200]>
2021-02-16 11:23:57,662 - instabot version: 0.117.0 (api) - DEBUG - POST to endpoint: qe/sync/ returned response: <Response [200]>
2021-02-16 11:23:58,279 - instabot version: 0.117.0 (api) - DEBUG - GET to endpoint: igtv/browse_feed/?prefetch=1 returned response: <Response [200]>
2021-02-16 11:23:58,589 - instabot version: 0.117.0 (api) - DEBUG - POST to endpoint: creatives/ar_class/ returned response: <Response [200]>
2021-02-16 11:23:59,241 - instabot version: 0.117.0 (api) - DEBUG - POST to endpoint: feed/reels_tray/ returned response: <Response [200]>
2021-02-16 11:24:02,300 - instabot version: 0.117.0 (api) - DEBUG - POST to endpoint: feed/timeline/ returned response: <Response [200]>
2021-02-16 11:24:02,617 - instabot version: 0.117.0 (api) - DEBUG - GET to endpoint: media/blocked/ returned response: <Response [200]>
2021-02-16 11:24:03,270 - instabot version: 0.117.0 (api) - DEBUG - GET to endpoint: news/inbox/ returned response: <Response [200]>
2021-02-16 11:24:03,584 - instabot version: 0.117.0 (api) - DEBUG - GET to endpoint: loom/fetch_config/ returned response: <Response [200]>
2021-02-16 11:24:04,697 - instabot version: 0.117.0 (api) - DEBUG - GET to endpoint: scores/bootstrap/users/?surfaces=["autocomplete_user_list","coefficient_besties_list_ranking","coefficient_rank_recipient_user_suggestion","coefficient_ios_section_test_bootstrap_ranking","coefficient_direct_recipients_ranking_variant_2"] returned response: <Response [200]>
2021-02-16 11:24:05,002 - instabot version: 0.117.0 (api) - DEBUG - GET to endpoint: business/eligibility/get_monetization_products_eligibility_data/?product_types=branded_content returned response: <Response [200]>
2021-02-16 11:24:05,302 - instabot version: 0.117.0 (api) - DEBUG - GET to endpoint: business/branded_content/should_require_professional_account/ returned response: <Response [200]>
2021-02-16 11:24:05,607 - instabot version: 0.117.0 (api) - DEBUG - GET to endpoint: linked_accounts/get_linkage_status/ returned response: <Response [200]>
2021-02-16 11:24:05,911 - instabot version: 0.117.0 (api) - DEBUG - GET to endpoint: locations/request_country/ returned response: <Response [200]>
2021-02-16 11:24:06,214 - instabot version: 0.117.0 (api) - DEBUG - GET to endpoint: qp/get_cooldowns/?signed_body=signed_body=4b9c516a5410a3bc128e09c6104a7f042146b9c2023870560c63a43a7f66781c.4&ig_sig_key_version=4&ig_sig_key_version=4 returned response: <Response [200]>
2021-02-16 11:24:06,512 - instabot version: 0.117.0 (api) - DEBUG - GET to endpoint: users/arlink_download_info/?version_override=2.2.1 returned response: <Response [200]>
2021-02-16 11:24:06,912 - instabot version: 0.117.0 (api) - DEBUG - GET to endpoint: users/45468866234/info/ returned response: <Response [200]>
2021-02-16 11:24:07,520 - instabot version: 0.117.0 (api) - DEBUG - GET to endpoint: direct_v2/get_presence/ returned response: <Response [200]>
2021-02-16 11:24:07,903 - instabot version: 0.117.0 (api) - DEBUG - GET to endpoint: direct_v2/inbox/?visual_message_return_type=unseen&thread_message_limit=10&persistentBadging=true&limit=20 returned response: <Response [200]>
2021-02-16 11:24:08,242 - instabot version: 0.117.0 (api) - DEBUG - GET to endpoint: direct_v2/inbox/?visual_message_return_type=unseen&persistentBadging=true&limit=0 returned response: <Response [200]>
2021-02-16 11:24:08,641 - instabot version: 0.117.0 (api) - DEBUG - GET to endpoint: discover/topical_explore/?is_prefetch=true&omit_cover_media=true&use_sectional_payload=true&timezone_offset=0&session_id=517321b5-aa11-4eb3-a2f5-a35fcd86fcab&include_fixed_destinations=true returned response: <Response [200]>
2021-02-16 11:24:08,963 - instabot version: 0.117.0 (api) - DEBUG - POST to endpoint: notifications/badge/ returned response: <Response [200]>
2021-02-16 11:24:09,321 - instabot version: 0.117.0 (api) - DEBUG - POST to endpoint: qp/batch_fetch/ returned response: <Response [200]>
2021-02-16 11:24:09,324 - instabot version: 0.117.0 (bot_checkpoint) - DEBUG - Loading Checkpoint file from: C:\Users\proka\iCloudDrive\iCloud~com~omz-software~Pythonista3/config/psevdoproger.checkpoint
2021-02-16 11:24:09,722 - instabot version: 0.117.0 (api) - DEBUG - GET to endpoint: users/psevdoproger/usernameinfo/ returned response: <Response [200]>
2021-02-16 11:24:10,614 - instabot version: 0.117.0 (api) - DEBUG - GET to endpoint: users/45468866234/info/ returned response: <Response [200]>
2021-02-16 11:24:11,043 - instabot version: 0.117.0 (api) - DEBUG - GET to endpoint: friendships/45468866234/following/?max_id=&ig_sig_key_version=4&rank_token=45468866234_9140f426-363f-4b0b-80cf-8b891668158a returned response: <Response [200]>
2021-02-16 11:24:11,453 - instabot version: 0.117.0 (api) - DEBUG - POST to endpoint: accounts/logout/ returned response: <Response [200]>
2021-02-16 11:24:11,453 - instabot version: 0.117.0 (bot) - INFO - Bot stopped. Worked: 2:07:52.220001
2021-02-16 11:24:11,455 - instabot version: 0.117.0 (bot_checkpoint) - DEBUG - Saving Checkpoint file to: C:\Users\proka\iCloudDrive\iCloud~com~omz-software~Pythonista3/config/psevdoproger.checkpoint
2021-02-16 11:24:11,458 - instabot version: 0.117.0 (bot) - INFO - Total follows: 4/55
2021-02-16 11:24:11,459 - instabot version: 0.117.0 (bot) - INFO - Total unfollows: 3/91
2021-02-16 11:24:11,479 - instabot version: 0.117.0 (bot) - INFO - Total requests: 728
2021-02-16 11:24:11,486 - instabot version: 0.117.0 (bot_checkpoint) - DEBUG - Saving Checkpoint file to: C:\Users\proka\iCloudDrive\iCloud~com~omz-software~Pythonista3/config/psevdoproger.checkpoint
2021-02-16 11:24:11,488 - instabot version: 0.117.0 (bot) - INFO - Total follows: 4/55
2021-02-16 11:24:11,488 - instabot version: 0.117.0 (bot) - INFO - Total unfollows: 3/91
2021-02-16 11:24:11,489 - instabot version: 0.117.0 (bot) - INFO - Total requests: 728
