2021-02-18 10:38:11,565 - instabot version: 0.117.0 (bot) - INFO - Instabot version: 0.117.0 Started
2021-02-18 10:38:11,569 - instabot version: 0.117.0 (bot) - DEBUG - Bot imported from C:\Users\proka\AppData\Local\Programs\Python\Python38-32\lib\site-packages\instabot\bot\bot.py
2021-02-18 10:38:11,571 - instabot version: 0.117.0 (api_login) - DEBUG - Loading cookies
2021-02-18 10:38:11,573 - instabot version: 0.117.0 (api_login) - DEBUG - Loading uuids
2021-02-18 10:38:11,573 - instabot version: 0.117.0 (api_login) - INFO - Recovery from C:\Users\proka\iCloudDrive\iCloud~com~omz-software~Pythonista3/config/psevdoproger_uuid_and_cookie.json: COOKIE True - UUIDs True - TIMING, DEVICE and ...
- user-agent=Instagram 117.0.0.28.123 Android (28/9.0; 420dpi; 1080x1920; OnePlus; ONEPLUS A3003; OnePlus3; qcom; en_US; 180322800)
- phone_id=d9b7b868-1e47-4ad9-a1d5-508c20cbe5ec
- uuid=9140f426-363f-4b0b-80cf-8b891668158a
- client_session_id=97fcb3cc-a8e3-4dfd-a44a-f7ad3d7c19a1
- device_id=android-48c570bbbb11421b
2021-02-18 10:38:11,601 - instabot version: 0.117.0 (api_login) - INFO - LOGIN FLOW! Just logged-in: False
2021-02-18 10:38:13,212 - instabot version: 0.117.0 (api) - DEBUG - POST to endpoint: feed/timeline/ returned response: <Response [200]>
2021-02-18 10:38:13,944 - instabot version: 0.117.0 (api) - DEBUG - POST to endpoint: feed/reels_tray/ returned response: <Response [200]>
2021-02-18 10:38:13,952 - instabot version: 0.117.0 (api) - INFO - Logged-in successfully as 'psevdoproger'!
2021-02-18 10:38:13,954 - instabot version: 0.117.0 (bot_checkpoint) - DEBUG - Loading Checkpoint file from: C:\Users\proka\iCloudDrive\iCloud~com~omz-software~Pythonista3/config/psevdoproger.checkpoint
2021-02-18 10:38:14,387 - instabot version: 0.117.0 (api) - DEBUG - GET to endpoint: users/psevdoproger/usernameinfo/ returned response: <Response [200]>
2021-02-18 10:38:15,528 - instabot version: 0.117.0 (api) - DEBUG - GET to endpoint: users/45468866234/info/ returned response: <Response [200]>
2021-02-18 10:38:15,999 - instabot version: 0.117.0 (api) - DEBUG - GET to endpoint: friendships/45468866234/following/?max_id=&ig_sig_key_version=4&rank_token=45468866234_9140f426-363f-4b0b-80cf-8b891668158a returned response: <Response [200]>
2021-02-18 10:38:16,478 - instabot version: 0.117.0 (api) - DEBUG - GET to endpoint: users/familyan.rossosh/usernameinfo/ returned response: <Response [200]>
2021-02-18 10:38:18,233 - instabot version: 0.117.0 (api) - DEBUG - GET to endpoint: feed/user/45426233253/?max_id=&min_timestamp=None&rank_token=45468866234_9140f426-363f-4b0b-80cf-8b891668158a&ranked_content=true returned response: <Response [200]>
2021-02-18 10:38:18,245 - instabot version: 0.117.0 (bot_filter) - INFO - Received 18 medias.
2021-02-18 10:38:18,246 - instabot version: 0.117.0 (bot_filter) - INFO - After filtration 0 medias left.
2021-02-18 10:38:18,264 - instabot version: 0.117.0 (bot_checkpoint) - DEBUG - Saving Checkpoint file to: C:\Users\proka\iCloudDrive\iCloud~com~omz-software~Pythonista3/config/psevdoproger.checkpoint
2021-02-18 10:38:18,300 - instabot version: 0.117.0 (bot) - INFO - Total unfollows: 2/76
2021-02-18 10:38:18,303 - instabot version: 0.117.0 (bot) - INFO - Total requests: 1262
