2021-02-18 11:16:37,410 - instabot version: 0.117.0 (bot) - INFO - Instabot version: 0.117.0 Started
2021-02-18 11:16:37,415 - instabot version: 0.117.0 (bot) - DEBUG - Bot imported from C:\Users\proka\AppData\Local\Programs\Python\Python38-32\lib\site-packages\instabot\bot\bot.py
2021-02-18 11:16:37,439 - instabot version: 0.117.0 (api_login) - DEBUG - Loading cookies
2021-02-18 11:16:37,445 - instabot version: 0.117.0 (api_login) - DEBUG - Loading uuids
2021-02-18 11:16:37,446 - instabot version: 0.117.0 (api_login) - INFO - Recovery from C:\Users\proka\iCloudDrive\iCloud~com~omz-software~Pythonista3/config/psevdoproger_uuid_and_cookie.json: COOKIE True - UUIDs True - TIMING, DEVICE and ...
- user-agent=Instagram 117.0.0.28.123 Android (28/9.0; 420dpi; 1080x1920; OnePlus; ONEPLUS A3003; OnePlus3; qcom; en_US; 180322800)
- phone_id=d9b7b868-1e47-4ad9-a1d5-508c20cbe5ec
- uuid=9140f426-363f-4b0b-80cf-8b891668158a
- client_session_id=43fa3064-c023-44a8-8e9a-a0a4047f3640
- device_id=android-48c570bbbb11421b
2021-02-18 11:16:37,504 - instabot version: 0.117.0 (api_login) - INFO - LOGIN FLOW! Just logged-in: False
2021-02-18 11:16:39,264 - instabot version: 0.117.0 (api) - DEBUG - POST to endpoint: feed/timeline/ returned response: <Response [200]>
2021-02-18 11:16:39,912 - instabot version: 0.117.0 (api) - DEBUG - POST to endpoint: feed/reels_tray/ returned response: <Response [200]>
2021-02-18 11:16:39,918 - instabot version: 0.117.0 (api) - INFO - Logged-in successfully as 'psevdoproger'!
2021-02-18 11:16:39,920 - instabot version: 0.117.0 (bot_checkpoint) - DEBUG - Loading Checkpoint file from: C:\Users\proka\iCloudDrive\iCloud~com~omz-software~Pythonista3/config/psevdoproger.checkpoint
2021-02-18 11:16:40,311 - instabot version: 0.117.0 (api) - DEBUG - GET to endpoint: users/psevdoproger/usernameinfo/ returned response: <Response [200]>
2021-02-18 11:16:41,570 - instabot version: 0.117.0 (api) - DEBUG - GET to endpoint: users/45468866234/info/ returned response: <Response [200]>
2021-02-18 11:16:42,084 - instabot version: 0.117.0 (api) - DEBUG - GET to endpoint: friendships/45468866234/following/?max_id=&ig_sig_key_version=4&rank_token=45468866234_9140f426-363f-4b0b-80cf-8b891668158a returned response: <Response [200]>
2021-02-18 11:16:45,563 - instabot version: 0.117.0 (api) - DEBUG - GET to endpoint: feed/tag/python/?max_id=&rank_token=45468866234_9140f426-363f-4b0b-80cf-8b891668158a&ranked_content=true& returned response: <Response [200]>
2021-02-18 11:16:45,595 - instabot version: 0.117.0 (bot_filter) - INFO - Received 85 medias.
2021-02-18 11:16:45,596 - instabot version: 0.117.0 (bot_filter) - INFO - After filtration 0 medias left.
2021-02-18 11:16:49,113 - instabot version: 0.117.0 (api) - DEBUG - GET to endpoint: feed/tag/dev/?max_id=&rank_token=45468866234_9140f426-363f-4b0b-80cf-8b891668158a&ranked_content=true& returned response: <Response [200]>
2021-02-18 11:16:49,152 - instabot version: 0.117.0 (bot_filter) - INFO - Received 86 medias.
2021-02-18 11:16:49,153 - instabot version: 0.117.0 (bot_filter) - INFO - After filtration 0 medias left.
2021-02-18 11:16:52,893 - instabot version: 0.117.0 (api) - DEBUG - GET to endpoint: feed/tag/js/?max_id=&rank_token=45468866234_9140f426-363f-4b0b-80cf-8b891668158a&ranked_content=true& returned response: <Response [200]>
2021-02-18 11:16:52,930 - instabot version: 0.117.0 (bot_filter) - INFO - Received 78 medias.
2021-02-18 11:16:52,931 - instabot version: 0.117.0 (bot_filter) - INFO - After filtration 0 medias left.
2021-02-18 11:16:56,004 - instabot version: 0.117.0 (api) - DEBUG - GET to endpoint: feed/tag/javascript/?max_id=&rank_token=45468866234_9140f426-363f-4b0b-80cf-8b891668158a&ranked_content=true& returned response: <Response [200]>
2021-02-18 11:16:56,033 - instabot version: 0.117.0 (bot_filter) - INFO - Received 84 medias.
2021-02-18 11:16:56,034 - instabot version: 0.117.0 (bot_filter) - INFO - After filtration 0 medias left.
2021-02-18 11:16:58,602 - instabot version: 0.117.0 (api) - DEBUG - GET to endpoint: feed/tag/proger/?max_id=&rank_token=45468866234_9140f426-363f-4b0b-80cf-8b891668158a&ranked_content=true& returned response: <Response [200]>
2021-02-18 11:16:58,627 - instabot version: 0.117.0 (bot_filter) - INFO - Received 86 medias.
2021-02-18 11:16:58,629 - instabot version: 0.117.0 (bot_filter) - INFO - After filtration 0 medias left.
2021-02-18 11:17:01,638 - instabot version: 0.117.0 (api) - DEBUG - GET to endpoint: feed/tag/programming/?max_id=&rank_token=45468866234_9140f426-363f-4b0b-80cf-8b891668158a&ranked_content=true& returned response: <Response [200]>
2021-02-18 11:17:01,668 - instabot version: 0.117.0 (bot_filter) - INFO - Received 83 medias.
2021-02-18 11:17:01,669 - instabot version: 0.117.0 (bot_filter) - INFO - After filtration 0 medias left.
2021-02-18 11:17:05,492 - instabot version: 0.117.0 (api) - DEBUG - GET to endpoint: feed/tag/sport/?max_id=&rank_token=45468866234_9140f426-363f-4b0b-80cf-8b891668158a&ranked_content=true& returned response: <Response [200]>
2021-02-18 11:17:05,532 - instabot version: 0.117.0 (bot_filter) - INFO - Received 84 medias.
2021-02-18 11:17:05,533 - instabot version: 0.117.0 (bot_filter) - INFO - After filtration 0 medias left.
2021-02-18 11:17:09,693 - instabot version: 0.117.0 (api) - DEBUG - GET to endpoint: feed/tag/fitness/?max_id=&rank_token=45468866234_9140f426-363f-4b0b-80cf-8b891668158a&ranked_content=true& returned response: <Response [200]>
2021-02-18 11:17:09,735 - instabot version: 0.117.0 (bot_filter) - INFO - Received 84 medias.
2021-02-18 11:17:09,736 - instabot version: 0.117.0 (bot_filter) - INFO - After filtration 0 medias left.
2021-02-18 11:17:14,517 - instabot version: 0.117.0 (api) - DEBUG - GET to endpoint: feed/tag/classicalmusic/?max_id=&rank_token=45468866234_9140f426-363f-4b0b-80cf-8b891668158a&ranked_content=true& returned response: <Response [200]>
2021-02-18 11:17:14,577 - instabot version: 0.117.0 (bot_filter) - INFO - Received 85 medias.
2021-02-18 11:17:14,579 - instabot version: 0.117.0 (bot_filter) - INFO - After filtration 0 medias left.
2021-02-18 11:17:17,306 - instabot version: 0.117.0 (api) - DEBUG - GET to endpoint: feed/tag/jrock/?max_id=&rank_token=45468866234_9140f426-363f-4b0b-80cf-8b891668158a&ranked_content=true& returned response: <Response [200]>
2021-02-18 11:17:17,332 - instabot version: 0.117.0 (bot_filter) - INFO - Received 86 medias.
2021-02-18 11:17:17,334 - instabot version: 0.117.0 (bot_filter) - INFO - After filtration 0 medias left.
2021-02-18 11:17:21,793 - instabot version: 0.117.0 (api) - DEBUG - GET to endpoint: feed/tag/rock/?max_id=&rank_token=45468866234_9140f426-363f-4b0b-80cf-8b891668158a&ranked_content=true& returned response: <Response [200]>
2021-02-18 11:17:21,834 - instabot version: 0.117.0 (bot_filter) - INFO - Received 84 medias.
2021-02-18 11:17:21,835 - instabot version: 0.117.0 (bot_filter) - INFO - After filtration 0 medias left.
2021-02-18 11:17:26,965 - instabot version: 0.117.0 (api) - DEBUG - GET to endpoint: feed/tag/kpop/?max_id=&rank_token=45468866234_9140f426-363f-4b0b-80cf-8b891668158a&ranked_content=true& returned response: <Response [200]>
2021-02-18 11:17:27,043 - instabot version: 0.117.0 (bot_filter) - INFO - Received 86 medias.
2021-02-18 11:17:27,060 - instabot version: 0.117.0 (bot_filter) - INFO - After filtration 0 medias left.
2021-02-18 11:17:27,129 - instabot version: 0.117.0 (bot_checkpoint) - DEBUG - Saving Checkpoint file to: C:\Users\proka\iCloudDrive\iCloud~com~omz-software~Pythonista3/config/psevdoproger.checkpoint
2021-02-18 11:17:27,131 - instabot version: 0.117.0 (bot) - INFO - Total unfollows: 8/92
2021-02-18 11:17:27,133 - instabot version: 0.117.0 (bot) - INFO - Total requests: 1591
