2021-02-16 10:18:28,701 - instabot version: 0.117.0 (bot) - INFO - Instabot version: 0.117.0 Started
2021-02-16 10:18:28,707 - instabot version: 0.117.0 (bot) - DEBUG - Bot imported from C:\Users\proka\AppData\Local\Programs\Python\Python38-32\lib\site-packages\instabot\bot\bot.py
2021-02-16 10:18:28,721 - instabot version: 0.117.0 (api_login) - DEBUG - Loading cookies
2021-02-16 10:18:28,722 - instabot version: 0.117.0 (api_login) - DEBUG - Loading uuids
2021-02-16 10:18:28,722 - instabot version: 0.117.0 (api_login) - INFO - Recovery from C:\Users\proka\iCloudDrive\iCloud~com~omz-software~Pythonista3/config/psevdoproger_uuid_and_cookie.json: COOKIE True - UUIDs True - TIMING, DEVICE and ...
- user-agent=Instagram 117.0.0.28.123 Android (28/9.0; 420dpi; 1080x1920; OnePlus; ONEPLUS A3003; OnePlus3; qcom; en_US; 180322800)
- phone_id=d9b7b868-1e47-4ad9-a1d5-508c20cbe5ec
- uuid=9140f426-363f-4b0b-80cf-8b891668158a
- client_session_id=0e653618-9c32-4aff-a988-a0bde1b4851e
- device_id=android-48c570bbbb11421b
2021-02-16 10:18:28,758 - instabot version: 0.117.0 (api_login) - INFO - LOGIN FLOW! Just logged-in: False
2021-02-16 10:18:36,591 - instabot version: 0.117.0 (api) - DEBUG - POST to endpoint: feed/timeline/ returned response: <Response [200]>
2021-02-16 10:18:37,304 - instabot version: 0.117.0 (api) - DEBUG - POST to endpoint: feed/reels_tray/ returned response: <Response [200]>
2021-02-16 10:18:37,639 - instabot version: 0.117.0 (api) - DEBUG - POST to endpoint: direct_v2/ranked_recipients/ returned response: <Response [200]>
2021-02-16 10:18:37,939 - instabot version: 0.117.0 (api) - DEBUG - POST to endpoint: direct_v2/ranked_recipients/ returned response: <Response [200]>
2021-02-16 10:18:38,341 - instabot version: 0.117.0 (api) - DEBUG - POST to endpoint: direct_v2/inbox/ returned response: <Response [200]>
2021-02-16 10:18:38,877 - instabot version: 0.117.0 (api) - DEBUG - GET to endpoint: direct_v2/get_presence/ returned response: <Response [200]>
2021-02-16 10:18:39,707 - instabot version: 0.117.0 (api) - DEBUG - GET to endpoint: news/inbox/?limited_activity=true&show_su=true returned response: <Response [200]>
2021-02-16 10:18:39,999 - instabot version: 0.117.0 (api) - DEBUG - GET to endpoint: users/profile_notice/ returned response: <Response [200]>
2021-02-16 10:18:40,309 - instabot version: 0.117.0 (api) - DEBUG - POST to endpoint: discover/explore/ returned response: <Response [200]>
2021-02-16 10:18:40,317 - instabot version: 0.117.0 (api) - INFO - Logged-in successfully as 'psevdoproger'!
2021-02-16 10:18:40,318 - instabot version: 0.117.0 (bot_checkpoint) - DEBUG - Loading Checkpoint file from: C:\Users\proka\iCloudDrive\iCloud~com~omz-software~Pythonista3/config/psevdoproger.checkpoint
2021-02-16 10:18:40,763 - instabot version: 0.117.0 (api) - DEBUG - GET to endpoint: users/psevdoproger/usernameinfo/ returned response: <Response [200]>
2021-02-16 10:18:41,381 - instabot version: 0.117.0 (api) - DEBUG - GET to endpoint: users/45468866234/info/ returned response: <Response [200]>
2021-02-16 10:18:43,159 - instabot version: 0.117.0 (api) - DEBUG - GET to endpoint: friendships/45468866234/following/?max_id=&ig_sig_key_version=4&rank_token=45468866234_9140f426-363f-4b0b-80cf-8b891668158a returned response: <Response [200]>
2021-02-16 10:18:47,082 - instabot version: 0.117.0 (api) - DEBUG - GET to endpoint: feed/tag/python/?max_id=&rank_token=45468866234_9140f426-363f-4b0b-80cf-8b891668158a&ranked_content=true& returned response: <Response [200]>
2021-02-16 10:18:47,125 - instabot version: 0.117.0 (bot_filter) - INFO - Received 80 medias.
2021-02-16 10:18:47,126 - instabot version: 0.117.0 (bot_filter) - INFO - After filtration 0 medias left.
2021-02-16 10:18:51,031 - instabot version: 0.117.0 (api) - DEBUG - GET to endpoint: feed/tag/dev/?max_id=&rank_token=45468866234_9140f426-363f-4b0b-80cf-8b891668158a&ranked_content=true& returned response: <Response [200]>
2021-02-16 10:18:51,070 - instabot version: 0.117.0 (bot_filter) - INFO - Received 86 medias.
2021-02-16 10:18:51,072 - instabot version: 0.117.0 (bot_filter) - INFO - After filtration 2 medias left.
2021-02-16 10:18:54,123 - instabot version: 0.117.0 (api) - DEBUG - GET to endpoint: feed/tag/dev/?max_id=&rank_token=45468866234_9140f426-363f-4b0b-80cf-8b891668158a&ranked_content=true& returned response: <Response [200]>
2021-02-16 10:18:54,160 - instabot version: 0.117.0 (bot_filter) - INFO - Received 86 medias.
2021-02-16 10:18:54,162 - instabot version: 0.117.0 (bot_filter) - INFO - After filtration 2 medias left.
2021-02-16 10:18:58,327 - instabot version: 0.117.0 (api) - DEBUG - GET to endpoint: feed/tag/js/?max_id=&rank_token=45468866234_9140f426-363f-4b0b-80cf-8b891668158a&ranked_content=true& returned response: <Response [200]>
2021-02-16 10:18:58,366 - instabot version: 0.117.0 (bot_filter) - INFO - Received 84 medias.
2021-02-16 10:18:58,375 - instabot version: 0.117.0 (bot_filter) - INFO - After filtration 2 medias left.
2021-02-16 10:19:02,116 - instabot version: 0.117.0 (api) - DEBUG - GET to endpoint: feed/tag/js/?max_id=&rank_token=45468866234_9140f426-363f-4b0b-80cf-8b891668158a&ranked_content=true& returned response: <Response [200]>
2021-02-16 10:19:02,151 - instabot version: 0.117.0 (bot_filter) - INFO - Received 84 medias.
2021-02-16 10:19:02,152 - instabot version: 0.117.0 (bot_filter) - INFO - After filtration 2 medias left.
2021-02-16 10:19:05,652 - instabot version: 0.117.0 (api) - DEBUG - GET to endpoint: feed/tag/javascript/?max_id=&rank_token=45468866234_9140f426-363f-4b0b-80cf-8b891668158a&ranked_content=true& returned response: <Response [200]>
2021-02-16 10:19:05,687 - instabot version: 0.117.0 (bot_filter) - INFO - Received 84 medias.
2021-02-16 10:19:05,689 - instabot version: 0.117.0 (bot_filter) - INFO - After filtration 0 medias left.
2021-02-16 10:19:08,662 - instabot version: 0.117.0 (api) - DEBUG - GET to endpoint: feed/tag/proger/?max_id=&rank_token=45468866234_9140f426-363f-4b0b-80cf-8b891668158a&ranked_content=true& returned response: <Response [200]>
2021-02-16 10:19:08,696 - instabot version: 0.117.0 (bot_filter) - INFO - Received 86 medias.
2021-02-16 10:19:08,697 - instabot version: 0.117.0 (bot_filter) - INFO - After filtration 3 medias left.
2021-02-16 10:19:11,535 - instabot version: 0.117.0 (api) - DEBUG - GET to endpoint: feed/tag/proger/?max_id=&rank_token=45468866234_9140f426-363f-4b0b-80cf-8b891668158a&ranked_content=true& returned response: <Response [200]>
2021-02-16 10:19:11,560 - instabot version: 0.117.0 (bot_filter) - INFO - Received 86 medias.
2021-02-16 10:19:11,562 - instabot version: 0.117.0 (bot_filter) - INFO - After filtration 3 medias left.
2021-02-16 10:19:15,722 - instabot version: 0.117.0 (api) - DEBUG - GET to endpoint: feed/tag/programming/?max_id=&rank_token=45468866234_9140f426-363f-4b0b-80cf-8b891668158a&ranked_content=true& returned response: <Response [200]>
2021-02-16 10:19:15,769 - instabot version: 0.117.0 (bot_filter) - INFO - Received 81 medias.
2021-02-16 10:19:15,770 - instabot version: 0.117.0 (bot_filter) - INFO - After filtration 0 medias left.
2021-02-16 10:19:21,000 - instabot version: 0.117.0 (api) - DEBUG - GET to endpoint: feed/tag/sport/?max_id=&rank_token=45468866234_9140f426-363f-4b0b-80cf-8b891668158a&ranked_content=true& returned response: <Response [200]>
2021-02-16 10:19:21,044 - instabot version: 0.117.0 (bot_filter) - INFO - Received 86 medias.
2021-02-16 10:19:21,045 - instabot version: 0.117.0 (bot_filter) - INFO - After filtration 0 medias left.
2021-02-16 10:19:25,301 - instabot version: 0.117.0 (api) - DEBUG - GET to endpoint: feed/tag/fitness/?max_id=&rank_token=45468866234_9140f426-363f-4b0b-80cf-8b891668158a&ranked_content=true& returned response: <Response [200]>
2021-02-16 10:19:25,336 - instabot version: 0.117.0 (bot_filter) - INFO - Received 84 medias.
2021-02-16 10:19:25,337 - instabot version: 0.117.0 (bot_filter) - INFO - After filtration 1 medias left.
2021-02-16 10:19:28,930 - instabot version: 0.117.0 (api) - DEBUG - GET to endpoint: feed/tag/fitness/?max_id=&rank_token=45468866234_9140f426-363f-4b0b-80cf-8b891668158a&ranked_content=true& returned response: <Response [200]>
2021-02-16 10:19:29,005 - instabot version: 0.117.0 (bot_filter) - INFO - Received 83 medias.
2021-02-16 10:19:29,006 - instabot version: 0.117.0 (bot_filter) - INFO - After filtration 1 medias left.
2021-02-16 10:19:33,608 - instabot version: 0.117.0 (api) - DEBUG - GET to endpoint: feed/tag/classicalmusic/?max_id=&rank_token=45468866234_9140f426-363f-4b0b-80cf-8b891668158a&ranked_content=true& returned response: <Response [200]>
2021-02-16 10:19:33,657 - instabot version: 0.117.0 (bot_filter) - INFO - Received 86 medias.
2021-02-16 10:19:33,658 - instabot version: 0.117.0 (bot_filter) - INFO - After filtration 1 medias left.
2021-02-16 10:19:37,625 - instabot version: 0.117.0 (api) - DEBUG - GET to endpoint: feed/tag/classicalmusic/?max_id=&rank_token=45468866234_9140f426-363f-4b0b-80cf-8b891668158a&ranked_content=true& returned response: <Response [200]>
2021-02-16 10:19:37,672 - instabot version: 0.117.0 (bot_filter) - INFO - Received 86 medias.
2021-02-16 10:19:37,674 - instabot version: 0.117.0 (bot_filter) - INFO - After filtration 1 medias left.
2021-02-16 10:19:41,198 - instabot version: 0.117.0 (api) - DEBUG - GET to endpoint: feed/tag/jrock/?max_id=&rank_token=45468866234_9140f426-363f-4b0b-80cf-8b891668158a&ranked_content=true& returned response: <Response [200]>
2021-02-16 10:19:41,240 - instabot version: 0.117.0 (bot_filter) - INFO - Received 86 medias.
2021-02-16 10:19:41,241 - instabot version: 0.117.0 (bot_filter) - INFO - After filtration 3 medias left.
2021-02-16 10:19:44,178 - instabot version: 0.117.0 (api) - DEBUG - GET to endpoint: feed/tag/jrock/?max_id=&rank_token=45468866234_9140f426-363f-4b0b-80cf-8b891668158a&ranked_content=true& returned response: <Response [200]>
2021-02-16 10:19:44,215 - instabot version: 0.117.0 (bot_filter) - INFO - Received 86 medias.
2021-02-16 10:19:44,216 - instabot version: 0.117.0 (bot_filter) - INFO - After filtration 3 medias left.
2021-02-16 10:19:48,027 - instabot version: 0.117.0 (api) - DEBUG - GET to endpoint: feed/tag/rock/?max_id=&rank_token=45468866234_9140f426-363f-4b0b-80cf-8b891668158a&ranked_content=true& returned response: <Response [200]>
2021-02-16 10:19:48,065 - instabot version: 0.117.0 (bot_filter) - INFO - Received 84 medias.
2021-02-16 10:19:48,066 - instabot version: 0.117.0 (bot_filter) - INFO - After filtration 0 medias left.
2021-02-16 10:19:53,890 - instabot version: 0.117.0 (api) - DEBUG - GET to endpoint: feed/tag/kpop/?max_id=&rank_token=45468866234_9140f426-363f-4b0b-80cf-8b891668158a&ranked_content=true& returned response: <Response [200]>
2021-02-16 10:19:53,937 - instabot version: 0.117.0 (bot_filter) - INFO - Received 86 medias.
2021-02-16 10:19:53,938 - instabot version: 0.117.0 (bot_filter) - INFO - After filtration 0 medias left.
2021-02-16 10:20:38,306 - instabot version: 0.117.0 (api) - DEBUG - GET to endpoint: media/2510180078630068017_7768445172/info/ returned response: <Response [200]>
2021-02-16 10:20:38,314 - instabot version: 0.117.0 (bot_checkpoint) - DEBUG - Saving Checkpoint file to: C:\Users\proka\iCloudDrive\iCloud~com~omz-software~Pythonista3/config/psevdoproger.checkpoint
2021-02-16 10:20:38,317 - instabot version: 0.117.0 (bot) - INFO - Total follows: 4/59
2021-02-16 10:20:38,318 - instabot version: 0.117.0 (bot) - INFO - Total unfollows: 3/57
2021-02-16 10:20:38,319 - instabot version: 0.117.0 (bot) - INFO - Total requests: 701
