2021-02-18 12:12:39,759 - instabot version: 0.117.0 (bot) - INFO - Instabot version: 0.117.0 Started
2021-02-18 12:12:39,766 - instabot version: 0.117.0 (bot) - DEBUG - Bot imported from C:\Users\proka\AppData\Local\Programs\Python\Python38-32\lib\site-packages\instabot\bot\bot.py
2021-02-18 12:12:39,767 - instabot version: 0.117.0 (api_login) - DEBUG - Loading cookies
2021-02-18 12:12:39,768 - instabot version: 0.117.0 (api_login) - DEBUG - Loading uuids
2021-02-18 12:12:39,769 - instabot version: 0.117.0 (api_login) - INFO - Recovery from C:\Users\proka\iCloudDrive\iCloud~com~omz-software~Pythonista3/config/psevdoproger_uuid_and_cookie.json: COOKIE True - UUIDs True - TIMING, DEVICE and ...
- user-agent=Instagram 117.0.0.28.123 Android (28/9.0; 420dpi; 1080x1920; OnePlus; ONEPLUS A3003; OnePlus3; qcom; en_US; 180322800)
- phone_id=d9b7b868-1e47-4ad9-a1d5-508c20cbe5ec
- uuid=9140f426-363f-4b0b-80cf-8b891668158a
- client_session_id=d0b1d1bf-3cdb-4991-86b0-7d61660854f1
- device_id=android-48c570bbbb11421b
2021-02-18 12:12:39,949 - instabot version: 0.117.0 (api_login) - INFO - LOGIN FLOW! Just logged-in: False
2021-02-18 12:12:41,666 - instabot version: 0.117.0 (api) - DEBUG - POST to endpoint: feed/timeline/ returned response: <Response [200]>
2021-02-18 12:12:42,455 - instabot version: 0.117.0 (api) - DEBUG - POST to endpoint: feed/reels_tray/ returned response: <Response [200]>
2021-02-18 12:12:42,462 - instabot version: 0.117.0 (api) - INFO - Logged-in successfully as 'psevdoproger'!
2021-02-18 12:12:42,464 - instabot version: 0.117.0 (bot_checkpoint) - DEBUG - Loading Checkpoint file from: C:\Users\proka\iCloudDrive\iCloud~com~omz-software~Pythonista3/config/psevdoproger.checkpoint
2021-02-18 12:12:43,018 - instabot version: 0.117.0 (api) - DEBUG - GET to endpoint: users/psevdoproger/usernameinfo/ returned response: <Response [200]>
2021-02-18 12:12:43,774 - instabot version: 0.117.0 (api) - DEBUG - GET to endpoint: users/45468866234/info/ returned response: <Response [200]>
2021-02-18 12:12:44,280 - instabot version: 0.117.0 (api) - DEBUG - GET to endpoint: friendships/45468866234/following/?max_id=&ig_sig_key_version=4&rank_token=45468866234_9140f426-363f-4b0b-80cf-8b891668158a returned response: <Response [200]>
2021-02-18 12:12:47,732 - instabot version: 0.117.0 (api) - DEBUG - GET to endpoint: feed/tag/python/?max_id=&rank_token=45468866234_9140f426-363f-4b0b-80cf-8b891668158a&ranked_content=true& returned response: <Response [200]>
2021-02-18 12:12:47,776 - instabot version: 0.117.0 (bot_filter) - INFO - Received 82 medias.
2021-02-18 12:12:47,777 - instabot version: 0.117.0 (bot_filter) - INFO - After filtration 0 medias left.
2021-02-18 12:12:52,348 - instabot version: 0.117.0 (api) - DEBUG - GET to endpoint: feed/tag/dev/?max_id=&rank_token=45468866234_9140f426-363f-4b0b-80cf-8b891668158a&ranked_content=true& returned response: <Response [200]>
2021-02-18 12:12:52,395 - instabot version: 0.117.0 (bot_filter) - INFO - Received 86 medias.
2021-02-18 12:12:52,396 - instabot version: 0.117.0 (bot_filter) - INFO - After filtration 0 medias left.
2021-02-18 12:12:57,870 - instabot version: 0.117.0 (bot_checkpoint) - DEBUG - Saving Checkpoint file to: C:\Users\proka\iCloudDrive\iCloud~com~omz-software~Pythonista3/config/psevdoproger.checkpoint
2021-02-18 12:12:57,871 - instabot version: 0.117.0 (bot) - INFO - Total unfollows: 12/98
2021-02-18 12:12:57,987 - instabot version: 0.117.0 (bot) - INFO - Total requests: 1789
