2021-02-18 10:20:06,712 - instabot version: 0.117.0 (bot) - INFO - Instabot version: 0.117.0 Started
2021-02-18 10:20:06,717 - instabot version: 0.117.0 (bot) - DEBUG - Bot imported from C:\Users\proka\AppData\Local\Programs\Python\Python38-32\lib\site-packages\instabot\bot\bot.py
2021-02-18 10:20:06,719 - instabot version: 0.117.0 (api_login) - DEBUG - Loading cookies
2021-02-18 10:20:06,720 - instabot version: 0.117.0 (api_login) - DEBUG - Loading uuids
2021-02-18 10:20:06,720 - instabot version: 0.117.0 (api_login) - INFO - Recovery from C:\Users\proka\iCloudDrive\iCloud~com~omz-software~Pythonista3/config/psevdoproger_uuid_and_cookie.json: COOKIE True - UUIDs True - TIMING, DEVICE and ...
- user-agent=Instagram 117.0.0.28.123 Android (28/9.0; 420dpi; 1080x1920; OnePlus; ONEPLUS A3003; OnePlus3; qcom; en_US; 180322800)
- phone_id=d9b7b868-1e47-4ad9-a1d5-508c20cbe5ec
- uuid=9140f426-363f-4b0b-80cf-8b891668158a
- client_session_id=118484ae-8420-4833-9907-88a8879cf204
- device_id=android-48c570bbbb11421b
2021-02-18 10:20:06,747 - instabot version: 0.117.0 (api_login) - INFO - LOGIN FLOW! Just logged-in: False
2021-02-18 10:20:08,377 - instabot version: 0.117.0 (api) - DEBUG - POST to endpoint: feed/timeline/ returned response: <Response [200]>
2021-02-18 10:20:09,262 - instabot version: 0.117.0 (api) - DEBUG - POST to endpoint: feed/reels_tray/ returned response: <Response [200]>
2021-02-18 10:20:09,269 - instabot version: 0.117.0 (api) - INFO - Logged-in successfully as 'psevdoproger'!
2021-02-18 10:20:09,297 - instabot version: 0.117.0 (bot_checkpoint) - DEBUG - Loading Checkpoint file from: C:\Users\proka\iCloudDrive\iCloud~com~omz-software~Pythonista3/config/psevdoproger.checkpoint
2021-02-18 10:20:09,834 - instabot version: 0.117.0 (api) - DEBUG - GET to endpoint: users/psevdoproger/usernameinfo/ returned response: <Response [200]>
2021-02-18 10:20:10,868 - instabot version: 0.117.0 (api) - DEBUG - GET to endpoint: users/45468866234/info/ returned response: <Response [200]>
2021-02-18 10:20:11,304 - instabot version: 0.117.0 (api) - DEBUG - GET to endpoint: friendships/45468866234/following/?max_id=&ig_sig_key_version=4&rank_token=45468866234_9140f426-363f-4b0b-80cf-8b891668158a returned response: <Response [200]>
2021-02-18 10:20:11,336 - instabot version: 0.117.0 (bot_unfollow) - INFO - Unfollowing non-followers.
2021-02-18 10:20:12,407 - instabot version: 0.117.0 (api) - DEBUG - GET to endpoint: users/45468866234/info/ returned response: <Response [200]>
2021-02-18 10:20:12,909 - instabot version: 0.117.0 (api) - DEBUG - GET to endpoint: friendships/45468866234/following/?max_id=&ig_sig_key_version=4&rank_token=45468866234_9140f426-363f-4b0b-80cf-8b891668158a returned response: <Response [200]>
2021-02-18 10:20:13,333 - instabot version: 0.117.0 (api) - DEBUG - GET to endpoint: users/45468866234/info/ returned response: <Response [200]>
2021-02-18 10:20:13,725 - instabot version: 0.117.0 (api) - DEBUG - GET to endpoint: friendships/45468866234/followers/?rank_token=45468866234_9140f426-363f-4b0b-80cf-8b891668158a returned response: <Response [200]>
2021-02-18 10:20:14,226 - instabot version: 0.117.0 (api) - DEBUG - GET to endpoint: users/3483698130/info/ returned response: <Response [200]>
2021-02-18 10:20:14,227 - instabot version: 0.117.0 (bot_unfollow) - INFO - Going to unfollow `user_id` 3483698130 with username impactqa.
2021-02-18 10:20:17,273 - instabot version: 0.117.0 (api) - DEBUG - POST to endpoint: friendships/destroy/3483698130/ returned response: <Response [200]>
2021-02-18 10:20:17,273 - instabot version: 0.117.0 (bot_unfollow) - INFO - Unfollowed `user_id` 3483698130 with username impactqa
2021-02-18 10:20:18,416 - instabot version: 0.117.0 (api) - DEBUG - GET to endpoint: users/44800503199/info/ returned response: <Response [200]>
2021-02-18 10:20:18,417 - instabot version: 0.117.0 (bot_unfollow) - INFO - Going to unfollow `user_id` 44800503199 with username yazilimcirehberi_.
2021-02-18 10:27:58,796 - instabot version: 0.117.0 (api) - DEBUG - POST to endpoint: friendships/destroy/44800503199/ returned response: <Response [200]>
2021-02-18 10:27:58,797 - instabot version: 0.117.0 (bot_unfollow) - INFO - Unfollowed `user_id` 44800503199 with username yazilimcirehberi_
2021-02-18 10:27:59,358 - instabot version: 0.117.0 (api) - DEBUG - GET to endpoint: users/45468866234/info/ returned response: <Response [200]>
2021-02-18 10:28:00,306 - instabot version: 0.117.0 (api) - DEBUG - GET to endpoint: friendships/45468866234/following/?max_id=&ig_sig_key_version=4&rank_token=45468866234_9140f426-363f-4b0b-80cf-8b891668158a returned response: <Response [200]>
2021-02-18 10:28:01,157 - instabot version: 0.117.0 (api) - DEBUG - GET to endpoint: feed/user/8375116447/?max_id=&min_timestamp=None&rank_token=45468866234_9140f426-363f-4b0b-80cf-8b891668158a&ranked_content=true returned response: <Response [200]>
2021-02-18 10:28:01,167 - instabot version: 0.117.0 (bot_filter) - INFO - Received 18 medias.
2021-02-18 10:28:01,168 - instabot version: 0.117.0 (bot_filter) - INFO - After filtration 1 medias left.
2021-02-18 10:28:02,156 - instabot version: 0.117.0 (api) - DEBUG - GET to endpoint: feed/user/8375116447/?max_id=&min_timestamp=None&rank_token=45468866234_9140f426-363f-4b0b-80cf-8b891668158a&ranked_content=true returned response: <Response [200]>
2021-02-18 10:28:02,162 - instabot version: 0.117.0 (bot_filter) - INFO - Received 18 medias.
2021-02-18 10:28:02,163 - instabot version: 0.117.0 (bot_filter) - INFO - After filtration 1 medias left.
2021-02-18 10:28:02,596 - instabot version: 0.117.0 (api) - DEBUG - GET to endpoint: feed/user/11568730559/?max_id=&min_timestamp=None&rank_token=45468866234_9140f426-363f-4b0b-80cf-8b891668158a&ranked_content=true returned response: <Response [200]>
2021-02-18 10:28:02,599 - instabot version: 0.117.0 (bot_filter) - INFO - Received 12 medias.
2021-02-18 10:28:02,600 - instabot version: 0.117.0 (bot_filter) - INFO - After filtration 0 medias left.
2021-02-18 10:28:03,112 - instabot version: 0.117.0 (api) - DEBUG - GET to endpoint: feed/user/28090809640/?max_id=&min_timestamp=None&rank_token=45468866234_9140f426-363f-4b0b-80cf-8b891668158a&ranked_content=true returned response: <Response [200]>
2021-02-18 10:28:03,116 - instabot version: 0.117.0 (bot_filter) - INFO - Received 12 medias.
2021-02-18 10:28:03,118 - instabot version: 0.117.0 (bot_filter) - INFO - After filtration 0 medias left.
2021-02-18 10:28:03,421 - instabot version: 0.117.0 (api) - DEBUG - GET to endpoint: feed/user/6332838481/?max_id=&min_timestamp=None&rank_token=45468866234_9140f426-363f-4b0b-80cf-8b891668158a&ranked_content=true returned response: <Response [200]>
2021-02-18 10:28:03,421 - instabot version: 0.117.0 (bot_filter) - INFO - Received 0 medias.
2021-02-18 10:28:03,422 - instabot version: 0.117.0 (bot_filter) - INFO - After filtration 0 medias left.
2021-02-18 10:28:04,629 - instabot version: 0.117.0 (api) - DEBUG - GET to endpoint: feed/user/9883255273/?max_id=&min_timestamp=None&rank_token=45468866234_9140f426-363f-4b0b-80cf-8b891668158a&ranked_content=true returned response: <Response [200]>
2021-02-18 10:28:04,643 - instabot version: 0.117.0 (bot_filter) - INFO - Received 35 medias.
2021-02-18 10:28:04,644 - instabot version: 0.117.0 (bot_filter) - INFO - After filtration 0 medias left.
2021-02-18 10:28:05,127 - instabot version: 0.117.0 (api) - DEBUG - GET to endpoint: feed/user/12067816655/?max_id=&min_timestamp=None&rank_token=45468866234_9140f426-363f-4b0b-80cf-8b891668158a&ranked_content=true returned response: <Response [200]>
2021-02-18 10:28:05,129 - instabot version: 0.117.0 (bot_filter) - INFO - Received 5 medias.
2021-02-18 10:28:05,130 - instabot version: 0.117.0 (bot_filter) - INFO - After filtration 0 medias left.
2021-02-18 10:28:06,137 - instabot version: 0.117.0 (api) - DEBUG - GET to endpoint: feed/user/45426233253/?max_id=&min_timestamp=None&rank_token=45468866234_9140f426-363f-4b0b-80cf-8b891668158a&ranked_content=true returned response: <Response [200]>
2021-02-18 10:28:06,151 - instabot version: 0.117.0 (bot_filter) - INFO - Received 18 medias.
2021-02-18 10:28:06,152 - instabot version: 0.117.0 (bot_filter) - INFO - After filtration 0 medias left.
2021-02-18 10:28:06,808 - instabot version: 0.117.0 (api) - DEBUG - GET to endpoint: feed/user/1431724849/?max_id=&min_timestamp=None&rank_token=45468866234_9140f426-363f-4b0b-80cf-8b891668158a&ranked_content=true returned response: <Response [200]>
2021-02-18 10:28:06,817 - instabot version: 0.117.0 (bot_filter) - INFO - Received 12 medias.
2021-02-18 10:28:06,818 - instabot version: 0.117.0 (bot_filter) - INFO - After filtration 0 medias left.
2021-02-18 10:28:07,389 - instabot version: 0.117.0 (api) - DEBUG - GET to endpoint: feed/user/3001006101/?max_id=&min_timestamp=None&rank_token=45468866234_9140f426-363f-4b0b-80cf-8b891668158a&ranked_content=true returned response: <Response [200]>
2021-02-18 10:28:07,395 - instabot version: 0.117.0 (bot_filter) - INFO - Received 12 medias.
2021-02-18 10:28:07,396 - instabot version: 0.117.0 (bot_filter) - INFO - After filtration 0 medias left.
2021-02-18 10:28:08,129 - instabot version: 0.117.0 (api) - DEBUG - GET to endpoint: feed/user/8341907421/?max_id=&min_timestamp=None&rank_token=45468866234_9140f426-363f-4b0b-80cf-8b891668158a&ranked_content=true returned response: <Response [200]>
2021-02-18 10:28:08,136 - instabot version: 0.117.0 (bot_filter) - INFO - Received 12 medias.
2021-02-18 10:28:08,137 - instabot version: 0.117.0 (bot_filter) - INFO - After filtration 0 medias left.
2021-02-18 10:28:08,695 - instabot version: 0.117.0 (api) - DEBUG - GET to endpoint: feed/user/1750838283/?max_id=&min_timestamp=None&rank_token=45468866234_9140f426-363f-4b0b-80cf-8b891668158a&ranked_content=true returned response: <Response [200]>
2021-02-18 10:28:08,700 - instabot version: 0.117.0 (bot_filter) - INFO - Received 12 medias.
2021-02-18 10:28:08,702 - instabot version: 0.117.0 (bot_filter) - INFO - After filtration 0 medias left.
2021-02-18 10:28:09,111 - instabot version: 0.117.0 (api) - DEBUG - GET to endpoint: feed/user/8316593356/?max_id=&min_timestamp=None&rank_token=45468866234_9140f426-363f-4b0b-80cf-8b891668158a&ranked_content=true returned response: <Response [200]>
2021-02-18 10:28:09,115 - instabot version: 0.117.0 (bot_filter) - INFO - Received 12 medias.
2021-02-18 10:28:09,116 - instabot version: 0.117.0 (bot_filter) - INFO - After filtration 0 medias left.
2021-02-18 10:28:09,535 - instabot version: 0.117.0 (api) - DEBUG - GET to endpoint: feed/user/8317207842/?max_id=&min_timestamp=None&rank_token=45468866234_9140f426-363f-4b0b-80cf-8b891668158a&ranked_content=true returned response: <Response [200]>
2021-02-18 10:28:09,538 - instabot version: 0.117.0 (bot_filter) - INFO - Received 12 medias.
2021-02-18 10:28:09,539 - instabot version: 0.117.0 (bot_filter) - INFO - After filtration 0 medias left.
2021-02-18 10:28:10,010 - instabot version: 0.117.0 (api) - DEBUG - GET to endpoint: feed/user/4124563134/?max_id=&min_timestamp=None&rank_token=45468866234_9140f426-363f-4b0b-80cf-8b891668158a&ranked_content=true returned response: <Response [200]>
2021-02-18 10:28:10,013 - instabot version: 0.117.0 (bot_filter) - INFO - Received 12 medias.
2021-02-18 10:28:10,015 - instabot version: 0.117.0 (bot_filter) - INFO - After filtration 0 medias left.
2021-02-18 10:28:10,428 - instabot version: 0.117.0 (api) - DEBUG - GET to endpoint: feed/user/3218467572/?max_id=&min_timestamp=None&rank_token=45468866234_9140f426-363f-4b0b-80cf-8b891668158a&ranked_content=true returned response: <Response [200]>
2021-02-18 10:28:10,430 - instabot version: 0.117.0 (bot_filter) - INFO - Received 12 medias.
2021-02-18 10:28:10,432 - instabot version: 0.117.0 (bot_filter) - INFO - After filtration 0 medias left.
2021-02-18 10:28:10,884 - instabot version: 0.117.0 (api) - DEBUG - GET to endpoint: feed/user/8415424454/?max_id=&min_timestamp=None&rank_token=45468866234_9140f426-363f-4b0b-80cf-8b891668158a&ranked_content=true returned response: <Response [200]>
2021-02-18 10:28:10,887 - instabot version: 0.117.0 (bot_filter) - INFO - Received 12 medias.
2021-02-18 10:28:10,889 - instabot version: 0.117.0 (bot_filter) - INFO - After filtration 0 medias left.
2021-02-18 10:28:11,413 - instabot version: 0.117.0 (api) - DEBUG - GET to endpoint: feed/user/26038919389/?max_id=&min_timestamp=None&rank_token=45468866234_9140f426-363f-4b0b-80cf-8b891668158a&ranked_content=true returned response: <Response [200]>
2021-02-18 10:28:11,418 - instabot version: 0.117.0 (bot_filter) - INFO - Received 18 medias.
2021-02-18 10:28:11,419 - instabot version: 0.117.0 (bot_filter) - INFO - After filtration 0 medias left.
2021-02-18 10:28:12,421 - instabot version: 0.117.0 (api) - DEBUG - GET to endpoint: feed/user/28614348239/?max_id=&min_timestamp=None&rank_token=45468866234_9140f426-363f-4b0b-80cf-8b891668158a&ranked_content=true returned response: <Response [200]>
2021-02-18 10:28:12,429 - instabot version: 0.117.0 (bot_filter) - INFO - Received 12 medias.
2021-02-18 10:28:12,430 - instabot version: 0.117.0 (bot_filter) - INFO - After filtration 0 medias left.
2021-02-18 10:28:13,264 - instabot version: 0.117.0 (api) - DEBUG - GET to endpoint: feed/user/9455084983/?max_id=&min_timestamp=None&rank_token=45468866234_9140f426-363f-4b0b-80cf-8b891668158a&ranked_content=true returned response: <Response [200]>
2021-02-18 10:28:13,279 - instabot version: 0.117.0 (bot_filter) - INFO - Received 12 medias.
2021-02-18 10:28:13,280 - instabot version: 0.117.0 (bot_filter) - INFO - After filtration 0 medias left.
2021-02-18 10:28:13,726 - instabot version: 0.117.0 (api) - DEBUG - GET to endpoint: feed/user/7097506766/?max_id=&min_timestamp=None&rank_token=45468866234_9140f426-363f-4b0b-80cf-8b891668158a&ranked_content=true returned response: <Response [200]>
2021-02-18 10:28:13,730 - instabot version: 0.117.0 (bot_filter) - INFO - Received 12 medias.
2021-02-18 10:28:13,731 - instabot version: 0.117.0 (bot_filter) - INFO - After filtration 0 medias left.
2021-02-18 10:28:14,685 - instabot version: 0.117.0 (api) - DEBUG - GET to endpoint: feed/user/43691184526/?max_id=&min_timestamp=None&rank_token=45468866234_9140f426-363f-4b0b-80cf-8b891668158a&ranked_content=true returned response: <Response [200]>
2021-02-18 10:28:14,698 - instabot version: 0.117.0 (bot_filter) - INFO - Received 18 medias.
2021-02-18 10:28:14,699 - instabot version: 0.117.0 (bot_filter) - INFO - After filtration 0 medias left.
2021-02-18 10:28:15,438 - instabot version: 0.117.0 (api) - DEBUG - GET to endpoint: feed/user/9773476139/?max_id=&min_timestamp=None&rank_token=45468866234_9140f426-363f-4b0b-80cf-8b891668158a&ranked_content=true returned response: <Response [200]>
2021-02-18 10:28:15,448 - instabot version: 0.117.0 (bot_filter) - INFO - Received 18 medias.
2021-02-18 10:28:15,449 - instabot version: 0.117.0 (bot_filter) - INFO - After filtration 0 medias left.
2021-02-18 10:28:16,155 - instabot version: 0.117.0 (api) - DEBUG - GET to endpoint: feed/user/4513130586/?max_id=&min_timestamp=None&rank_token=45468866234_9140f426-363f-4b0b-80cf-8b891668158a&ranked_content=true returned response: <Response [200]>
2021-02-18 10:28:16,163 - instabot version: 0.117.0 (bot_filter) - INFO - Received 18 medias.
2021-02-18 10:28:16,164 - instabot version: 0.117.0 (bot_filter) - INFO - After filtration 0 medias left.
2021-02-18 10:28:16,708 - instabot version: 0.117.0 (api) - DEBUG - GET to endpoint: feed/user/6894466143/?max_id=&min_timestamp=None&rank_token=45468866234_9140f426-363f-4b0b-80cf-8b891668158a&ranked_content=true returned response: <Response [200]>
2021-02-18 10:28:16,714 - instabot version: 0.117.0 (bot_filter) - INFO - Received 18 medias.
2021-02-18 10:28:16,715 - instabot version: 0.117.0 (bot_filter) - INFO - After filtration 0 medias left.
2021-02-18 10:28:17,444 - instabot version: 0.117.0 (api) - DEBUG - GET to endpoint: feed/user/35860305945/?max_id=&min_timestamp=None&rank_token=45468866234_9140f426-363f-4b0b-80cf-8b891668158a&ranked_content=true returned response: <Response [200]>
2021-02-18 10:28:17,461 - instabot version: 0.117.0 (bot_filter) - INFO - Received 18 medias.
2021-02-18 10:28:17,462 - instabot version: 0.117.0 (bot_filter) - INFO - After filtration 0 medias left.
2021-02-18 10:28:17,949 - instabot version: 0.117.0 (api) - DEBUG - GET to endpoint: feed/user/44980083590/?max_id=&min_timestamp=None&rank_token=45468866234_9140f426-363f-4b0b-80cf-8b891668158a&ranked_content=true returned response: <Response [200]>
2021-02-18 10:28:17,955 - instabot version: 0.117.0 (bot_filter) - INFO - Received 18 medias.
2021-02-18 10:28:17,956 - instabot version: 0.117.0 (bot_filter) - INFO - After filtration 0 medias left.
2021-02-18 10:28:18,917 - instabot version: 0.117.0 (api) - DEBUG - GET to endpoint: feed/user/44822754343/?max_id=&min_timestamp=None&rank_token=45468866234_9140f426-363f-4b0b-80cf-8b891668158a&ranked_content=true returned response: <Response [200]>
2021-02-18 10:28:18,928 - instabot version: 0.117.0 (bot_filter) - INFO - Received 18 medias.
2021-02-18 10:28:18,929 - instabot version: 0.117.0 (bot_filter) - INFO - After filtration 0 medias left.
2021-02-18 10:28:19,497 - instabot version: 0.117.0 (api) - DEBUG - GET to endpoint: feed/user/44831972980/?max_id=&min_timestamp=None&rank_token=45468866234_9140f426-363f-4b0b-80cf-8b891668158a&ranked_content=true returned response: <Response [200]>
2021-02-18 10:28:19,501 - instabot version: 0.117.0 (bot_filter) - INFO - Received 18 medias.
2021-02-18 10:28:19,502 - instabot version: 0.117.0 (bot_filter) - INFO - After filtration 0 medias left.
2021-02-18 10:28:20,160 - instabot version: 0.117.0 (api) - DEBUG - GET to endpoint: feed/user/4044417560/?max_id=&min_timestamp=None&rank_token=45468866234_9140f426-363f-4b0b-80cf-8b891668158a&ranked_content=true returned response: <Response [200]>
2021-02-18 10:28:20,174 - instabot version: 0.117.0 (bot_filter) - INFO - Received 18 medias.
2021-02-18 10:28:20,175 - instabot version: 0.117.0 (bot_filter) - INFO - After filtration 0 medias left.
2021-02-18 10:28:21,333 - instabot version: 0.117.0 (api) - DEBUG - GET to endpoint: feed/user/40924321026/?max_id=&min_timestamp=None&rank_token=45468866234_9140f426-363f-4b0b-80cf-8b891668158a&ranked_content=true returned response: <Response [200]>
2021-02-18 10:28:21,344 - instabot version: 0.117.0 (bot_filter) - INFO - Received 18 medias.
2021-02-18 10:28:21,345 - instabot version: 0.117.0 (bot_filter) - INFO - After filtration 1 medias left.
2021-02-18 10:28:22,110 - instabot version: 0.117.0 (api) - DEBUG - GET to endpoint: feed/user/40924321026/?max_id=&min_timestamp=None&rank_token=45468866234_9140f426-363f-4b0b-80cf-8b891668158a&ranked_content=true returned response: <Response [200]>
2021-02-18 10:28:22,120 - instabot version: 0.117.0 (bot_filter) - INFO - Received 18 medias.
2021-02-18 10:28:22,121 - instabot version: 0.117.0 (bot_filter) - INFO - After filtration 1 medias left.
2021-02-18 10:28:22,651 - instabot version: 0.117.0 (api) - DEBUG - GET to endpoint: feed/user/5580324684/?max_id=&min_timestamp=None&rank_token=45468866234_9140f426-363f-4b0b-80cf-8b891668158a&ranked_content=true returned response: <Response [200]>
2021-02-18 10:28:22,656 - instabot version: 0.117.0 (bot_filter) - INFO - Received 18 medias.
2021-02-18 10:28:22,657 - instabot version: 0.117.0 (bot_filter) - INFO - After filtration 2 medias left.
2021-02-18 10:28:23,487 - instabot version: 0.117.0 (api) - DEBUG - GET to endpoint: feed/user/5580324684/?max_id=&min_timestamp=None&rank_token=45468866234_9140f426-363f-4b0b-80cf-8b891668158a&ranked_content=true returned response: <Response [200]>
2021-02-18 10:28:23,492 - instabot version: 0.117.0 (bot_filter) - INFO - Received 18 medias.
2021-02-18 10:28:23,493 - instabot version: 0.117.0 (bot_filter) - INFO - After filtration 2 medias left.
2021-02-18 10:28:24,565 - instabot version: 0.117.0 (api) - DEBUG - GET to endpoint: feed/user/2075059173/?max_id=&min_timestamp=None&rank_token=45468866234_9140f426-363f-4b0b-80cf-8b891668158a&ranked_content=true returned response: <Response [200]>
2021-02-18 10:28:24,573 - instabot version: 0.117.0 (bot_filter) - INFO - Received 18 medias.
2021-02-18 10:28:24,574 - instabot version: 0.117.0 (bot_filter) - INFO - After filtration 0 medias left.
2021-02-18 10:28:25,297 - instabot version: 0.117.0 (api) - DEBUG - GET to endpoint: feed/user/31613613202/?max_id=&min_timestamp=None&rank_token=45468866234_9140f426-363f-4b0b-80cf-8b891668158a&ranked_content=true returned response: <Response [200]>
2021-02-18 10:28:25,302 - instabot version: 0.117.0 (bot_filter) - INFO - Received 18 medias.
2021-02-18 10:28:25,304 - instabot version: 0.117.0 (bot_filter) - INFO - After filtration 1 medias left.
2021-02-18 10:28:25,847 - instabot version: 0.117.0 (api) - DEBUG - GET to endpoint: feed/user/31613613202/?max_id=&min_timestamp=None&rank_token=45468866234_9140f426-363f-4b0b-80cf-8b891668158a&ranked_content=true returned response: <Response [200]>
2021-02-18 10:28:25,852 - instabot version: 0.117.0 (bot_filter) - INFO - Received 18 medias.
2021-02-18 10:28:25,853 - instabot version: 0.117.0 (bot_filter) - INFO - After filtration 1 medias left.
2021-02-18 10:28:26,319 - instabot version: 0.117.0 (api) - DEBUG - GET to endpoint: feed/user/44737054165/?max_id=&min_timestamp=None&rank_token=45468866234_9140f426-363f-4b0b-80cf-8b891668158a&ranked_content=true returned response: <Response [200]>
2021-02-18 10:28:26,324 - instabot version: 0.117.0 (bot_filter) - INFO - Received 18 medias.
2021-02-18 10:28:26,325 - instabot version: 0.117.0 (bot_filter) - INFO - After filtration 0 medias left.
2021-02-18 10:28:27,158 - instabot version: 0.117.0 (api) - DEBUG - GET to endpoint: feed/user/45068219964/?max_id=&min_timestamp=None&rank_token=45468866234_9140f426-363f-4b0b-80cf-8b891668158a&ranked_content=true returned response: <Response [200]>
2021-02-18 10:28:27,168 - instabot version: 0.117.0 (bot_filter) - INFO - Received 18 medias.
2021-02-18 10:28:27,170 - instabot version: 0.117.0 (bot_filter) - INFO - After filtration 2 medias left.
2021-02-18 10:28:27,910 - instabot version: 0.117.0 (api) - DEBUG - GET to endpoint: feed/user/45068219964/?max_id=&min_timestamp=None&rank_token=45468866234_9140f426-363f-4b0b-80cf-8b891668158a&ranked_content=true returned response: <Response [200]>
2021-02-18 10:28:27,920 - instabot version: 0.117.0 (bot_filter) - INFO - Received 18 medias.
2021-02-18 10:28:27,921 - instabot version: 0.117.0 (bot_filter) - INFO - After filtration 2 medias left.
2021-02-18 10:28:29,002 - instabot version: 0.117.0 (api) - DEBUG - GET to endpoint: feed/user/44748846021/?max_id=&min_timestamp=None&rank_token=45468866234_9140f426-363f-4b0b-80cf-8b891668158a&ranked_content=true returned response: <Response [200]>
2021-02-18 10:28:29,013 - instabot version: 0.117.0 (bot_filter) - INFO - Received 18 medias.
2021-02-18 10:28:29,014 - instabot version: 0.117.0 (bot_filter) - INFO - After filtration 0 medias left.
2021-02-18 10:28:30,049 - instabot version: 0.117.0 (api) - DEBUG - GET to endpoint: feed/user/6195032695/?max_id=&min_timestamp=None&rank_token=45468866234_9140f426-363f-4b0b-80cf-8b891668158a&ranked_content=true returned response: <Response [200]>
2021-02-18 10:28:30,059 - instabot version: 0.117.0 (bot_filter) - INFO - Received 35 medias.
2021-02-18 10:28:30,060 - instabot version: 0.117.0 (bot_filter) - INFO - After filtration 7 medias left.
2021-02-18 10:28:31,088 - instabot version: 0.117.0 (api) - DEBUG - GET to endpoint: feed/user/6195032695/?max_id=&min_timestamp=None&rank_token=45468866234_9140f426-363f-4b0b-80cf-8b891668158a&ranked_content=true returned response: <Response [200]>
2021-02-18 10:28:31,107 - instabot version: 0.117.0 (bot_filter) - INFO - Received 35 medias.
2021-02-18 10:28:31,110 - instabot version: 0.117.0 (bot_filter) - INFO - After filtration 7 medias left.
2021-02-18 10:28:32,018 - instabot version: 0.117.0 (api) - DEBUG - GET to endpoint: feed/user/43381901771/?max_id=&min_timestamp=None&rank_token=45468866234_9140f426-363f-4b0b-80cf-8b891668158a&ranked_content=true returned response: <Response [200]>
2021-02-18 10:28:32,039 - instabot version: 0.117.0 (bot_filter) - INFO - Received 18 medias.
2021-02-18 10:28:32,040 - instabot version: 0.117.0 (bot_filter) - INFO - After filtration 1 medias left.
2021-02-18 10:28:32,779 - instabot version: 0.117.0 (api) - DEBUG - GET to endpoint: feed/user/43381901771/?max_id=&min_timestamp=None&rank_token=45468866234_9140f426-363f-4b0b-80cf-8b891668158a&ranked_content=true returned response: <Response [200]>
2021-02-18 10:28:32,791 - instabot version: 0.117.0 (bot_filter) - INFO - Received 18 medias.
2021-02-18 10:28:32,792 - instabot version: 0.117.0 (bot_filter) - INFO - After filtration 1 medias left.
2021-02-18 10:28:33,646 - instabot version: 0.117.0 (api) - DEBUG - GET to endpoint: feed/user/4464934942/?max_id=&min_timestamp=None&rank_token=45468866234_9140f426-363f-4b0b-80cf-8b891668158a&ranked_content=true returned response: <Response [200]>
2021-02-18 10:28:33,652 - instabot version: 0.117.0 (bot_filter) - INFO - Received 18 medias.
2021-02-18 10:28:33,653 - instabot version: 0.117.0 (bot_filter) - INFO - After filtration 3 medias left.
2021-02-18 10:28:34,326 - instabot version: 0.117.0 (api) - DEBUG - GET to endpoint: feed/user/4464934942/?max_id=&min_timestamp=None&rank_token=45468866234_9140f426-363f-4b0b-80cf-8b891668158a&ranked_content=true returned response: <Response [200]>
2021-02-18 10:28:34,338 - instabot version: 0.117.0 (bot_filter) - INFO - Received 18 medias.
2021-02-18 10:28:34,339 - instabot version: 0.117.0 (bot_filter) - INFO - After filtration 3 medias left.
2021-02-18 10:28:35,065 - instabot version: 0.117.0 (api) - DEBUG - GET to endpoint: feed/user/45365454678/?max_id=&min_timestamp=None&rank_token=45468866234_9140f426-363f-4b0b-80cf-8b891668158a&ranked_content=true returned response: <Response [200]>
2021-02-18 10:28:35,075 - instabot version: 0.117.0 (bot_filter) - INFO - Received 18 medias.
2021-02-18 10:28:35,076 - instabot version: 0.117.0 (bot_filter) - INFO - After filtration 1 medias left.
2021-02-18 10:28:35,785 - instabot version: 0.117.0 (api) - DEBUG - GET to endpoint: feed/user/45365454678/?max_id=&min_timestamp=None&rank_token=45468866234_9140f426-363f-4b0b-80cf-8b891668158a&ranked_content=true returned response: <Response [200]>
2021-02-18 10:28:35,795 - instabot version: 0.117.0 (bot_filter) - INFO - Received 18 medias.
2021-02-18 10:28:35,796 - instabot version: 0.117.0 (bot_filter) - INFO - After filtration 1 medias left.
2021-02-18 10:28:36,682 - instabot version: 0.117.0 (api) - DEBUG - GET to endpoint: feed/user/4232732794/?max_id=&min_timestamp=None&rank_token=45468866234_9140f426-363f-4b0b-80cf-8b891668158a&ranked_content=true returned response: <Response [200]>
2021-02-18 10:28:36,688 - instabot version: 0.117.0 (bot_filter) - INFO - Received 18 medias.
2021-02-18 10:28:36,689 - instabot version: 0.117.0 (bot_filter) - INFO - After filtration 4 medias left.
2021-02-18 10:28:37,438 - instabot version: 0.117.0 (api) - DEBUG - GET to endpoint: feed/user/4232732794/?max_id=&min_timestamp=None&rank_token=45468866234_9140f426-363f-4b0b-80cf-8b891668158a&ranked_content=true returned response: <Response [200]>
2021-02-18 10:28:37,448 - instabot version: 0.117.0 (bot_filter) - INFO - Received 18 medias.
2021-02-18 10:28:37,450 - instabot version: 0.117.0 (bot_filter) - INFO - After filtration 4 medias left.
2021-02-18 10:28:38,499 - instabot version: 0.117.0 (api) - DEBUG - GET to endpoint: feed/user/7917768896/?max_id=&min_timestamp=None&rank_token=45468866234_9140f426-363f-4b0b-80cf-8b891668158a&ranked_content=true returned response: <Response [200]>
2021-02-18 10:28:38,512 - instabot version: 0.117.0 (bot_filter) - INFO - Received 18 medias.
2021-02-18 10:28:38,513 - instabot version: 0.117.0 (bot_filter) - INFO - After filtration 0 medias left.
2021-02-18 10:28:39,359 - instabot version: 0.117.0 (api) - DEBUG - GET to endpoint: feed/user/1279740321/?max_id=&min_timestamp=None&rank_token=45468866234_9140f426-363f-4b0b-80cf-8b891668158a&ranked_content=true returned response: <Response [200]>
2021-02-18 10:28:39,367 - instabot version: 0.117.0 (bot_filter) - INFO - Received 18 medias.
2021-02-18 10:28:39,368 - instabot version: 0.117.0 (bot_filter) - INFO - After filtration 2 medias left.
2021-02-18 10:28:40,141 - instabot version: 0.117.0 (api) - DEBUG - GET to endpoint: feed/user/1279740321/?max_id=&min_timestamp=None&rank_token=45468866234_9140f426-363f-4b0b-80cf-8b891668158a&ranked_content=true returned response: <Response [200]>
2021-02-18 10:28:40,149 - instabot version: 0.117.0 (bot_filter) - INFO - Received 18 medias.
2021-02-18 10:28:40,151 - instabot version: 0.117.0 (bot_filter) - INFO - After filtration 2 medias left.
2021-02-18 10:28:40,813 - instabot version: 0.117.0 (api) - DEBUG - GET to endpoint: feed/user/1775400646/?max_id=&min_timestamp=None&rank_token=45468866234_9140f426-363f-4b0b-80cf-8b891668158a&ranked_content=true returned response: <Response [200]>
2021-02-18 10:28:40,823 - instabot version: 0.117.0 (bot_filter) - INFO - Received 12 medias.
2021-02-18 10:28:40,824 - instabot version: 0.117.0 (bot_filter) - INFO - After filtration 0 medias left.
2021-02-18 10:28:41,585 - instabot version: 0.117.0 (api) - DEBUG - GET to endpoint: feed/user/20822456/?max_id=&min_timestamp=None&rank_token=45468866234_9140f426-363f-4b0b-80cf-8b891668158a&ranked_content=true returned response: <Response [200]>
2021-02-18 10:28:41,603 - instabot version: 0.117.0 (bot_filter) - INFO - Received 18 medias.
2021-02-18 10:28:41,609 - instabot version: 0.117.0 (bot_filter) - INFO - After filtration 3 medias left.
2021-02-18 10:28:42,230 - instabot version: 0.117.0 (api) - DEBUG - GET to endpoint: feed/user/20822456/?max_id=&min_timestamp=None&rank_token=45468866234_9140f426-363f-4b0b-80cf-8b891668158a&ranked_content=true returned response: <Response [200]>
2021-02-18 10:28:42,243 - instabot version: 0.117.0 (bot_filter) - INFO - Received 18 medias.
2021-02-18 10:28:42,244 - instabot version: 0.117.0 (bot_filter) - INFO - After filtration 3 medias left.
2021-02-18 10:28:43,070 - instabot version: 0.117.0 (api) - DEBUG - GET to endpoint: feed/user/186128035/?max_id=&min_timestamp=None&rank_token=45468866234_9140f426-363f-4b0b-80cf-8b891668158a&ranked_content=true returned response: <Response [200]>
2021-02-18 10:28:43,078 - instabot version: 0.117.0 (bot_filter) - INFO - Received 18 medias.
2021-02-18 10:28:43,080 - instabot version: 0.117.0 (bot_filter) - INFO - After filtration 1 medias left.
2021-02-18 10:28:43,708 - instabot version: 0.117.0 (api) - DEBUG - GET to endpoint: feed/user/186128035/?max_id=&min_timestamp=None&rank_token=45468866234_9140f426-363f-4b0b-80cf-8b891668158a&ranked_content=true returned response: <Response [200]>
2021-02-18 10:28:43,716 - instabot version: 0.117.0 (bot_filter) - INFO - Received 18 medias.
2021-02-18 10:28:43,717 - instabot version: 0.117.0 (bot_filter) - INFO - After filtration 1 medias left.
2021-02-18 10:28:44,279 - instabot version: 0.117.0 (api) - DEBUG - GET to endpoint: feed/user/30632573585/?max_id=&min_timestamp=None&rank_token=45468866234_9140f426-363f-4b0b-80cf-8b891668158a&ranked_content=true returned response: <Response [200]>
2021-02-18 10:28:44,286 - instabot version: 0.117.0 (bot_filter) - INFO - Received 18 medias.
2021-02-18 10:28:44,287 - instabot version: 0.117.0 (bot_filter) - INFO - After filtration 0 medias left.
2021-02-18 10:28:45,624 - instabot version: 0.117.0 (api) - DEBUG - GET to endpoint: feed/user/11338440463/?max_id=&min_timestamp=None&rank_token=45468866234_9140f426-363f-4b0b-80cf-8b891668158a&ranked_content=true returned response: <Response [200]>
2021-02-18 10:28:45,636 - instabot version: 0.117.0 (bot_filter) - INFO - Received 18 medias.
2021-02-18 10:28:45,637 - instabot version: 0.117.0 (bot_filter) - INFO - After filtration 0 medias left.
2021-02-18 10:28:46,346 - instabot version: 0.117.0 (api) - DEBUG - GET to endpoint: feed/user/34409272108/?max_id=&min_timestamp=None&rank_token=45468866234_9140f426-363f-4b0b-80cf-8b891668158a&ranked_content=true returned response: <Response [200]>
2021-02-18 10:28:46,354 - instabot version: 0.117.0 (bot_filter) - INFO - Received 18 medias.
2021-02-18 10:28:46,356 - instabot version: 0.117.0 (bot_filter) - INFO - After filtration 1 medias left.
2021-02-18 10:28:47,027 - instabot version: 0.117.0 (api) - DEBUG - GET to endpoint: feed/user/34409272108/?max_id=&min_timestamp=None&rank_token=45468866234_9140f426-363f-4b0b-80cf-8b891668158a&ranked_content=true returned response: <Response [200]>
2021-02-18 10:28:47,035 - instabot version: 0.117.0 (bot_filter) - INFO - Received 18 medias.
2021-02-18 10:28:47,036 - instabot version: 0.117.0 (bot_filter) - INFO - After filtration 1 medias left.
2021-02-18 10:28:47,762 - instabot version: 0.117.0 (api) - DEBUG - GET to endpoint: feed/user/43394781940/?max_id=&min_timestamp=None&rank_token=45468866234_9140f426-363f-4b0b-80cf-8b891668158a&ranked_content=true returned response: <Response [200]>
2021-02-18 10:28:47,770 - instabot version: 0.117.0 (bot_filter) - INFO - Received 18 medias.
2021-02-18 10:28:47,771 - instabot version: 0.117.0 (bot_filter) - INFO - After filtration 3 medias left.
2021-02-18 10:28:48,448 - instabot version: 0.117.0 (api) - DEBUG - GET to endpoint: feed/user/43394781940/?max_id=&min_timestamp=None&rank_token=45468866234_9140f426-363f-4b0b-80cf-8b891668158a&ranked_content=true returned response: <Response [200]>
2021-02-18 10:28:48,455 - instabot version: 0.117.0 (bot_filter) - INFO - Received 18 medias.
2021-02-18 10:28:48,457 - instabot version: 0.117.0 (bot_filter) - INFO - After filtration 3 medias left.
2021-02-18 10:28:49,562 - instabot version: 0.117.0 (api) - DEBUG - GET to endpoint: feed/user/44492100596/?max_id=&min_timestamp=None&rank_token=45468866234_9140f426-363f-4b0b-80cf-8b891668158a&ranked_content=true returned response: <Response [200]>
2021-02-18 10:28:49,575 - instabot version: 0.117.0 (bot_filter) - INFO - Received 18 medias.
2021-02-18 10:28:49,576 - instabot version: 0.117.0 (bot_filter) - INFO - After filtration 1 medias left.
2021-02-18 10:28:50,456 - instabot version: 0.117.0 (api) - DEBUG - GET to endpoint: feed/user/44492100596/?max_id=&min_timestamp=None&rank_token=45468866234_9140f426-363f-4b0b-80cf-8b891668158a&ranked_content=true returned response: <Response [200]>
2021-02-18 10:28:50,470 - instabot version: 0.117.0 (bot_filter) - INFO - Received 18 medias.
2021-02-18 10:28:50,471 - instabot version: 0.117.0 (bot_filter) - INFO - After filtration 1 medias left.
2021-02-18 10:28:51,706 - instabot version: 0.117.0 (api) - DEBUG - GET to endpoint: feed/user/11152767319/?max_id=&min_timestamp=None&rank_token=45468866234_9140f426-363f-4b0b-80cf-8b891668158a&ranked_content=true returned response: <Response [200]>
2021-02-18 10:28:51,719 - instabot version: 0.117.0 (bot_filter) - INFO - Received 18 medias.
2021-02-18 10:28:51,720 - instabot version: 0.117.0 (bot_filter) - INFO - After filtration 0 medias left.
2021-02-18 10:28:52,407 - instabot version: 0.117.0 (api) - DEBUG - GET to endpoint: feed/user/38832588388/?max_id=&min_timestamp=None&rank_token=45468866234_9140f426-363f-4b0b-80cf-8b891668158a&ranked_content=true returned response: <Response [200]>
2021-02-18 10:28:52,415 - instabot version: 0.117.0 (bot_filter) - INFO - Received 18 medias.
2021-02-18 10:28:52,416 - instabot version: 0.117.0 (bot_filter) - INFO - After filtration 0 medias left.
2021-02-18 10:28:53,324 - instabot version: 0.117.0 (api) - DEBUG - GET to endpoint: feed/user/7573209367/?max_id=&min_timestamp=None&rank_token=45468866234_9140f426-363f-4b0b-80cf-8b891668158a&ranked_content=true returned response: <Response [200]>
2021-02-18 10:28:53,338 - instabot version: 0.117.0 (bot_filter) - INFO - Received 18 medias.
2021-02-18 10:28:53,339 - instabot version: 0.117.0 (bot_filter) - INFO - After filtration 2 medias left.
2021-02-18 10:28:54,109 - instabot version: 0.117.0 (api) - DEBUG - GET to endpoint: feed/user/7573209367/?max_id=&min_timestamp=None&rank_token=45468866234_9140f426-363f-4b0b-80cf-8b891668158a&ranked_content=true returned response: <Response [200]>
2021-02-18 10:28:54,118 - instabot version: 0.117.0 (bot_filter) - INFO - Received 18 medias.
2021-02-18 10:28:54,119 - instabot version: 0.117.0 (bot_filter) - INFO - After filtration 2 medias left.
2021-02-18 10:28:54,838 - instabot version: 0.117.0 (api) - DEBUG - GET to endpoint: feed/user/43042274087/?max_id=&min_timestamp=None&rank_token=45468866234_9140f426-363f-4b0b-80cf-8b891668158a&ranked_content=true returned response: <Response [200]>
2021-02-18 10:28:54,844 - instabot version: 0.117.0 (bot_filter) - INFO - Received 18 medias.
2021-02-18 10:28:54,846 - instabot version: 0.117.0 (bot_filter) - INFO - After filtration 0 medias left.
2021-02-18 10:28:55,790 - instabot version: 0.117.0 (api) - DEBUG - GET to endpoint: feed/user/3648469460/?max_id=&min_timestamp=None&rank_token=45468866234_9140f426-363f-4b0b-80cf-8b891668158a&ranked_content=true returned response: <Response [200]>
2021-02-18 10:28:55,803 - instabot version: 0.117.0 (bot_filter) - INFO - Received 35 medias.
2021-02-18 10:28:55,805 - instabot version: 0.117.0 (bot_filter) - INFO - After filtration 11 medias left.
2021-02-18 10:28:56,632 - instabot version: 0.117.0 (api) - DEBUG - GET to endpoint: feed/user/3648469460/?max_id=&min_timestamp=None&rank_token=45468866234_9140f426-363f-4b0b-80cf-8b891668158a&ranked_content=true returned response: <Response [200]>
2021-02-18 10:28:56,647 - instabot version: 0.117.0 (bot_filter) - INFO - Received 35 medias.
2021-02-18 10:28:56,648 - instabot version: 0.117.0 (bot_filter) - INFO - After filtration 11 medias left.
2021-02-18 10:28:57,354 - instabot version: 0.117.0 (api) - DEBUG - GET to endpoint: feed/user/21055799611/?max_id=&min_timestamp=None&rank_token=45468866234_9140f426-363f-4b0b-80cf-8b891668158a&ranked_content=true returned response: <Response [200]>
2021-02-18 10:28:57,362 - instabot version: 0.117.0 (bot_filter) - INFO - Received 18 medias.
2021-02-18 10:28:57,363 - instabot version: 0.117.0 (bot_filter) - INFO - After filtration 0 medias left.
2021-02-18 10:28:57,917 - instabot version: 0.117.0 (api) - DEBUG - GET to endpoint: feed/user/45636858936/?max_id=&min_timestamp=None&rank_token=45468866234_9140f426-363f-4b0b-80cf-8b891668158a&ranked_content=true returned response: <Response [200]>
2021-02-18 10:28:57,924 - instabot version: 0.117.0 (bot_filter) - INFO - Received 18 medias.
2021-02-18 10:28:57,925 - instabot version: 0.117.0 (bot_filter) - INFO - After filtration 0 medias left.
2021-02-18 10:28:58,802 - instabot version: 0.117.0 (api) - DEBUG - GET to endpoint: feed/user/30032275066/?max_id=&min_timestamp=None&rank_token=45468866234_9140f426-363f-4b0b-80cf-8b891668158a&ranked_content=true returned response: <Response [200]>
2021-02-18 10:28:58,811 - instabot version: 0.117.0 (bot_filter) - INFO - Received 18 medias.
2021-02-18 10:28:58,813 - instabot version: 0.117.0 (bot_filter) - INFO - After filtration 0 medias left.
2021-02-18 10:28:59,582 - instabot version: 0.117.0 (api) - DEBUG - GET to endpoint: feed/user/3414872486/?max_id=&min_timestamp=None&rank_token=45468866234_9140f426-363f-4b0b-80cf-8b891668158a&ranked_content=true returned response: <Response [200]>
2021-02-18 10:28:59,594 - instabot version: 0.117.0 (bot_filter) - INFO - Received 18 medias.
2021-02-18 10:28:59,595 - instabot version: 0.117.0 (bot_filter) - INFO - After filtration 0 medias left.
2021-02-18 10:29:00,408 - instabot version: 0.117.0 (api) - DEBUG - GET to endpoint: feed/user/45604857213/?max_id=&min_timestamp=None&rank_token=45468866234_9140f426-363f-4b0b-80cf-8b891668158a&ranked_content=true returned response: <Response [200]>
2021-02-18 10:29:00,418 - instabot version: 0.117.0 (bot_filter) - INFO - Received 18 medias.
2021-02-18 10:29:00,419 - instabot version: 0.117.0 (bot_filter) - INFO - After filtration 0 medias left.
2021-02-18 10:29:04,194 - instabot version: 0.117.0 (api) - DEBUG - GET to endpoint: feed/user/3972818498/?max_id=&min_timestamp=None&rank_token=45468866234_9140f426-363f-4b0b-80cf-8b891668158a&ranked_content=true returned response: <Response [200]>
2021-02-18 10:29:04,245 - instabot version: 0.117.0 (bot_filter) - INFO - Received 34 medias.
2021-02-18 10:29:04,246 - instabot version: 0.117.0 (bot_filter) - INFO - After filtration 6 medias left.
2021-02-18 10:29:06,784 - instabot version: 0.117.0 (api) - DEBUG - GET to endpoint: feed/user/3972818498/?max_id=&min_timestamp=None&rank_token=45468866234_9140f426-363f-4b0b-80cf-8b891668158a&ranked_content=true returned response: <Response [200]>
2021-02-18 10:29:06,834 - instabot version: 0.117.0 (bot_filter) - INFO - Received 34 medias.
2021-02-18 10:29:06,835 - instabot version: 0.117.0 (bot_filter) - INFO - After filtration 6 medias left.
2021-02-18 10:29:08,294 - instabot version: 0.117.0 (api) - DEBUG - GET to endpoint: feed/user/40481301943/?max_id=&min_timestamp=None&rank_token=45468866234_9140f426-363f-4b0b-80cf-8b891668158a&ranked_content=true returned response: <Response [200]>
2021-02-18 10:29:08,317 - instabot version: 0.117.0 (bot_filter) - INFO - Received 18 medias.
2021-02-18 10:29:08,318 - instabot version: 0.117.0 (bot_filter) - INFO - After filtration 0 medias left.
2021-02-18 10:29:09,003 - instabot version: 0.117.0 (api) - DEBUG - GET to endpoint: feed/user/36665091343/?max_id=&min_timestamp=None&rank_token=45468866234_9140f426-363f-4b0b-80cf-8b891668158a&ranked_content=true returned response: <Response [200]>
2021-02-18 10:29:09,010 - instabot version: 0.117.0 (bot_filter) - INFO - Received 18 medias.
2021-02-18 10:29:09,011 - instabot version: 0.117.0 (bot_filter) - INFO - After filtration 0 medias left.
2021-02-18 10:29:09,562 - instabot version: 0.117.0 (api) - DEBUG - GET to endpoint: feed/user/36761537627/?max_id=&min_timestamp=None&rank_token=45468866234_9140f426-363f-4b0b-80cf-8b891668158a&ranked_content=true returned response: <Response [200]>
2021-02-18 10:29:09,567 - instabot version: 0.117.0 (bot_filter) - INFO - Received 18 medias.
2021-02-18 10:29:09,568 - instabot version: 0.117.0 (bot_filter) - INFO - After filtration 0 medias left.
2021-02-18 10:29:10,373 - instabot version: 0.117.0 (api) - DEBUG - GET to endpoint: feed/user/45426742553/?max_id=&min_timestamp=None&rank_token=45468866234_9140f426-363f-4b0b-80cf-8b891668158a&ranked_content=true returned response: <Response [200]>
2021-02-18 10:29:10,382 - instabot version: 0.117.0 (bot_filter) - INFO - Received 18 medias.
2021-02-18 10:29:10,383 - instabot version: 0.117.0 (bot_filter) - INFO - After filtration 2 medias left.
2021-02-18 10:29:11,169 - instabot version: 0.117.0 (api) - DEBUG - GET to endpoint: feed/user/45426742553/?max_id=&min_timestamp=None&rank_token=45468866234_9140f426-363f-4b0b-80cf-8b891668158a&ranked_content=true returned response: <Response [200]>
2021-02-18 10:29:11,174 - instabot version: 0.117.0 (bot_filter) - INFO - Received 18 medias.
2021-02-18 10:29:11,175 - instabot version: 0.117.0 (bot_filter) - INFO - After filtration 2 medias left.
2021-02-18 10:29:12,486 - instabot version: 0.117.0 (api) - DEBUG - GET to endpoint: feed/user/283303809/?max_id=&min_timestamp=None&rank_token=45468866234_9140f426-363f-4b0b-80cf-8b891668158a&ranked_content=true returned response: <Response [200]>
2021-02-18 10:29:12,498 - instabot version: 0.117.0 (bot_filter) - INFO - Received 18 medias.
2021-02-18 10:29:12,499 - instabot version: 0.117.0 (bot_filter) - INFO - After filtration 5 medias left.
2021-02-18 10:29:14,893 - instabot version: 0.117.0 (api) - DEBUG - GET to endpoint: feed/user/283303809/?max_id=&min_timestamp=None&rank_token=45468866234_9140f426-363f-4b0b-80cf-8b891668158a&ranked_content=true returned response: <Response [200]>
2021-02-18 10:29:14,912 - instabot version: 0.117.0 (bot_filter) - INFO - Received 18 medias.
2021-02-18 10:29:14,913 - instabot version: 0.117.0 (bot_filter) - INFO - After filtration 5 medias left.
2021-02-18 10:29:15,581 - instabot version: 0.117.0 (api) - DEBUG - GET to endpoint: feed/user/45083398900/?max_id=&min_timestamp=None&rank_token=45468866234_9140f426-363f-4b0b-80cf-8b891668158a&ranked_content=true returned response: <Response [200]>
2021-02-18 10:29:15,589 - instabot version: 0.117.0 (bot_filter) - INFO - Received 18 medias.
2021-02-18 10:29:15,591 - instabot version: 0.117.0 (bot_filter) - INFO - After filtration 0 medias left.
2021-02-18 10:29:16,049 - instabot version: 0.117.0 (api) - DEBUG - GET to endpoint: feed/user/36107032537/?max_id=&min_timestamp=None&rank_token=45468866234_9140f426-363f-4b0b-80cf-8b891668158a&ranked_content=true returned response: <Response [200]>
2021-02-18 10:29:16,054 - instabot version: 0.117.0 (bot_filter) - INFO - Received 18 medias.
2021-02-18 10:29:16,055 - instabot version: 0.117.0 (bot_filter) - INFO - After filtration 0 medias left.
2021-02-18 10:29:17,075 - instabot version: 0.117.0 (api) - DEBUG - GET to endpoint: feed/user/1533812941/?max_id=&min_timestamp=None&rank_token=45468866234_9140f426-363f-4b0b-80cf-8b891668158a&ranked_content=true returned response: <Response [200]>
2021-02-18 10:29:17,085 - instabot version: 0.117.0 (bot_filter) - INFO - Received 18 medias.
2021-02-18 10:29:17,086 - instabot version: 0.117.0 (bot_filter) - INFO - After filtration 2 medias left.
2021-02-18 10:29:17,864 - instabot version: 0.117.0 (api) - DEBUG - GET to endpoint: feed/user/1533812941/?max_id=&min_timestamp=None&rank_token=45468866234_9140f426-363f-4b0b-80cf-8b891668158a&ranked_content=true returned response: <Response [200]>
2021-02-18 10:29:17,882 - instabot version: 0.117.0 (bot_filter) - INFO - Received 18 medias.
2021-02-18 10:29:17,883 - instabot version: 0.117.0 (bot_filter) - INFO - After filtration 2 medias left.
2021-02-18 10:29:18,873 - instabot version: 0.117.0 (api) - DEBUG - GET to endpoint: feed/user/8521543676/?max_id=&min_timestamp=None&rank_token=45468866234_9140f426-363f-4b0b-80cf-8b891668158a&ranked_content=true returned response: <Response [200]>
2021-02-18 10:29:18,886 - instabot version: 0.117.0 (bot_filter) - INFO - Received 18 medias.
2021-02-18 10:29:18,887 - instabot version: 0.117.0 (bot_filter) - INFO - After filtration 4 medias left.
2021-02-18 10:29:19,743 - instabot version: 0.117.0 (api) - DEBUG - GET to endpoint: feed/user/8521543676/?max_id=&min_timestamp=None&rank_token=45468866234_9140f426-363f-4b0b-80cf-8b891668158a&ranked_content=true returned response: <Response [200]>
2021-02-18 10:29:19,763 - instabot version: 0.117.0 (bot_filter) - INFO - Received 18 medias.
2021-02-18 10:29:19,765 - instabot version: 0.117.0 (bot_filter) - INFO - After filtration 4 medias left.
2021-02-18 10:29:20,267 - instabot version: 0.117.0 (api) - DEBUG - GET to endpoint: feed/user/44766316676/?max_id=&min_timestamp=None&rank_token=45468866234_9140f426-363f-4b0b-80cf-8b891668158a&ranked_content=true returned response: <Response [200]>
2021-02-18 10:29:20,274 - instabot version: 0.117.0 (bot_filter) - INFO - Received 18 medias.
2021-02-18 10:29:20,276 - instabot version: 0.117.0 (bot_filter) - INFO - After filtration 0 medias left.
2021-02-18 10:29:20,975 - instabot version: 0.117.0 (api) - DEBUG - GET to endpoint: feed/user/45432108355/?max_id=&min_timestamp=None&rank_token=45468866234_9140f426-363f-4b0b-80cf-8b891668158a&ranked_content=true returned response: <Response [200]>
2021-02-18 10:29:20,995 - instabot version: 0.117.0 (bot_filter) - INFO - Received 18 medias.
2021-02-18 10:29:20,996 - instabot version: 0.117.0 (bot_filter) - INFO - After filtration 0 medias left.
2021-02-18 10:29:21,761 - instabot version: 0.117.0 (api) - DEBUG - GET to endpoint: feed/user/13206502237/?max_id=&min_timestamp=None&rank_token=45468866234_9140f426-363f-4b0b-80cf-8b891668158a&ranked_content=true returned response: <Response [200]>
2021-02-18 10:29:21,772 - instabot version: 0.117.0 (bot_filter) - INFO - Received 18 medias.
2021-02-18 10:29:21,773 - instabot version: 0.117.0 (bot_filter) - INFO - After filtration 0 medias left.
2021-02-18 10:29:22,670 - instabot version: 0.117.0 (api) - DEBUG - GET to endpoint: feed/user/29138958447/?max_id=&min_timestamp=None&rank_token=45468866234_9140f426-363f-4b0b-80cf-8b891668158a&ranked_content=true returned response: <Response [200]>
2021-02-18 10:29:22,678 - instabot version: 0.117.0 (bot_filter) - INFO - Received 18 medias.
2021-02-18 10:29:22,679 - instabot version: 0.117.0 (bot_filter) - INFO - After filtration 0 medias left.
2021-02-18 10:29:23,534 - instabot version: 0.117.0 (api) - DEBUG - GET to endpoint: feed/user/4036450668/?max_id=&min_timestamp=None&rank_token=45468866234_9140f426-363f-4b0b-80cf-8b891668158a&ranked_content=true returned response: <Response [200]>
2021-02-18 10:29:23,543 - instabot version: 0.117.0 (bot_filter) - INFO - Received 18 medias.
2021-02-18 10:29:23,544 - instabot version: 0.117.0 (bot_filter) - INFO - After filtration 0 medias left.
2021-02-18 10:29:24,275 - instabot version: 0.117.0 (api) - DEBUG - GET to endpoint: feed/user/197220161/?max_id=&min_timestamp=None&rank_token=45468866234_9140f426-363f-4b0b-80cf-8b891668158a&ranked_content=true returned response: <Response [200]>
2021-02-18 10:29:24,281 - instabot version: 0.117.0 (bot_filter) - INFO - Received 18 medias.
2021-02-18 10:29:24,282 - instabot version: 0.117.0 (bot_filter) - INFO - After filtration 0 medias left.
2021-02-18 10:29:25,085 - instabot version: 0.117.0 (api) - DEBUG - GET to endpoint: feed/user/12558167805/?max_id=&min_timestamp=None&rank_token=45468866234_9140f426-363f-4b0b-80cf-8b891668158a&ranked_content=true returned response: <Response [200]>
2021-02-18 10:29:25,105 - instabot version: 0.117.0 (bot_filter) - INFO - Received 18 medias.
2021-02-18 10:29:25,109 - instabot version: 0.117.0 (bot_filter) - INFO - After filtration 1 medias left.
2021-02-18 10:29:25,764 - instabot version: 0.117.0 (api) - DEBUG - GET to endpoint: feed/user/12558167805/?max_id=&min_timestamp=None&rank_token=45468866234_9140f426-363f-4b0b-80cf-8b891668158a&ranked_content=true returned response: <Response [200]>
2021-02-18 10:29:25,773 - instabot version: 0.117.0 (bot_filter) - INFO - Received 18 medias.
2021-02-18 10:29:25,775 - instabot version: 0.117.0 (bot_filter) - INFO - After filtration 1 medias left.
2021-02-18 10:29:26,366 - instabot version: 0.117.0 (api) - DEBUG - GET to endpoint: feed/user/45224756071/?max_id=&min_timestamp=None&rank_token=45468866234_9140f426-363f-4b0b-80cf-8b891668158a&ranked_content=true returned response: <Response [200]>
2021-02-18 10:29:26,371 - instabot version: 0.117.0 (bot_filter) - INFO - Received 18 medias.
2021-02-18 10:29:26,372 - instabot version: 0.117.0 (bot_filter) - INFO - After filtration 1 medias left.
2021-02-18 10:29:26,910 - instabot version: 0.117.0 (api) - DEBUG - GET to endpoint: feed/user/45224756071/?max_id=&min_timestamp=None&rank_token=45468866234_9140f426-363f-4b0b-80cf-8b891668158a&ranked_content=true returned response: <Response [200]>
2021-02-18 10:29:26,915 - instabot version: 0.117.0 (bot_filter) - INFO - Received 18 medias.
2021-02-18 10:29:26,916 - instabot version: 0.117.0 (bot_filter) - INFO - After filtration 1 medias left.
2021-02-18 10:29:27,459 - instabot version: 0.117.0 (api) - DEBUG - GET to endpoint: feed/user/41704275388/?max_id=&min_timestamp=None&rank_token=45468866234_9140f426-363f-4b0b-80cf-8b891668158a&ranked_content=true returned response: <Response [200]>
2021-02-18 10:29:27,464 - instabot version: 0.117.0 (bot_filter) - INFO - Received 18 medias.
2021-02-18 10:29:27,465 - instabot version: 0.117.0 (bot_filter) - INFO - After filtration 0 medias left.
2021-02-18 10:29:28,280 - instabot version: 0.117.0 (api) - DEBUG - GET to endpoint: feed/user/29782547288/?max_id=&min_timestamp=None&rank_token=45468866234_9140f426-363f-4b0b-80cf-8b891668158a&ranked_content=true returned response: <Response [200]>
2021-02-18 10:29:28,288 - instabot version: 0.117.0 (bot_filter) - INFO - Received 18 medias.
2021-02-18 10:29:28,289 - instabot version: 0.117.0 (bot_filter) - INFO - After filtration 1 medias left.
2021-02-18 10:29:28,966 - instabot version: 0.117.0 (api) - DEBUG - GET to endpoint: feed/user/29782547288/?max_id=&min_timestamp=None&rank_token=45468866234_9140f426-363f-4b0b-80cf-8b891668158a&ranked_content=true returned response: <Response [200]>
2021-02-18 10:29:28,974 - instabot version: 0.117.0 (bot_filter) - INFO - Received 18 medias.
2021-02-18 10:29:28,975 - instabot version: 0.117.0 (bot_filter) - INFO - After filtration 1 medias left.
2021-02-18 10:29:29,830 - instabot version: 0.117.0 (api) - DEBUG - GET to endpoint: feed/user/7709486713/?max_id=&min_timestamp=None&rank_token=45468866234_9140f426-363f-4b0b-80cf-8b891668158a&ranked_content=true returned response: <Response [200]>
2021-02-18 10:29:29,838 - instabot version: 0.117.0 (bot_filter) - INFO - Received 18 medias.
2021-02-18 10:29:29,840 - instabot version: 0.117.0 (bot_filter) - INFO - After filtration 0 medias left.
2021-02-18 10:29:30,908 - instabot version: 0.117.0 (api) - DEBUG - GET to endpoint: feed/user/26902385680/?max_id=&min_timestamp=None&rank_token=45468866234_9140f426-363f-4b0b-80cf-8b891668158a&ranked_content=true returned response: <Response [200]>
2021-02-18 10:29:30,923 - instabot version: 0.117.0 (bot_filter) - INFO - Received 18 medias.
2021-02-18 10:29:30,924 - instabot version: 0.117.0 (bot_filter) - INFO - After filtration 0 medias left.
2021-02-18 10:29:31,376 - instabot version: 0.117.0 (api) - DEBUG - GET to endpoint: feed/user/45294679796/?max_id=&min_timestamp=None&rank_token=45468866234_9140f426-363f-4b0b-80cf-8b891668158a&ranked_content=true returned response: <Response [200]>
2021-02-18 10:29:31,380 - instabot version: 0.117.0 (bot_filter) - INFO - Received 18 medias.
2021-02-18 10:29:31,381 - instabot version: 0.117.0 (bot_filter) - INFO - After filtration 0 medias left.
2021-02-18 10:29:31,925 - instabot version: 0.117.0 (api) - DEBUG - GET to endpoint: feed/user/28213256387/?max_id=&min_timestamp=None&rank_token=45468866234_9140f426-363f-4b0b-80cf-8b891668158a&ranked_content=true returned response: <Response [200]>
2021-02-18 10:29:31,928 - instabot version: 0.117.0 (bot_filter) - INFO - Received 6 medias.
2021-02-18 10:29:31,929 - instabot version: 0.117.0 (bot_filter) - INFO - After filtration 0 medias left.
2021-02-18 10:29:32,422 - instabot version: 0.117.0 (api) - DEBUG - GET to endpoint: feed/user/5597645913/?max_id=&min_timestamp=None&rank_token=45468866234_9140f426-363f-4b0b-80cf-8b891668158a&ranked_content=true returned response: <Response [200]>
2021-02-18 10:29:32,427 - instabot version: 0.117.0 (bot_filter) - INFO - Received 18 medias.
2021-02-18 10:29:32,428 - instabot version: 0.117.0 (bot_filter) - INFO - After filtration 0 medias left.
2021-02-18 10:29:33,186 - instabot version: 0.117.0 (api) - DEBUG - GET to endpoint: feed/user/7473354589/?max_id=&min_timestamp=None&rank_token=45468866234_9140f426-363f-4b0b-80cf-8b891668158a&ranked_content=true returned response: <Response [200]>
2021-02-18 10:29:33,194 - instabot version: 0.117.0 (bot_filter) - INFO - Received 18 medias.
2021-02-18 10:29:33,195 - instabot version: 0.117.0 (bot_filter) - INFO - After filtration 0 medias left.
2021-02-18 10:29:34,416 - instabot version: 0.117.0 (api) - DEBUG - GET to endpoint: feed/user/5458514415/?max_id=&min_timestamp=None&rank_token=45468866234_9140f426-363f-4b0b-80cf-8b891668158a&ranked_content=true returned response: <Response [200]>
2021-02-18 10:29:34,473 - instabot version: 0.117.0 (bot_filter) - INFO - Received 18 medias.
2021-02-18 10:29:34,476 - instabot version: 0.117.0 (bot_filter) - INFO - After filtration 0 medias left.
2021-02-18 10:29:35,379 - instabot version: 0.117.0 (api) - DEBUG - GET to endpoint: feed/user/45197214303/?max_id=&min_timestamp=None&rank_token=45468866234_9140f426-363f-4b0b-80cf-8b891668158a&ranked_content=true returned response: <Response [200]>
2021-02-18 10:29:35,388 - instabot version: 0.117.0 (bot_filter) - INFO - Received 18 medias.
2021-02-18 10:29:35,389 - instabot version: 0.117.0 (bot_filter) - INFO - After filtration 3 medias left.
2021-02-18 10:29:36,081 - instabot version: 0.117.0 (api) - DEBUG - GET to endpoint: feed/user/45197214303/?max_id=&min_timestamp=None&rank_token=45468866234_9140f426-363f-4b0b-80cf-8b891668158a&ranked_content=true returned response: <Response [200]>
2021-02-18 10:29:36,089 - instabot version: 0.117.0 (bot_filter) - INFO - Received 18 medias.
2021-02-18 10:29:36,090 - instabot version: 0.117.0 (bot_filter) - INFO - After filtration 3 medias left.
2021-02-18 10:29:36,732 - instabot version: 0.117.0 (api) - DEBUG - GET to endpoint: feed/user/5653902069/?max_id=&min_timestamp=None&rank_token=45468866234_9140f426-363f-4b0b-80cf-8b891668158a&ranked_content=true returned response: <Response [200]>
2021-02-18 10:29:36,736 - instabot version: 0.117.0 (bot_filter) - INFO - Received 15 medias.
2021-02-18 10:29:36,737 - instabot version: 0.117.0 (bot_filter) - INFO - After filtration 0 medias left.
2021-02-18 10:29:37,247 - instabot version: 0.117.0 (api) - DEBUG - GET to endpoint: feed/user/45457340687/?max_id=&min_timestamp=None&rank_token=45468866234_9140f426-363f-4b0b-80cf-8b891668158a&ranked_content=true returned response: <Response [200]>
2021-02-18 10:29:37,254 - instabot version: 0.117.0 (bot_filter) - INFO - Received 18 medias.
2021-02-18 10:29:37,255 - instabot version: 0.117.0 (bot_filter) - INFO - After filtration 0 medias left.
2021-02-18 10:29:37,817 - instabot version: 0.117.0 (api) - DEBUG - GET to endpoint: feed/user/44572841974/?max_id=&min_timestamp=None&rank_token=45468866234_9140f426-363f-4b0b-80cf-8b891668158a&ranked_content=true returned response: <Response [200]>
2021-02-18 10:29:37,823 - instabot version: 0.117.0 (bot_filter) - INFO - Received 18 medias.
2021-02-18 10:29:37,824 - instabot version: 0.117.0 (bot_filter) - INFO - After filtration 0 medias left.
2021-02-18 10:29:38,336 - instabot version: 0.117.0 (api) - DEBUG - GET to endpoint: feed/user/10742303144/?max_id=&min_timestamp=None&rank_token=45468866234_9140f426-363f-4b0b-80cf-8b891668158a&ranked_content=true returned response: <Response [200]>
2021-02-18 10:29:38,343 - instabot version: 0.117.0 (bot_filter) - INFO - Received 18 medias.
2021-02-18 10:29:38,344 - instabot version: 0.117.0 (bot_filter) - INFO - After filtration 0 medias left.
2021-02-18 10:29:39,007 - instabot version: 0.117.0 (api) - DEBUG - GET to endpoint: feed/user/41768060404/?max_id=&min_timestamp=None&rank_token=45468866234_9140f426-363f-4b0b-80cf-8b891668158a&ranked_content=true returned response: <Response [200]>
2021-02-18 10:29:39,026 - instabot version: 0.117.0 (bot_filter) - INFO - Received 18 medias.
2021-02-18 10:29:39,027 - instabot version: 0.117.0 (bot_filter) - INFO - After filtration 1 medias left.
2021-02-18 10:29:39,668 - instabot version: 0.117.0 (api) - DEBUG - GET to endpoint: feed/user/41768060404/?max_id=&min_timestamp=None&rank_token=45468866234_9140f426-363f-4b0b-80cf-8b891668158a&ranked_content=true returned response: <Response [200]>
2021-02-18 10:29:39,677 - instabot version: 0.117.0 (bot_filter) - INFO - Received 18 medias.
2021-02-18 10:29:39,678 - instabot version: 0.117.0 (bot_filter) - INFO - After filtration 1 medias left.
2021-02-18 10:29:39,988 - instabot version: 0.117.0 (api) - DEBUG - GET to endpoint: feed/user/40612882444/?max_id=&min_timestamp=None&rank_token=45468866234_9140f426-363f-4b0b-80cf-8b891668158a&ranked_content=true returned response: <Response [200]>
2021-02-18 10:29:39,989 - instabot version: 0.117.0 (bot_filter) - INFO - Received 0 medias.
2021-02-18 10:29:39,990 - instabot version: 0.117.0 (bot_filter) - INFO - After filtration 0 medias left.
2021-02-18 10:29:40,631 - instabot version: 0.117.0 (api) - DEBUG - GET to endpoint: feed/user/42738970735/?max_id=&min_timestamp=None&rank_token=45468866234_9140f426-363f-4b0b-80cf-8b891668158a&ranked_content=true returned response: <Response [200]>
2021-02-18 10:29:40,640 - instabot version: 0.117.0 (bot_filter) - INFO - Received 18 medias.
2021-02-18 10:29:40,641 - instabot version: 0.117.0 (bot_filter) - INFO - After filtration 0 medias left.
2021-02-18 10:29:41,464 - instabot version: 0.117.0 (api) - DEBUG - GET to endpoint: feed/user/12259107698/?max_id=&min_timestamp=None&rank_token=45468866234_9140f426-363f-4b0b-80cf-8b891668158a&ranked_content=true returned response: <Response [200]>
2021-02-18 10:29:41,480 - instabot version: 0.117.0 (bot_filter) - INFO - Received 18 medias.
2021-02-18 10:29:41,481 - instabot version: 0.117.0 (bot_filter) - INFO - After filtration 0 medias left.
2021-02-18 10:29:41,999 - instabot version: 0.117.0 (api) - DEBUG - GET to endpoint: feed/user/41366569723/?max_id=&min_timestamp=None&rank_token=45468866234_9140f426-363f-4b0b-80cf-8b891668158a&ranked_content=true returned response: <Response [200]>
2021-02-18 10:29:42,004 - instabot version: 0.117.0 (bot_filter) - INFO - Received 18 medias.
2021-02-18 10:29:42,005 - instabot version: 0.117.0 (bot_filter) - INFO - After filtration 0 medias left.
2021-02-18 10:29:42,643 - instabot version: 0.117.0 (api) - DEBUG - GET to endpoint: feed/user/8712714447/?max_id=&min_timestamp=None&rank_token=45468866234_9140f426-363f-4b0b-80cf-8b891668158a&ranked_content=true returned response: <Response [200]>
2021-02-18 10:29:42,648 - instabot version: 0.117.0 (bot_filter) - INFO - Received 18 medias.
2021-02-18 10:29:42,649 - instabot version: 0.117.0 (bot_filter) - INFO - After filtration 0 medias left.
2021-02-18 10:29:43,277 - instabot version: 0.117.0 (api) - DEBUG - GET to endpoint: feed/user/45479326073/?max_id=&min_timestamp=None&rank_token=45468866234_9140f426-363f-4b0b-80cf-8b891668158a&ranked_content=true returned response: <Response [200]>
2021-02-18 10:29:43,283 - instabot version: 0.117.0 (bot_filter) - INFO - Received 18 medias.
2021-02-18 10:29:43,284 - instabot version: 0.117.0 (bot_filter) - INFO - After filtration 0 medias left.
2021-02-18 10:29:44,203 - instabot version: 0.117.0 (api) - DEBUG - GET to endpoint: feed/user/43156922602/?max_id=&min_timestamp=None&rank_token=45468866234_9140f426-363f-4b0b-80cf-8b891668158a&ranked_content=true returned response: <Response [200]>
2021-02-18 10:29:44,213 - instabot version: 0.117.0 (bot_filter) - INFO - Received 18 medias.
2021-02-18 10:29:44,214 - instabot version: 0.117.0 (bot_filter) - INFO - After filtration 0 medias left.
2021-02-18 10:29:44,928 - instabot version: 0.117.0 (api) - DEBUG - GET to endpoint: feed/user/44361937331/?max_id=&min_timestamp=None&rank_token=45468866234_9140f426-363f-4b0b-80cf-8b891668158a&ranked_content=true returned response: <Response [200]>
2021-02-18 10:29:44,936 - instabot version: 0.117.0 (bot_filter) - INFO - Received 18 medias.
2021-02-18 10:29:44,938 - instabot version: 0.117.0 (bot_filter) - INFO - After filtration 0 medias left.
2021-02-18 10:29:45,580 - instabot version: 0.117.0 (api) - DEBUG - GET to endpoint: feed/user/40952627454/?max_id=&min_timestamp=None&rank_token=45468866234_9140f426-363f-4b0b-80cf-8b891668158a&ranked_content=true returned response: <Response [200]>
2021-02-18 10:29:45,585 - instabot version: 0.117.0 (bot_filter) - INFO - Received 18 medias.
2021-02-18 10:29:45,587 - instabot version: 0.117.0 (bot_filter) - INFO - After filtration 0 medias left.
2021-02-18 10:29:46,107 - instabot version: 0.117.0 (api) - DEBUG - GET to endpoint: feed/user/37445281243/?max_id=&min_timestamp=None&rank_token=45468866234_9140f426-363f-4b0b-80cf-8b891668158a&ranked_content=true returned response: <Response [200]>
2021-02-18 10:29:46,111 - instabot version: 0.117.0 (bot_filter) - INFO - Received 16 medias.
2021-02-18 10:29:46,112 - instabot version: 0.117.0 (bot_filter) - INFO - After filtration 0 medias left.
2021-02-18 10:29:46,615 - instabot version: 0.117.0 (api) - DEBUG - GET to endpoint: feed/user/32420858950/?max_id=&min_timestamp=None&rank_token=45468866234_9140f426-363f-4b0b-80cf-8b891668158a&ranked_content=true returned response: <Response [200]>
2021-02-18 10:29:46,619 - instabot version: 0.117.0 (bot_filter) - INFO - Received 18 medias.
2021-02-18 10:29:46,620 - instabot version: 0.117.0 (bot_filter) - INFO - After filtration 0 medias left.
2021-02-18 10:29:47,174 - instabot version: 0.117.0 (api) - DEBUG - GET to endpoint: feed/user/19206364637/?max_id=&min_timestamp=None&rank_token=45468866234_9140f426-363f-4b0b-80cf-8b891668158a&ranked_content=true returned response: <Response [200]>
2021-02-18 10:29:47,180 - instabot version: 0.117.0 (bot_filter) - INFO - Received 18 medias.
2021-02-18 10:29:47,181 - instabot version: 0.117.0 (bot_filter) - INFO - After filtration 0 medias left.
2021-02-18 10:29:47,967 - instabot version: 0.117.0 (api) - DEBUG - GET to endpoint: feed/user/4104334650/?max_id=&min_timestamp=None&rank_token=45468866234_9140f426-363f-4b0b-80cf-8b891668158a&ranked_content=true returned response: <Response [200]>
2021-02-18 10:29:47,979 - instabot version: 0.117.0 (bot_filter) - INFO - Received 18 medias.
2021-02-18 10:29:47,980 - instabot version: 0.117.0 (bot_filter) - INFO - After filtration 0 medias left.
2021-02-18 10:29:48,648 - instabot version: 0.117.0 (api) - DEBUG - GET to endpoint: feed/user/1510802368/?max_id=&min_timestamp=None&rank_token=45468866234_9140f426-363f-4b0b-80cf-8b891668158a&ranked_content=true returned response: <Response [200]>
2021-02-18 10:29:48,654 - instabot version: 0.117.0 (bot_filter) - INFO - Received 18 medias.
2021-02-18 10:29:48,655 - instabot version: 0.117.0 (bot_filter) - INFO - After filtration 1 medias left.
2021-02-18 10:29:49,169 - instabot version: 0.117.0 (api) - DEBUG - GET to endpoint: feed/user/1510802368/?max_id=&min_timestamp=None&rank_token=45468866234_9140f426-363f-4b0b-80cf-8b891668158a&ranked_content=true returned response: <Response [200]>
2021-02-18 10:29:49,175 - instabot version: 0.117.0 (bot_filter) - INFO - Received 18 medias.
2021-02-18 10:29:49,176 - instabot version: 0.117.0 (bot_filter) - INFO - After filtration 1 medias left.
2021-02-18 10:29:50,313 - instabot version: 0.117.0 (api) - DEBUG - GET to endpoint: feed/user/183986637/?max_id=&min_timestamp=None&rank_token=45468866234_9140f426-363f-4b0b-80cf-8b891668158a&ranked_content=true returned response: <Response [200]>
2021-02-18 10:29:50,323 - instabot version: 0.117.0 (bot_filter) - INFO - Received 18 medias.
2021-02-18 10:29:50,324 - instabot version: 0.117.0 (bot_filter) - INFO - After filtration 0 medias left.
2021-02-18 10:29:51,118 - instabot version: 0.117.0 (api) - DEBUG - GET to endpoint: feed/user/44325057603/?max_id=&min_timestamp=None&rank_token=45468866234_9140f426-363f-4b0b-80cf-8b891668158a&ranked_content=true returned response: <Response [200]>
2021-02-18 10:29:51,123 - instabot version: 0.117.0 (bot_filter) - INFO - Received 18 medias.
2021-02-18 10:29:51,124 - instabot version: 0.117.0 (bot_filter) - INFO - After filtration 0 medias left.
2021-02-18 10:29:51,579 - instabot version: 0.117.0 (api) - DEBUG - GET to endpoint: feed/user/8398231694/?max_id=&min_timestamp=None&rank_token=45468866234_9140f426-363f-4b0b-80cf-8b891668158a&ranked_content=true returned response: <Response [200]>
2021-02-18 10:29:51,583 - instabot version: 0.117.0 (bot_filter) - INFO - Received 18 medias.
2021-02-18 10:29:51,585 - instabot version: 0.117.0 (bot_filter) - INFO - After filtration 0 medias left.
2021-02-18 10:29:52,114 - instabot version: 0.117.0 (api) - DEBUG - GET to endpoint: feed/user/45025328681/?max_id=&min_timestamp=None&rank_token=45468866234_9140f426-363f-4b0b-80cf-8b891668158a&ranked_content=true returned response: <Response [200]>
2021-02-18 10:29:52,120 - instabot version: 0.117.0 (bot_filter) - INFO - Received 18 medias.
2021-02-18 10:29:52,122 - instabot version: 0.117.0 (bot_filter) - INFO - After filtration 0 medias left.
2021-02-18 10:29:52,829 - instabot version: 0.117.0 (api) - DEBUG - GET to endpoint: feed/user/4577592906/?max_id=&min_timestamp=None&rank_token=45468866234_9140f426-363f-4b0b-80cf-8b891668158a&ranked_content=true returned response: <Response [200]>
2021-02-18 10:29:52,834 - instabot version: 0.117.0 (bot_filter) - INFO - Received 18 medias.
2021-02-18 10:29:52,836 - instabot version: 0.117.0 (bot_filter) - INFO - After filtration 0 medias left.
2021-02-18 10:29:53,476 - instabot version: 0.117.0 (api) - DEBUG - GET to endpoint: feed/user/3675032101/?max_id=&min_timestamp=None&rank_token=45468866234_9140f426-363f-4b0b-80cf-8b891668158a&ranked_content=true returned response: <Response [200]>
2021-02-18 10:29:53,490 - instabot version: 0.117.0 (bot_filter) - INFO - Received 18 medias.
2021-02-18 10:29:53,491 - instabot version: 0.117.0 (bot_filter) - INFO - After filtration 0 medias left.
2021-02-18 10:29:54,185 - instabot version: 0.117.0 (api) - DEBUG - GET to endpoint: feed/user/45069914916/?max_id=&min_timestamp=None&rank_token=45468866234_9140f426-363f-4b0b-80cf-8b891668158a&ranked_content=true returned response: <Response [200]>
2021-02-18 10:29:54,191 - instabot version: 0.117.0 (bot_filter) - INFO - Received 17 medias.
2021-02-18 10:29:54,192 - instabot version: 0.117.0 (bot_filter) - INFO - After filtration 0 medias left.
2021-02-18 10:29:55,061 - instabot version: 0.117.0 (api) - DEBUG - GET to endpoint: feed/user/21614776473/?max_id=&min_timestamp=None&rank_token=45468866234_9140f426-363f-4b0b-80cf-8b891668158a&ranked_content=true returned response: <Response [200]>
2021-02-18 10:29:55,072 - instabot version: 0.117.0 (bot_filter) - INFO - Received 18 medias.
2021-02-18 10:29:55,073 - instabot version: 0.117.0 (bot_filter) - INFO - After filtration 1 medias left.
2021-02-18 10:29:55,774 - instabot version: 0.117.0 (api) - DEBUG - GET to endpoint: feed/user/21614776473/?max_id=&min_timestamp=None&rank_token=45468866234_9140f426-363f-4b0b-80cf-8b891668158a&ranked_content=true returned response: <Response [200]>
2021-02-18 10:29:55,783 - instabot version: 0.117.0 (bot_filter) - INFO - Received 18 medias.
2021-02-18 10:29:55,784 - instabot version: 0.117.0 (bot_filter) - INFO - After filtration 1 medias left.
2021-02-18 10:29:56,476 - instabot version: 0.117.0 (api) - DEBUG - GET to endpoint: feed/user/35881905032/?max_id=&min_timestamp=None&rank_token=45468866234_9140f426-363f-4b0b-80cf-8b891668158a&ranked_content=true returned response: <Response [200]>
2021-02-18 10:29:56,491 - instabot version: 0.117.0 (bot_filter) - INFO - Received 11 medias.
2021-02-18 10:29:56,492 - instabot version: 0.117.0 (bot_filter) - INFO - After filtration 0 medias left.
2021-02-18 10:29:57,260 - instabot version: 0.117.0 (api) - DEBUG - GET to endpoint: feed/user/440716122/?max_id=&min_timestamp=None&rank_token=45468866234_9140f426-363f-4b0b-80cf-8b891668158a&ranked_content=true returned response: <Response [200]>
2021-02-18 10:29:57,268 - instabot version: 0.117.0 (bot_filter) - INFO - Received 18 medias.
2021-02-18 10:29:57,270 - instabot version: 0.117.0 (bot_filter) - INFO - After filtration 1 medias left.
2021-02-18 10:29:57,920 - instabot version: 0.117.0 (api) - DEBUG - GET to endpoint: feed/user/440716122/?max_id=&min_timestamp=None&rank_token=45468866234_9140f426-363f-4b0b-80cf-8b891668158a&ranked_content=true returned response: <Response [200]>
2021-02-18 10:29:57,932 - instabot version: 0.117.0 (bot_filter) - INFO - Received 18 medias.
2021-02-18 10:29:57,933 - instabot version: 0.117.0 (bot_filter) - INFO - After filtration 1 medias left.
2021-02-18 10:29:58,901 - instabot version: 0.117.0 (api) - DEBUG - GET to endpoint: feed/user/44831757623/?max_id=&min_timestamp=None&rank_token=45468866234_9140f426-363f-4b0b-80cf-8b891668158a&ranked_content=true returned response: <Response [200]>
2021-02-18 10:29:58,918 - instabot version: 0.117.0 (bot_filter) - INFO - Received 18 medias.
2021-02-18 10:29:58,919 - instabot version: 0.117.0 (bot_filter) - INFO - After filtration 0 medias left.
2021-02-18 10:29:59,614 - instabot version: 0.117.0 (api) - DEBUG - GET to endpoint: feed/user/1806776909/?max_id=&min_timestamp=None&rank_token=45468866234_9140f426-363f-4b0b-80cf-8b891668158a&ranked_content=true returned response: <Response [200]>
2021-02-18 10:29:59,619 - instabot version: 0.117.0 (bot_filter) - INFO - Received 18 medias.
2021-02-18 10:29:59,620 - instabot version: 0.117.0 (bot_filter) - INFO - After filtration 0 medias left.
2021-02-18 10:30:00,616 - instabot version: 0.117.0 (api) - DEBUG - GET to endpoint: feed/user/8166432762/?max_id=&min_timestamp=None&rank_token=45468866234_9140f426-363f-4b0b-80cf-8b891668158a&ranked_content=true returned response: <Response [200]>
2021-02-18 10:30:00,625 - instabot version: 0.117.0 (bot_filter) - INFO - Received 18 medias.
2021-02-18 10:30:00,626 - instabot version: 0.117.0 (bot_filter) - INFO - After filtration 0 medias left.
2021-02-18 10:30:01,149 - instabot version: 0.117.0 (api) - DEBUG - GET to endpoint: feed/user/45536224747/?max_id=&min_timestamp=None&rank_token=45468866234_9140f426-363f-4b0b-80cf-8b891668158a&ranked_content=true returned response: <Response [200]>
2021-02-18 10:30:01,152 - instabot version: 0.117.0 (bot_filter) - INFO - Received 5 medias.
2021-02-18 10:30:01,154 - instabot version: 0.117.0 (bot_filter) - INFO - After filtration 0 medias left.
2021-02-18 10:30:01,652 - instabot version: 0.117.0 (api) - DEBUG - GET to endpoint: feed/user/7312734830/?max_id=&min_timestamp=None&rank_token=45468866234_9140f426-363f-4b0b-80cf-8b891668158a&ranked_content=true returned response: <Response [200]>
2021-02-18 10:30:01,657 - instabot version: 0.117.0 (bot_filter) - INFO - Received 18 medias.
2021-02-18 10:30:01,689 - instabot version: 0.117.0 (bot_filter) - INFO - After filtration 0 medias left.
2021-02-18 10:30:02,382 - instabot version: 0.117.0 (api) - DEBUG - GET to endpoint: feed/user/30248853297/?max_id=&min_timestamp=None&rank_token=45468866234_9140f426-363f-4b0b-80cf-8b891668158a&ranked_content=true returned response: <Response [200]>
2021-02-18 10:30:02,387 - instabot version: 0.117.0 (bot_filter) - INFO - Received 18 medias.
2021-02-18 10:30:02,388 - instabot version: 0.117.0 (bot_filter) - INFO - After filtration 0 medias left.
2021-02-18 10:30:03,283 - instabot version: 0.117.0 (api) - DEBUG - GET to endpoint: feed/user/7958386712/?max_id=&min_timestamp=None&rank_token=45468866234_9140f426-363f-4b0b-80cf-8b891668158a&ranked_content=true returned response: <Response [200]>
2021-02-18 10:30:03,291 - instabot version: 0.117.0 (bot_filter) - INFO - Received 18 medias.
2021-02-18 10:30:03,292 - instabot version: 0.117.0 (bot_filter) - INFO - After filtration 0 medias left.
2021-02-18 10:30:04,279 - instabot version: 0.117.0 (api) - DEBUG - GET to endpoint: feed/user/1413130097/?max_id=&min_timestamp=None&rank_token=45468866234_9140f426-363f-4b0b-80cf-8b891668158a&ranked_content=true returned response: <Response [200]>
2021-02-18 10:30:04,286 - instabot version: 0.117.0 (bot_filter) - INFO - Received 18 medias.
2021-02-18 10:30:04,287 - instabot version: 0.117.0 (bot_filter) - INFO - After filtration 0 medias left.
2021-02-18 10:30:05,013 - instabot version: 0.117.0 (api) - DEBUG - GET to endpoint: feed/user/6005659618/?max_id=&min_timestamp=None&rank_token=45468866234_9140f426-363f-4b0b-80cf-8b891668158a&ranked_content=true returned response: <Response [200]>
2021-02-18 10:30:05,024 - instabot version: 0.117.0 (bot_filter) - INFO - Received 18 medias.
2021-02-18 10:30:05,089 - instabot version: 0.117.0 (bot_filter) - INFO - After filtration 0 medias left.
2021-02-18 10:30:06,063 - instabot version: 0.117.0 (api) - DEBUG - GET to endpoint: feed/user/7895633315/?max_id=&min_timestamp=None&rank_token=45468866234_9140f426-363f-4b0b-80cf-8b891668158a&ranked_content=true returned response: <Response [200]>
2021-02-18 10:30:06,071 - instabot version: 0.117.0 (bot_filter) - INFO - Received 18 medias.
2021-02-18 10:30:06,072 - instabot version: 0.117.0 (bot_filter) - INFO - After filtration 0 medias left.
2021-02-18 10:30:06,935 - instabot version: 0.117.0 (api) - DEBUG - GET to endpoint: feed/user/31388186240/?max_id=&min_timestamp=None&rank_token=45468866234_9140f426-363f-4b0b-80cf-8b891668158a&ranked_content=true returned response: <Response [200]>
2021-02-18 10:30:06,943 - instabot version: 0.117.0 (bot_filter) - INFO - Received 18 medias.
2021-02-18 10:30:06,944 - instabot version: 0.117.0 (bot_filter) - INFO - After filtration 0 medias left.
2021-02-18 10:30:07,411 - instabot version: 0.117.0 (api) - DEBUG - GET to endpoint: feed/user/6147364189/?max_id=&min_timestamp=None&rank_token=45468866234_9140f426-363f-4b0b-80cf-8b891668158a&ranked_content=true returned response: <Response [200]>
2021-02-18 10:30:07,415 - instabot version: 0.117.0 (bot_filter) - INFO - Received 11 medias.
2021-02-18 10:30:07,416 - instabot version: 0.117.0 (bot_filter) - INFO - After filtration 0 medias left.
2021-02-18 10:30:08,174 - instabot version: 0.117.0 (api) - DEBUG - GET to endpoint: feed/user/26959696038/?max_id=&min_timestamp=None&rank_token=45468866234_9140f426-363f-4b0b-80cf-8b891668158a&ranked_content=true returned response: <Response [200]>
2021-02-18 10:30:08,189 - instabot version: 0.117.0 (bot_filter) - INFO - Received 35 medias.
2021-02-18 10:30:08,191 - instabot version: 0.117.0 (bot_filter) - INFO - After filtration 0 medias left.
2021-02-18 10:30:08,919 - instabot version: 0.117.0 (api) - DEBUG - GET to endpoint: feed/user/44455976238/?max_id=&min_timestamp=None&rank_token=45468866234_9140f426-363f-4b0b-80cf-8b891668158a&ranked_content=true returned response: <Response [200]>
2021-02-18 10:30:08,926 - instabot version: 0.117.0 (bot_filter) - INFO - Received 18 medias.
2021-02-18 10:30:08,927 - instabot version: 0.117.0 (bot_filter) - INFO - After filtration 0 medias left.
2021-02-18 10:30:09,810 - instabot version: 0.117.0 (api) - DEBUG - GET to endpoint: feed/user/1603579577/?max_id=&min_timestamp=None&rank_token=45468866234_9140f426-363f-4b0b-80cf-8b891668158a&ranked_content=true returned response: <Response [200]>
2021-02-18 10:30:09,816 - instabot version: 0.117.0 (bot_filter) - INFO - Received 18 medias.
2021-02-18 10:30:09,817 - instabot version: 0.117.0 (bot_filter) - INFO - After filtration 0 medias left.
2021-02-18 10:30:10,466 - instabot version: 0.117.0 (api) - DEBUG - GET to endpoint: feed/user/45462124781/?max_id=&min_timestamp=None&rank_token=45468866234_9140f426-363f-4b0b-80cf-8b891668158a&ranked_content=true returned response: <Response [200]>
2021-02-18 10:30:10,471 - instabot version: 0.117.0 (bot_filter) - INFO - Received 18 medias.
2021-02-18 10:30:10,472 - instabot version: 0.117.0 (bot_filter) - INFO - After filtration 0 medias left.
2021-02-18 10:30:11,222 - instabot version: 0.117.0 (api) - DEBUG - GET to endpoint: feed/user/32901605548/?max_id=&min_timestamp=None&rank_token=45468866234_9140f426-363f-4b0b-80cf-8b891668158a&ranked_content=true returned response: <Response [200]>
2021-02-18 10:30:11,227 - instabot version: 0.117.0 (bot_filter) - INFO - Received 18 medias.
2021-02-18 10:30:11,228 - instabot version: 0.117.0 (bot_filter) - INFO - After filtration 0 medias left.
2021-02-18 10:30:11,840 - instabot version: 0.117.0 (api) - DEBUG - GET to endpoint: feed/user/40957983293/?max_id=&min_timestamp=None&rank_token=45468866234_9140f426-363f-4b0b-80cf-8b891668158a&ranked_content=true returned response: <Response [200]>
2021-02-18 10:30:11,853 - instabot version: 0.117.0 (bot_filter) - INFO - Received 18 medias.
2021-02-18 10:30:11,854 - instabot version: 0.117.0 (bot_filter) - INFO - After filtration 0 medias left.
2021-02-18 10:30:12,385 - instabot version: 0.117.0 (api) - DEBUG - GET to endpoint: feed/user/33456857417/?max_id=&min_timestamp=None&rank_token=45468866234_9140f426-363f-4b0b-80cf-8b891668158a&ranked_content=true returned response: <Response [200]>
2021-02-18 10:30:12,392 - instabot version: 0.117.0 (bot_filter) - INFO - Received 18 medias.
2021-02-18 10:30:12,393 - instabot version: 0.117.0 (bot_filter) - INFO - After filtration 0 medias left.
2021-02-18 10:30:13,566 - instabot version: 0.117.0 (api) - DEBUG - GET to endpoint: feed/user/14720815319/?max_id=&min_timestamp=None&rank_token=45468866234_9140f426-363f-4b0b-80cf-8b891668158a&ranked_content=true returned response: <Response [200]>
2021-02-18 10:30:13,578 - instabot version: 0.117.0 (bot_filter) - INFO - Received 18 medias.
2021-02-18 10:30:13,580 - instabot version: 0.117.0 (bot_filter) - INFO - After filtration 0 medias left.
2021-02-18 10:30:14,358 - instabot version: 0.117.0 (api) - DEBUG - GET to endpoint: feed/user/7880106779/?max_id=&min_timestamp=None&rank_token=45468866234_9140f426-363f-4b0b-80cf-8b891668158a&ranked_content=true returned response: <Response [200]>
2021-02-18 10:30:14,364 - instabot version: 0.117.0 (bot_filter) - INFO - Received 18 medias.
2021-02-18 10:30:14,365 - instabot version: 0.117.0 (bot_filter) - INFO - After filtration 0 medias left.
2021-02-18 10:30:14,829 - instabot version: 0.117.0 (api) - DEBUG - GET to endpoint: feed/user/44675997115/?max_id=&min_timestamp=None&rank_token=45468866234_9140f426-363f-4b0b-80cf-8b891668158a&ranked_content=true returned response: <Response [200]>
2021-02-18 10:30:14,834 - instabot version: 0.117.0 (bot_filter) - INFO - Received 18 medias.
2021-02-18 10:30:14,835 - instabot version: 0.117.0 (bot_filter) - INFO - After filtration 0 medias left.
2021-02-18 10:30:15,214 - instabot version: 0.117.0 (api) - DEBUG - GET to endpoint: feed/user/45472212218/?max_id=&min_timestamp=None&rank_token=45468866234_9140f426-363f-4b0b-80cf-8b891668158a&ranked_content=true returned response: <Response [200]>
2021-02-18 10:30:15,215 - instabot version: 0.117.0 (bot_filter) - INFO - Received 2 medias.
2021-02-18 10:30:15,216 - instabot version: 0.117.0 (bot_filter) - INFO - After filtration 0 medias left.
2021-02-18 10:30:15,855 - instabot version: 0.117.0 (api) - DEBUG - GET to endpoint: feed/user/45322740021/?max_id=&min_timestamp=None&rank_token=45468866234_9140f426-363f-4b0b-80cf-8b891668158a&ranked_content=true returned response: <Response [200]>
2021-02-18 10:30:15,858 - instabot version: 0.117.0 (bot_filter) - INFO - Received 8 medias.
2021-02-18 10:30:15,860 - instabot version: 0.117.0 (bot_filter) - INFO - After filtration 0 medias left.
2021-02-18 10:30:16,355 - instabot version: 0.117.0 (api) - DEBUG - GET to endpoint: feed/user/3604864604/?max_id=&min_timestamp=None&rank_token=45468866234_9140f426-363f-4b0b-80cf-8b891668158a&ranked_content=true returned response: <Response [200]>
2021-02-18 10:30:16,361 - instabot version: 0.117.0 (bot_filter) - INFO - Received 18 medias.
2021-02-18 10:30:16,362 - instabot version: 0.117.0 (bot_filter) - INFO - After filtration 0 medias left.
2021-02-18 10:30:17,163 - instabot version: 0.117.0 (api) - DEBUG - GET to endpoint: feed/user/21990078980/?max_id=&min_timestamp=None&rank_token=45468866234_9140f426-363f-4b0b-80cf-8b891668158a&ranked_content=true returned response: <Response [200]>
2021-02-18 10:30:17,187 - instabot version: 0.117.0 (bot_filter) - INFO - Received 18 medias.
2021-02-18 10:30:17,188 - instabot version: 0.117.0 (bot_filter) - INFO - After filtration 0 medias left.
2021-02-18 10:30:17,665 - instabot version: 0.117.0 (api) - DEBUG - GET to endpoint: feed/user/12293926779/?max_id=&min_timestamp=None&rank_token=45468866234_9140f426-363f-4b0b-80cf-8b891668158a&ranked_content=true returned response: <Response [200]>
2021-02-18 10:30:17,671 - instabot version: 0.117.0 (bot_filter) - INFO - Received 18 medias.
2021-02-18 10:30:17,672 - instabot version: 0.117.0 (bot_filter) - INFO - After filtration 0 medias left.
2021-02-18 10:30:18,405 - instabot version: 0.117.0 (api) - DEBUG - GET to endpoint: feed/user/45513123127/?max_id=&min_timestamp=None&rank_token=45468866234_9140f426-363f-4b0b-80cf-8b891668158a&ranked_content=true returned response: <Response [200]>
2021-02-18 10:30:18,410 - instabot version: 0.117.0 (bot_filter) - INFO - Received 12 medias.
2021-02-18 10:30:18,411 - instabot version: 0.117.0 (bot_filter) - INFO - After filtration 0 medias left.
2021-02-18 10:30:18,873 - instabot version: 0.117.0 (api) - DEBUG - GET to endpoint: feed/user/7119035504/?max_id=&min_timestamp=None&rank_token=45468866234_9140f426-363f-4b0b-80cf-8b891668158a&ranked_content=true returned response: <Response [200]>
2021-02-18 10:30:18,876 - instabot version: 0.117.0 (bot_filter) - INFO - Received 7 medias.
2021-02-18 10:30:18,877 - instabot version: 0.117.0 (bot_filter) - INFO - After filtration 0 medias left.
2021-02-18 10:30:19,473 - instabot version: 0.117.0 (api) - DEBUG - GET to endpoint: feed/user/8280049285/?max_id=&min_timestamp=None&rank_token=45468866234_9140f426-363f-4b0b-80cf-8b891668158a&ranked_content=true returned response: <Response [200]>
2021-02-18 10:30:19,480 - instabot version: 0.117.0 (bot_filter) - INFO - Received 18 medias.
2021-02-18 10:30:19,481 - instabot version: 0.117.0 (bot_filter) - INFO - After filtration 0 medias left.
2021-02-18 10:30:20,626 - instabot version: 0.117.0 (api) - DEBUG - GET to endpoint: feed/user/929141511/?max_id=&min_timestamp=None&rank_token=45468866234_9140f426-363f-4b0b-80cf-8b891668158a&ranked_content=true returned response: <Response [200]>
2021-02-18 10:30:20,633 - instabot version: 0.117.0 (bot_filter) - INFO - Received 18 medias.
2021-02-18 10:30:20,634 - instabot version: 0.117.0 (bot_filter) - INFO - After filtration 3 medias left.
2021-02-18 10:30:21,383 - instabot version: 0.117.0 (api) - DEBUG - GET to endpoint: feed/user/929141511/?max_id=&min_timestamp=None&rank_token=45468866234_9140f426-363f-4b0b-80cf-8b891668158a&ranked_content=true returned response: <Response [200]>
2021-02-18 10:30:21,390 - instabot version: 0.117.0 (bot_filter) - INFO - Received 18 medias.
2021-02-18 10:30:21,391 - instabot version: 0.117.0 (bot_filter) - INFO - After filtration 3 medias left.
2021-02-18 10:30:21,876 - instabot version: 0.117.0 (api) - DEBUG - GET to endpoint: feed/user/45142903300/?max_id=&min_timestamp=None&rank_token=45468866234_9140f426-363f-4b0b-80cf-8b891668158a&ranked_content=true returned response: <Response [200]>
2021-02-18 10:30:21,878 - instabot version: 0.117.0 (bot_filter) - INFO - Received 4 medias.
2021-02-18 10:30:21,880 - instabot version: 0.117.0 (bot_filter) - INFO - After filtration 0 medias left.
2021-02-18 10:30:22,518 - instabot version: 0.117.0 (api) - DEBUG - GET to endpoint: feed/user/24432689039/?max_id=&min_timestamp=None&rank_token=45468866234_9140f426-363f-4b0b-80cf-8b891668158a&ranked_content=true returned response: <Response [200]>
2021-02-18 10:30:22,524 - instabot version: 0.117.0 (bot_filter) - INFO - Received 18 medias.
2021-02-18 10:30:22,525 - instabot version: 0.117.0 (bot_filter) - INFO - After filtration 0 medias left.
2021-02-18 10:30:23,094 - instabot version: 0.117.0 (api) - DEBUG - GET to endpoint: feed/user/7315588432/?max_id=&min_timestamp=None&rank_token=45468866234_9140f426-363f-4b0b-80cf-8b891668158a&ranked_content=true returned response: <Response [200]>
2021-02-18 10:30:23,099 - instabot version: 0.117.0 (bot_filter) - INFO - Received 18 medias.
2021-02-18 10:30:23,100 - instabot version: 0.117.0 (bot_filter) - INFO - After filtration 0 medias left.
2021-02-18 10:30:24,012 - instabot version: 0.117.0 (api) - DEBUG - GET to endpoint: feed/user/4069735198/?max_id=&min_timestamp=None&rank_token=45468866234_9140f426-363f-4b0b-80cf-8b891668158a&ranked_content=true returned response: <Response [200]>
2021-02-18 10:30:24,019 - instabot version: 0.117.0 (bot_filter) - INFO - Received 18 medias.
2021-02-18 10:30:24,020 - instabot version: 0.117.0 (bot_filter) - INFO - After filtration 0 medias left.
2021-02-18 10:30:24,597 - instabot version: 0.117.0 (api) - DEBUG - GET to endpoint: feed/user/3647534105/?max_id=&min_timestamp=None&rank_token=45468866234_9140f426-363f-4b0b-80cf-8b891668158a&ranked_content=true returned response: <Response [200]>
2021-02-18 10:30:24,600 - instabot version: 0.117.0 (bot_filter) - INFO - Received 18 medias.
2021-02-18 10:30:24,601 - instabot version: 0.117.0 (bot_filter) - INFO - After filtration 0 medias left.
2021-02-18 10:30:25,391 - instabot version: 0.117.0 (api) - DEBUG - GET to endpoint: feed/user/11701729447/?max_id=&min_timestamp=None&rank_token=45468866234_9140f426-363f-4b0b-80cf-8b891668158a&ranked_content=true returned response: <Response [200]>
2021-02-18 10:30:25,399 - instabot version: 0.117.0 (bot_filter) - INFO - Received 18 medias.
2021-02-18 10:30:25,400 - instabot version: 0.117.0 (bot_filter) - INFO - After filtration 0 medias left.
2021-02-18 10:30:26,425 - instabot version: 0.117.0 (api) - DEBUG - GET to endpoint: feed/user/4504677903/?max_id=&min_timestamp=None&rank_token=45468866234_9140f426-363f-4b0b-80cf-8b891668158a&ranked_content=true returned response: <Response [200]>
2021-02-18 10:30:26,431 - instabot version: 0.117.0 (bot_filter) - INFO - Received 18 medias.
2021-02-18 10:30:26,432 - instabot version: 0.117.0 (bot_filter) - INFO - After filtration 1 medias left.
2021-02-18 10:30:27,135 - instabot version: 0.117.0 (api) - DEBUG - GET to endpoint: feed/user/4504677903/?max_id=&min_timestamp=None&rank_token=45468866234_9140f426-363f-4b0b-80cf-8b891668158a&ranked_content=true returned response: <Response [200]>
2021-02-18 10:30:27,142 - instabot version: 0.117.0 (bot_filter) - INFO - Received 18 medias.
2021-02-18 10:30:27,143 - instabot version: 0.117.0 (bot_filter) - INFO - After filtration 1 medias left.
2021-02-18 10:30:27,896 - instabot version: 0.117.0 (api) - DEBUG - GET to endpoint: feed/user/10129805/?max_id=&min_timestamp=None&rank_token=45468866234_9140f426-363f-4b0b-80cf-8b891668158a&ranked_content=true returned response: <Response [200]>
2021-02-18 10:30:27,902 - instabot version: 0.117.0 (bot_filter) - INFO - Received 18 medias.
2021-02-18 10:30:27,903 - instabot version: 0.117.0 (bot_filter) - INFO - After filtration 3 medias left.
2021-02-18 10:30:28,588 - instabot version: 0.117.0 (api) - DEBUG - GET to endpoint: feed/user/10129805/?max_id=&min_timestamp=None&rank_token=45468866234_9140f426-363f-4b0b-80cf-8b891668158a&ranked_content=true returned response: <Response [200]>
2021-02-18 10:30:28,595 - instabot version: 0.117.0 (bot_filter) - INFO - Received 18 medias.
2021-02-18 10:30:28,596 - instabot version: 0.117.0 (bot_filter) - INFO - After filtration 3 medias left.
2021-02-18 10:30:28,938 - instabot version: 0.117.0 (api) - DEBUG - GET to endpoint: feed/user/44022605708/?max_id=&min_timestamp=None&rank_token=45468866234_9140f426-363f-4b0b-80cf-8b891668158a&ranked_content=true returned response: <Response [200]>
2021-02-18 10:30:28,939 - instabot version: 0.117.0 (bot_filter) - INFO - Received 1 medias.
2021-02-18 10:30:28,940 - instabot version: 0.117.0 (bot_filter) - INFO - After filtration 0 medias left.
2021-02-18 10:30:29,394 - instabot version: 0.117.0 (api) - DEBUG - GET to endpoint: feed/user/45864993992/?max_id=&min_timestamp=None&rank_token=45468866234_9140f426-363f-4b0b-80cf-8b891668158a&ranked_content=true returned response: <Response [200]>
2021-02-18 10:30:29,398 - instabot version: 0.117.0 (bot_filter) - INFO - Received 18 medias.
2021-02-18 10:30:29,400 - instabot version: 0.117.0 (bot_filter) - INFO - After filtration 0 medias left.
2021-02-18 10:30:29,802 - instabot version: 0.117.0 (api) - DEBUG - GET to endpoint: feed/user/45500893538/?max_id=&min_timestamp=None&rank_token=45468866234_9140f426-363f-4b0b-80cf-8b891668158a&ranked_content=true returned response: <Response [200]>
2021-02-18 10:30:29,804 - instabot version: 0.117.0 (bot_filter) - INFO - Received 3 medias.
2021-02-18 10:30:29,805 - instabot version: 0.117.0 (bot_filter) - INFO - After filtration 0 medias left.
2021-02-18 10:30:30,842 - instabot version: 0.117.0 (api) - DEBUG - GET to endpoint: feed/user/1414601753/?max_id=&min_timestamp=None&rank_token=45468866234_9140f426-363f-4b0b-80cf-8b891668158a&ranked_content=true returned response: <Response [200]>
2021-02-18 10:30:30,847 - instabot version: 0.117.0 (bot_filter) - INFO - Received 18 medias.
2021-02-18 10:30:30,848 - instabot version: 0.117.0 (bot_filter) - INFO - After filtration 0 medias left.
2021-02-18 10:30:31,550 - instabot version: 0.117.0 (api) - DEBUG - GET to endpoint: feed/user/1259371895/?max_id=&min_timestamp=None&rank_token=45468866234_9140f426-363f-4b0b-80cf-8b891668158a&ranked_content=true returned response: <Response [200]>
2021-02-18 10:30:31,556 - instabot version: 0.117.0 (bot_filter) - INFO - Received 18 medias.
2021-02-18 10:30:31,557 - instabot version: 0.117.0 (bot_filter) - INFO - After filtration 0 medias left.
2021-02-18 10:30:32,128 - instabot version: 0.117.0 (api) - DEBUG - GET to endpoint: feed/user/7736887569/?max_id=&min_timestamp=None&rank_token=45468866234_9140f426-363f-4b0b-80cf-8b891668158a&ranked_content=true returned response: <Response [200]>
2021-02-18 10:30:32,132 - instabot version: 0.117.0 (bot_filter) - INFO - Received 17 medias.
2021-02-18 10:30:32,133 - instabot version: 0.117.0 (bot_filter) - INFO - After filtration 0 medias left.
2021-02-18 10:30:32,891 - instabot version: 0.117.0 (api) - DEBUG - GET to endpoint: feed/user/10689439537/?max_id=&min_timestamp=None&rank_token=45468866234_9140f426-363f-4b0b-80cf-8b891668158a&ranked_content=true returned response: <Response [200]>
2021-02-18 10:30:32,896 - instabot version: 0.117.0 (bot_filter) - INFO - Received 18 medias.
2021-02-18 10:30:32,897 - instabot version: 0.117.0 (bot_filter) - INFO - After filtration 0 medias left.
2021-02-18 10:30:33,720 - instabot version: 0.117.0 (api) - DEBUG - GET to endpoint: feed/user/6895367322/?max_id=&min_timestamp=None&rank_token=45468866234_9140f426-363f-4b0b-80cf-8b891668158a&ranked_content=true returned response: <Response [200]>
2021-02-18 10:30:33,725 - instabot version: 0.117.0 (bot_filter) - INFO - Received 18 medias.
2021-02-18 10:30:33,726 - instabot version: 0.117.0 (bot_filter) - INFO - After filtration 0 medias left.
2021-02-18 10:30:34,160 - instabot version: 0.117.0 (api) - DEBUG - GET to endpoint: feed/user/41798186732/?max_id=&min_timestamp=None&rank_token=45468866234_9140f426-363f-4b0b-80cf-8b891668158a&ranked_content=true returned response: <Response [200]>
2021-02-18 10:30:34,164 - instabot version: 0.117.0 (bot_filter) - INFO - Received 15 medias.
2021-02-18 10:30:34,166 - instabot version: 0.117.0 (bot_filter) - INFO - After filtration 0 medias left.
2021-02-18 10:30:34,474 - instabot version: 0.117.0 (api) - DEBUG - GET to endpoint: feed/user/25922958205/?max_id=&min_timestamp=None&rank_token=45468866234_9140f426-363f-4b0b-80cf-8b891668158a&ranked_content=true returned response: <Response [200]>
2021-02-18 10:30:34,475 - instabot version: 0.117.0 (bot_filter) - INFO - Received 0 medias.
2021-02-18 10:30:34,476 - instabot version: 0.117.0 (bot_filter) - INFO - After filtration 0 medias left.
2021-02-18 10:30:34,947 - instabot version: 0.117.0 (api) - DEBUG - GET to endpoint: feed/user/18349003214/?max_id=&min_timestamp=None&rank_token=45468866234_9140f426-363f-4b0b-80cf-8b891668158a&ranked_content=true returned response: <Response [200]>
2021-02-18 10:30:34,950 - instabot version: 0.117.0 (bot_filter) - INFO - Received 13 medias.
2021-02-18 10:30:34,951 - instabot version: 0.117.0 (bot_filter) - INFO - After filtration 0 medias left.
2021-02-18 10:31:07,403 - instabot version: 0.117.0 (api) - DEBUG - GET to endpoint: media/2505826154563112099_8375116447/info/ returned response: <Response [200]>
2021-02-18 10:31:07,424 - instabot version: 0.117.0 (bot_checkpoint) - DEBUG - Saving Checkpoint file to: C:\Users\proka\iCloudDrive\iCloud~com~omz-software~Pythonista3/config/psevdoproger.checkpoint
2021-02-18 10:31:07,457 - instabot version: 0.117.0 (bot) - INFO - Total unfollows: 2/54
2021-02-18 10:31:07,520 - instabot version: 0.117.0 (bot) - INFO - Total requests: 1237
