2021-02-18 12:13:44,552 - instabot version: 0.117.0 (bot) - INFO - Instabot version: 0.117.0 Started
2021-02-18 12:13:44,567 - instabot version: 0.117.0 (bot) - DEBUG - Bot imported from C:\Users\proka\AppData\Local\Programs\Python\Python38-32\lib\site-packages\instabot\bot\bot.py
2021-02-18 12:13:44,593 - instabot version: 0.117.0 (api_login) - DEBUG - Loading cookies
2021-02-18 12:13:44,594 - instabot version: 0.117.0 (api_login) - DEBUG - Loading uuids
2021-02-18 12:13:44,595 - instabot version: 0.117.0 (api_login) - INFO - Recovery from C:\Users\proka\iCloudDrive\iCloud~com~omz-software~Pythonista3/config/psevdoproger_uuid_and_cookie.json: COOKIE True - UUIDs True - TIMING, DEVICE and ...
- user-agent=Instagram 117.0.0.28.123 Android (28/9.0; 420dpi; 1080x1920; OnePlus; ONEPLUS A3003; OnePlus3; qcom; en_US; 180322800)
- phone_id=d9b7b868-1e47-4ad9-a1d5-508c20cbe5ec
- uuid=9140f426-363f-4b0b-80cf-8b891668158a
- client_session_id=d0b1d1bf-3cdb-4991-86b0-7d61660854f1
- device_id=android-48c570bbbb11421b
2021-02-18 12:13:44,645 - instabot version: 0.117.0 (api_login) - INFO - LOGIN FLOW! Just logged-in: False
2021-02-18 12:13:46,163 - instabot version: 0.117.0 (api) - DEBUG - POST to endpoint: feed/timeline/ returned response: <Response [200]>
2021-02-18 12:13:46,791 - instabot version: 0.117.0 (api) - DEBUG - POST to endpoint: feed/reels_tray/ returned response: <Response [200]>
2021-02-18 12:13:46,797 - instabot version: 0.117.0 (api) - INFO - Logged-in successfully as 'psevdoproger'!
2021-02-18 12:13:46,798 - instabot version: 0.117.0 (bot_checkpoint) - DEBUG - Loading Checkpoint file from: C:\Users\proka\iCloudDrive\iCloud~com~omz-software~Pythonista3/config/psevdoproger.checkpoint
2021-02-18 12:13:47,286 - instabot version: 0.117.0 (api) - DEBUG - GET to endpoint: users/psevdoproger/usernameinfo/ returned response: <Response [200]>
2021-02-18 12:13:48,096 - instabot version: 0.117.0 (api) - DEBUG - GET to endpoint: users/45468866234/info/ returned response: <Response [200]>
2021-02-18 12:13:48,538 - instabot version: 0.117.0 (api) - DEBUG - GET to endpoint: friendships/45468866234/following/?max_id=&ig_sig_key_version=4&rank_token=45468866234_9140f426-363f-4b0b-80cf-8b891668158a returned response: <Response [200]>
2021-02-18 12:13:52,100 - instabot version: 0.117.0 (api) - DEBUG - GET to endpoint: feed/tag/python/?max_id=&rank_token=45468866234_9140f426-363f-4b0b-80cf-8b891668158a&ranked_content=true& returned response: <Response [200]>
2021-02-18 12:13:52,134 - instabot version: 0.117.0 (bot_filter) - INFO - Received 82 medias.
2021-02-18 12:13:52,135 - instabot version: 0.117.0 (bot_filter) - INFO - After filtration 0 medias left.
2021-02-18 12:13:56,174 - instabot version: 0.117.0 (api) - DEBUG - GET to endpoint: feed/tag/dev/?max_id=&rank_token=45468866234_9140f426-363f-4b0b-80cf-8b891668158a&ranked_content=true& returned response: <Response [200]>
2021-02-18 12:13:56,235 - instabot version: 0.117.0 (bot_filter) - INFO - Received 86 medias.
2021-02-18 12:13:56,237 - instabot version: 0.117.0 (bot_filter) - INFO - After filtration 0 medias left.
2021-02-18 12:14:00,309 - instabot version: 0.117.0 (api) - DEBUG - GET to endpoint: feed/tag/js/?max_id=&rank_token=45468866234_9140f426-363f-4b0b-80cf-8b891668158a&ranked_content=true& returned response: <Response [200]>
2021-02-18 12:14:00,350 - instabot version: 0.117.0 (bot_filter) - INFO - Received 86 medias.
2021-02-18 12:14:00,351 - instabot version: 0.117.0 (bot_filter) - INFO - After filtration 0 medias left.
2021-02-18 12:14:03,668 - instabot version: 0.117.0 (api) - DEBUG - GET to endpoint: feed/tag/javascript/?max_id=&rank_token=45468866234_9140f426-363f-4b0b-80cf-8b891668158a&ranked_content=true& returned response: <Response [200]>
2021-02-18 12:14:03,705 - instabot version: 0.117.0 (bot_filter) - INFO - Received 81 medias.
2021-02-18 12:14:03,712 - instabot version: 0.117.0 (bot_filter) - INFO - After filtration 0 medias left.
2021-02-18 12:14:06,295 - instabot version: 0.117.0 (api) - DEBUG - GET to endpoint: feed/tag/proger/?max_id=&rank_token=45468866234_9140f426-363f-4b0b-80cf-8b891668158a&ranked_content=true& returned response: <Response [200]>
2021-02-18 12:14:06,327 - instabot version: 0.117.0 (bot_filter) - INFO - Received 86 medias.
2021-02-18 12:14:06,328 - instabot version: 0.117.0 (bot_filter) - INFO - After filtration 0 medias left.
2021-02-18 12:14:09,489 - instabot version: 0.117.0 (api) - DEBUG - GET to endpoint: feed/tag/programming/?max_id=&rank_token=45468866234_9140f426-363f-4b0b-80cf-8b891668158a&ranked_content=true& returned response: <Response [200]>
2021-02-18 12:14:09,516 - instabot version: 0.117.0 (bot_filter) - INFO - Received 82 medias.
2021-02-18 12:14:09,517 - instabot version: 0.117.0 (bot_filter) - INFO - After filtration 0 medias left.
2021-02-18 12:14:16,802 - instabot version: 0.117.0 (api) - DEBUG - GET to endpoint: feed/tag/fitness/?max_id=&rank_token=45468866234_9140f426-363f-4b0b-80cf-8b891668158a&ranked_content=true& returned response: <Response [200]>
2021-02-18 12:14:16,836 - instabot version: 0.117.0 (bot_filter) - INFO - Received 79 medias.
2021-02-18 12:14:16,838 - instabot version: 0.117.0 (bot_filter) - INFO - After filtration 0 medias left.
2021-02-18 12:14:21,687 - instabot version: 0.117.0 (api) - DEBUG - GET to endpoint: feed/tag/classicalmusic/?max_id=&rank_token=45468866234_9140f426-363f-4b0b-80cf-8b891668158a&ranked_content=true& returned response: <Response [200]>
2021-02-18 12:14:21,726 - instabot version: 0.117.0 (bot_filter) - INFO - Received 86 medias.
2021-02-18 12:14:21,727 - instabot version: 0.117.0 (bot_filter) - INFO - After filtration 0 medias left.
2021-02-18 12:14:24,864 - instabot version: 0.117.0 (api) - DEBUG - GET to endpoint: feed/tag/jrock/?max_id=&rank_token=45468866234_9140f426-363f-4b0b-80cf-8b891668158a&ranked_content=true& returned response: <Response [200]>
2021-02-18 12:14:24,894 - instabot version: 0.117.0 (bot_filter) - INFO - Received 86 medias.
2021-02-18 12:14:24,915 - instabot version: 0.117.0 (bot_filter) - INFO - After filtration 0 medias left.
2021-02-18 12:14:29,561 - instabot version: 0.117.0 (api) - DEBUG - GET to endpoint: feed/tag/rock/?max_id=&rank_token=45468866234_9140f426-363f-4b0b-80cf-8b891668158a&ranked_content=true& returned response: <Response [200]>
2021-02-18 12:14:29,599 - instabot version: 0.117.0 (bot_filter) - INFO - Received 82 medias.
2021-02-18 12:14:29,760 - instabot version: 0.117.0 (bot_filter) - INFO - After filtration 0 medias left.
2021-02-18 12:14:35,287 - instabot version: 0.117.0 (api) - DEBUG - GET to endpoint: feed/tag/kpop/?max_id=&rank_token=45468866234_9140f426-363f-4b0b-80cf-8b891668158a&ranked_content=true& returned response: <Response [200]>
2021-02-18 12:14:35,323 - instabot version: 0.117.0 (bot_filter) - INFO - Received 85 medias.
2021-02-18 12:14:35,333 - instabot version: 0.117.0 (bot_filter) - INFO - After filtration 0 medias left.
2021-02-18 12:14:35,339 - instabot version: 0.117.0 (bot_checkpoint) - DEBUG - Saving Checkpoint file to: C:\Users\proka\iCloudDrive\iCloud~com~omz-software~Pythonista3/config/psevdoproger.checkpoint
2021-02-18 12:14:35,341 - instabot version: 0.117.0 (bot) - INFO - Total unfollows: 12/61
2021-02-18 12:14:35,373 - instabot version: 0.117.0 (bot) - INFO - Total requests: 1820
