2021-02-17 09:03:41,598 - instabot version: 0.117.0 (bot) - INFO - Instabot version: 0.117.0 Started
2021-02-17 09:03:41,604 - instabot version: 0.117.0 (bot) - DEBUG - Bot imported from C:\Users\proka\AppData\Local\Programs\Python\Python38-32\lib\site-packages\instabot\bot\bot.py
2021-02-17 09:03:41,606 - instabot version: 0.117.0 (api_login) - DEBUG - Loading cookies
2021-02-17 09:03:41,624 - instabot version: 0.117.0 (api_login) - DEBUG - Loading uuids
2021-02-17 09:03:41,624 - instabot version: 0.117.0 (api_login) - INFO - Recovery from C:\Users\proka\iCloudDrive\iCloud~com~omz-software~Pythonista3/config/psevdoproger_uuid_and_cookie.json: COOKIE True - UUIDs True - TIMING, DEVICE and ...
- user-agent=Instagram 117.0.0.28.123 Android (28/9.0; 420dpi; 1080x1920; OnePlus; ONEPLUS A3003; OnePlus3; qcom; en_US; 180322800)
- phone_id=d9b7b868-1e47-4ad9-a1d5-508c20cbe5ec
- uuid=9140f426-363f-4b0b-80cf-8b891668158a
- client_session_id=de1de8d9-df17-490d-acd5-98d68b9ec8a6
- device_id=android-48c570bbbb11421b
2021-02-17 09:03:41,775 - instabot version: 0.117.0 (api_login) - INFO - LOGIN FLOW! Just logged-in: False
2021-02-17 09:03:43,937 - instabot version: 0.117.0 (api) - DEBUG - POST to endpoint: feed/timeline/ returned response: <Response [200]>
2021-02-17 09:03:44,582 - instabot version: 0.117.0 (api) - DEBUG - POST to endpoint: feed/reels_tray/ returned response: <Response [200]>
2021-02-17 09:03:44,588 - instabot version: 0.117.0 (api) - INFO - Logged-in successfully as 'psevdoproger'!
2021-02-17 09:03:44,589 - instabot version: 0.117.0 (bot_checkpoint) - DEBUG - Loading Checkpoint file from: C:\Users\proka\iCloudDrive\iCloud~com~omz-software~Pythonista3/config/psevdoproger.checkpoint
2021-02-17 09:03:45,027 - instabot version: 0.117.0 (api) - DEBUG - GET to endpoint: users/psevdoproger/usernameinfo/ returned response: <Response [200]>
2021-02-17 09:03:46,250 - instabot version: 0.117.0 (api) - DEBUG - GET to endpoint: users/45468866234/info/ returned response: <Response [200]>
2021-02-17 09:03:46,805 - instabot version: 0.117.0 (api) - DEBUG - GET to endpoint: friendships/45468866234/following/?max_id=&ig_sig_key_version=4&rank_token=45468866234_9140f426-363f-4b0b-80cf-8b891668158a returned response: <Response [200]>
2021-02-17 09:03:47,321 - instabot version: 0.117.0 (api) - DEBUG - GET to endpoint: feed/user/45468866234/?max_id=&min_timestamp=None&rank_token=45468866234_9140f426-363f-4b0b-80cf-8b891668158a&ranked_content=true returned response: <Response [200]>
2021-02-17 09:03:47,697 - instabot version: 0.117.0 (api) - DEBUG - GET to endpoint: feed/user/45468866234/?max_id=2493574666749730756_45468866234&min_timestamp=None&rank_token=45468866234_9140f426-363f-4b0b-80cf-8b891668158a&ranked_content=true returned response: <Response [200]>
2021-02-17 09:03:48,052 - instabot version: 0.117.0 (api) - DEBUG - GET to endpoint: media/2506896780570950988_45468866234/info/ returned response: <Response [200]>
2021-02-17 09:03:48,401 - instabot version: 0.117.0 (api) - DEBUG - GET to endpoint: media/2506896780570950988_45468866234/info/ returned response: <Response [200]>
2021-02-17 09:03:48,734 - instabot version: 0.117.0 (api) - DEBUG - GET to endpoint: media/2506896780570950988_45468866234/comments/ returned response: <Response [200]>
2021-02-17 09:05:58,578 - instabot version: 0.117.0 (bot_checkpoint) - DEBUG - Saving Checkpoint file to: C:\Users\proka\iCloudDrive\iCloud~com~omz-software~Pythonista3/config/psevdoproger.checkpoint
2021-02-17 09:05:58,580 - instabot version: 0.117.0 (bot) - INFO - Total requests: 950
