2021-02-14 18:08:25,524 - instabot version: 0.117.0 (bot) - INFO - Instabot version: 0.117.0 Started
2021-02-14 18:08:25,547 - instabot version: 0.117.0 (bot) - DEBUG - Bot imported from C:\Users\proka\AppData\Local\Programs\Python\Python38-32\lib\site-packages\instabot\bot\bot.py
2021-02-14 18:08:25,549 - instabot version: 0.117.0 (api_login) - INFO - Not yet logged in starting: PRE-LOGIN FLOW!
2021-02-14 18:08:25,930 - instabot version: 0.117.0 (api) - DEBUG - POST to endpoint: accounts/get_prefill_candidates/ returned response: <Response [200]>
2021-02-14 18:08:26,274 - instabot version: 0.117.0 (api) - DEBUG - POST to endpoint: qe/sync/ returned response: <Response [200]>
2021-02-14 18:08:26,606 - instabot version: 0.117.0 (api) - DEBUG - POST to endpoint: launcher/sync/ returned response: <Response [200]>
2021-02-14 18:08:26,943 - instabot version: 0.117.0 (api) - DEBUG - POST to endpoint: accounts/contact_point_prefill/ returned response: <Response [200]>
2021-02-14 18:08:30,057 - instabot version: 0.117.0 (api) - DEBUG - POST to endpoint: accounts/login/ returned response: <Response [400]>
2021-02-14 18:08:30,058 - instabot version: 0.117.0 (api) - DEBUG - Responsecode indicates error; response content: b'{"message":"","two_factor_required":true,"two_factor_info":{"username":"psevdoproger","sms_two_factor_on":true,"totp_two_factor_on":false,"obfuscated_phone_number":"9507","two_factor_identifier":"6KWP8UoMvY","show_messenger_code_option":false,"show_new_login_screen":true,"show_trusted_device_option":true,"should_opt_in_trusted_device_option":true,"pending_trusted_notification":false,"sms_not_allowed_reason":null,"phone_verification_settings":{"max_sms_count":2,"resend_sms_delay_sec":60,"robocall_count_down_time_sec":30,"robocall_after_max_sms":true}},"phone_verification_settings":{"max_sms_count":2,"resend_sms_delay_sec":60,"robocall_count_down_time_sec":30,"robocall_after_max_sms":true},"status":"fail","error_type":"two_factor_required"}'
2021-02-14 18:08:30,058 - instabot version: 0.117.0 (api) - ERROR - Request returns 400 error!
2021-02-14 18:08:30,059 - instabot version: 0.117.0 (api) - INFO - Two-factor authentication required
2021-02-14 18:08:43,345 - instabot version: 0.117.0 (api) - ERROR - Two-factor authentication request returns 400 error with message {"message":"Please check the security code and try again.","status":"fail","error_type":"sms_code_validation_code_invalid"} !
2021-02-14 18:08:43,348 - instabot version: 0.117.0 (api) - INFO - Two-factor authentication required
2021-02-14 18:08:56,371 - instabot version: 0.117.0 (api) - INFO - Logged-in successfully as 'psevdoproger'!
2021-02-14 18:08:56,372 - instabot version: 0.117.0 (api_login) - INFO - LOGIN FLOW! Just logged-in: True
2021-02-14 18:08:56,770 - instabot version: 0.117.0 (api) - DEBUG - POST to endpoint: qe/sync/ returned response: <Response [200]>
2021-02-14 18:08:57,093 - instabot version: 0.117.0 (api) - DEBUG - POST to endpoint: launcher/sync/ returned response: <Response [200]>
2021-02-14 18:08:57,406 - instabot version: 0.117.0 (api) - DEBUG - GET to endpoint: zr/token/result/?device_id=android-48c570bbbb11421b&token_hash=&custom_device_id=android-48c570bbbb11421b&fetch_reason=token_expired returned response: <Response [200]>
2021-02-14 18:08:57,716 - instabot version: 0.117.0 (api) - DEBUG - GET to endpoint: multiple_accounts/get_account_family/ returned response: <Response [200]>
2021-02-14 18:08:58,029 - instabot version: 0.117.0 (api) - DEBUG - POST to endpoint: qe/sync/ returned response: <Response [200]>
2021-02-14 18:08:58,677 - instabot version: 0.117.0 (api) - DEBUG - GET to endpoint: igtv/browse_feed/?prefetch=1 returned response: <Response [200]>
2021-02-14 18:08:58,995 - instabot version: 0.117.0 (api) - DEBUG - POST to endpoint: creatives/ar_class/ returned response: <Response [200]>
2021-02-14 18:08:59,849 - instabot version: 0.117.0 (api) - DEBUG - POST to endpoint: feed/reels_tray/ returned response: <Response [200]>
2021-02-14 18:09:02,746 - instabot version: 0.117.0 (api) - DEBUG - POST to endpoint: feed/timeline/ returned response: <Response [200]>
2021-02-14 18:09:03,069 - instabot version: 0.117.0 (api) - DEBUG - GET to endpoint: media/blocked/ returned response: <Response [200]>
2021-02-14 18:09:04,125 - instabot version: 0.117.0 (api) - DEBUG - GET to endpoint: news/inbox/ returned response: <Response [200]>
2021-02-14 18:09:04,448 - instabot version: 0.117.0 (api) - DEBUG - GET to endpoint: loom/fetch_config/ returned response: <Response [200]>
2021-02-14 18:09:05,864 - instabot version: 0.117.0 (api) - DEBUG - GET to endpoint: scores/bootstrap/users/?surfaces=["autocomplete_user_list","coefficient_besties_list_ranking","coefficient_rank_recipient_user_suggestion","coefficient_ios_section_test_bootstrap_ranking","coefficient_direct_recipients_ranking_variant_2"] returned response: <Response [200]>
2021-02-14 18:09:06,180 - instabot version: 0.117.0 (api) - DEBUG - GET to endpoint: business/eligibility/get_monetization_products_eligibility_data/?product_types=branded_content returned response: <Response [200]>
2021-02-14 18:09:06,529 - instabot version: 0.117.0 (api) - DEBUG - GET to endpoint: business/branded_content/should_require_professional_account/ returned response: <Response [200]>
2021-02-14 18:09:06,843 - instabot version: 0.117.0 (api) - DEBUG - GET to endpoint: linked_accounts/get_linkage_status/ returned response: <Response [200]>
2021-02-14 18:09:07,154 - instabot version: 0.117.0 (api) - DEBUG - GET to endpoint: locations/request_country/ returned response: <Response [200]>
2021-02-14 18:09:07,475 - instabot version: 0.117.0 (api) - DEBUG - GET to endpoint: qp/get_cooldowns/?signed_body=signed_body=4b9c516a5410a3bc128e09c6104a7f042146b9c2023870560c63a43a7f66781c.4&ig_sig_key_version=4&ig_sig_key_version=4 returned response: <Response [200]>
2021-02-14 18:09:07,894 - instabot version: 0.117.0 (api) - DEBUG - GET to endpoint: users/arlink_download_info/?version_override=2.2.1 returned response: <Response [200]>
2021-02-14 18:09:08,584 - instabot version: 0.117.0 (api) - DEBUG - GET to endpoint: users/45468866234/info/ returned response: <Response [200]>
2021-02-14 18:09:09,137 - instabot version: 0.117.0 (api) - DEBUG - GET to endpoint: direct_v2/get_presence/ returned response: <Response [200]>
2021-02-14 18:09:09,546 - instabot version: 0.117.0 (api) - DEBUG - GET to endpoint: direct_v2/inbox/?visual_message_return_type=unseen&thread_message_limit=10&persistentBadging=true&limit=20 returned response: <Response [200]>
2021-02-14 18:09:09,894 - instabot version: 0.117.0 (api) - DEBUG - GET to endpoint: direct_v2/inbox/?visual_message_return_type=unseen&persistentBadging=true&limit=0 returned response: <Response [200]>
2021-02-14 18:09:10,406 - instabot version: 0.117.0 (api) - DEBUG - GET to endpoint: discover/topical_explore/?is_prefetch=true&omit_cover_media=true&use_sectional_payload=true&timezone_offset=0&session_id=755f1868-28ad-421d-8149-fca6014b89bb&include_fixed_destinations=true returned response: <Response [200]>
2021-02-14 18:09:10,727 - instabot version: 0.117.0 (api) - DEBUG - POST to endpoint: notifications/badge/ returned response: <Response [200]>
2021-02-14 18:09:11,113 - instabot version: 0.117.0 (api) - DEBUG - POST to endpoint: qp/batch_fetch/ returned response: <Response [200]>
2021-02-14 18:09:11,116 - instabot version: 0.117.0 (bot_checkpoint) - DEBUG - Loading Checkpoint file from: C:\Users\proka\iCloudDrive\iCloud~com~omz-software~Pythonista3/config/psevdoproger.checkpoint
2021-02-14 18:09:11,124 - instabot version: 0.117.0 (bot_unfollow) - INFO - Unfollowing non-followers.
2021-02-14 18:09:11,595 - instabot version: 0.117.0 (api) - DEBUG - GET to endpoint: users/45468866234/info/ returned response: <Response [200]>
2021-02-14 18:09:12,179 - instabot version: 0.117.0 (api) - DEBUG - GET to endpoint: friendships/45468866234/following/?max_id=&ig_sig_key_version=4&rank_token=45468866234_c047a145-9404-49bb-89c7-114d3be03a73 returned response: <Response [200]>
2021-02-14 18:09:12,626 - instabot version: 0.117.0 (api) - DEBUG - GET to endpoint: users/45468866234/info/ returned response: <Response [200]>
2021-02-14 18:09:13,240 - instabot version: 0.117.0 (api) - DEBUG - GET to endpoint: friendships/45468866234/followers/?rank_token=45468866234_c047a145-9404-49bb-89c7-114d3be03a73 returned response: <Response [200]>
2021-02-14 18:09:13,839 - instabot version: 0.117.0 (api) - DEBUG - GET to endpoint: users/5387000309/info/ returned response: <Response [200]>
2021-02-14 18:09:13,840 - instabot version: 0.117.0 (bot_unfollow) - INFO - Going to unfollow `user_id` 5387000309 with username ptowntheater.
2021-02-14 18:09:17,464 - instabot version: 0.117.0 (api) - DEBUG - POST to endpoint: friendships/destroy/5387000309/ returned response: <Response [200]>
2021-02-14 18:09:17,464 - instabot version: 0.117.0 (bot_unfollow) - INFO - Unfollowed `user_id` 5387000309 with username ptowntheater
2021-02-14 18:09:18,114 - instabot version: 0.117.0 (api) - DEBUG - GET to endpoint: users/41704275388/info/ returned response: <Response [200]>
2021-02-14 18:09:18,115 - instabot version: 0.117.0 (bot_unfollow) - INFO - Going to unfollow `user_id` 41704275388 with username ballsrususa.
2021-02-14 18:14:32,485 - instabot version: 0.117.0 (bot_checkpoint) - DEBUG - Saving Checkpoint file to: C:\Users\proka\iCloudDrive\iCloud~com~omz-software~Pythonista3/config/psevdoproger.checkpoint
2021-02-14 18:14:32,493 - instabot version: 0.117.0 (bot) - INFO - Total unfollows: 2/50
2021-02-14 18:14:32,517 - instabot version: 0.117.0 (bot) - INFO - Total requests: 45
