2021-02-16 09:24:34,615 - instabot version: 0.117.0 (bot) - INFO - Instabot version: 0.117.0 Started
2021-02-16 09:24:34,629 - instabot version: 0.117.0 (bot) - DEBUG - Bot imported from C:\Users\proka\AppData\Local\Programs\Python\Python38-32\lib\site-packages\instabot\bot\bot.py
2021-02-16 09:24:34,631 - instabot version: 0.117.0 (api_login) - DEBUG - Loading cookies
2021-02-16 09:24:34,632 - instabot version: 0.117.0 (api_login) - DEBUG - Loading uuids
2021-02-16 09:24:34,632 - instabot version: 0.117.0 (api_login) - INFO - Recovery from C:\Users\proka\iCloudDrive\iCloud~com~omz-software~Pythonista3/config/psevdoproger_uuid_and_cookie.json: COOKIE True - UUIDs True - TIMING, DEVICE and ...
- user-agent=Instagram 117.0.0.28.123 Android (28/9.0; 420dpi; 1080x1920; OnePlus; ONEPLUS A3003; OnePlus3; qcom; en_US; 180322800)
- phone_id=d9b7b868-1e47-4ad9-a1d5-508c20cbe5ec
- uuid=9140f426-363f-4b0b-80cf-8b891668158a
- client_session_id=0e653618-9c32-4aff-a988-a0bde1b4851e
- device_id=android-48c570bbbb11421b
2021-02-16 09:24:34,664 - instabot version: 0.117.0 (api_login) - INFO - LOGIN FLOW! Just logged-in: False
2021-02-16 09:24:36,878 - instabot version: 0.117.0 (api) - DEBUG - POST to endpoint: feed/timeline/ returned response: <Response [200]>
2021-02-16 09:24:37,508 - instabot version: 0.117.0 (api) - DEBUG - POST to endpoint: feed/reels_tray/ returned response: <Response [200]>
2021-02-16 09:24:37,514 - instabot version: 0.117.0 (api) - INFO - Logged-in successfully as 'psevdoproger'!
2021-02-16 09:24:37,515 - instabot version: 0.117.0 (bot_checkpoint) - DEBUG - Loading Checkpoint file from: C:\Users\proka\iCloudDrive\iCloud~com~omz-software~Pythonista3/config/psevdoproger.checkpoint
2021-02-16 09:24:37,920 - instabot version: 0.117.0 (api) - DEBUG - GET to endpoint: users/psevdoproger/usernameinfo/ returned response: <Response [200]>
2021-02-16 09:24:39,220 - instabot version: 0.117.0 (api) - DEBUG - GET to endpoint: users/45468866234/info/ returned response: <Response [200]>
2021-02-16 09:24:39,747 - instabot version: 0.117.0 (api) - DEBUG - GET to endpoint: friendships/45468866234/following/?max_id=&ig_sig_key_version=4&rank_token=45468866234_9140f426-363f-4b0b-80cf-8b891668158a returned response: <Response [200]>
2021-02-16 09:24:40,322 - instabot version: 0.117.0 (api) - DEBUG - GET to endpoint: users/45468866234/info/ returned response: <Response [200]>
2021-02-16 09:24:41,083 - instabot version: 0.117.0 (api) - DEBUG - GET to endpoint: friendships/45468866234/following/?max_id=&ig_sig_key_version=4&rank_token=45468866234_9140f426-363f-4b0b-80cf-8b891668158a returned response: <Response [200]>
2021-02-16 09:24:41,788 - instabot version: 0.117.0 (api) - DEBUG - GET to endpoint: feed/user/1259371895/?max_id=&min_timestamp=None&rank_token=45468866234_9140f426-363f-4b0b-80cf-8b891668158a&ranked_content=true returned response: <Response [200]>
2021-02-16 09:24:41,807 - instabot version: 0.117.0 (bot_filter) - INFO - Received 18 medias.
2021-02-16 09:24:41,808 - instabot version: 0.117.0 (bot_filter) - INFO - After filtration 0 medias left.
2021-02-16 09:24:42,451 - instabot version: 0.117.0 (api) - DEBUG - GET to endpoint: feed/user/10689439537/?max_id=&min_timestamp=None&rank_token=45468866234_9140f426-363f-4b0b-80cf-8b891668158a&ranked_content=true returned response: <Response [200]>
2021-02-16 09:24:42,457 - instabot version: 0.117.0 (bot_filter) - INFO - Received 18 medias.
2021-02-16 09:24:42,458 - instabot version: 0.117.0 (bot_filter) - INFO - After filtration 0 medias left.
2021-02-16 09:24:43,153 - instabot version: 0.117.0 (api) - DEBUG - GET to endpoint: feed/user/6895367322/?max_id=&min_timestamp=None&rank_token=45468866234_9140f426-363f-4b0b-80cf-8b891668158a&ranked_content=true returned response: <Response [200]>
2021-02-16 09:24:43,158 - instabot version: 0.117.0 (bot_filter) - INFO - Received 18 medias.
2021-02-16 09:24:43,159 - instabot version: 0.117.0 (bot_filter) - INFO - After filtration 0 medias left.
2021-02-16 09:24:43,560 - instabot version: 0.117.0 (api) - DEBUG - GET to endpoint: feed/user/41798186732/?max_id=&min_timestamp=None&rank_token=45468866234_9140f426-363f-4b0b-80cf-8b891668158a&ranked_content=true returned response: <Response [200]>
2021-02-16 09:24:43,563 - instabot version: 0.117.0 (bot_filter) - INFO - Received 15 medias.
2021-02-16 09:24:43,564 - instabot version: 0.117.0 (bot_filter) - INFO - After filtration 0 medias left.
2021-02-16 09:24:43,990 - instabot version: 0.117.0 (api) - DEBUG - GET to endpoint: feed/user/18349003214/?max_id=&min_timestamp=None&rank_token=45468866234_9140f426-363f-4b0b-80cf-8b891668158a&ranked_content=true returned response: <Response [200]>
2021-02-16 09:24:43,995 - instabot version: 0.117.0 (bot_filter) - INFO - Received 13 medias.
2021-02-16 09:24:43,996 - instabot version: 0.117.0 (bot_filter) - INFO - After filtration 0 medias left.
2021-02-16 09:24:44,027 - instabot version: 0.117.0 (bot_checkpoint) - DEBUG - Saving Checkpoint file to: C:\Users\proka\iCloudDrive\iCloud~com~omz-software~Pythonista3/config/psevdoproger.checkpoint
2021-02-16 09:24:44,058 - instabot version: 0.117.0 (bot) - INFO - Total follows: 2/54
2021-02-16 09:24:44,074 - instabot version: 0.117.0 (bot) - INFO - Total requests: 181
