2021-02-18 12:57:38,299 - instabot version: 0.117.0 (bot) - INFO - Instabot version: 0.117.0 Started
2021-02-18 12:57:38,333 - instabot version: 0.117.0 (bot) - DEBUG - Bot imported from C:\Users\proka\AppData\Local\Programs\Python\Python38-32\lib\site-packages\instabot\bot\bot.py
2021-02-18 12:57:38,335 - instabot version: 0.117.0 (api_login) - DEBUG - Loading cookies
2021-02-18 12:57:38,335 - instabot version: 0.117.0 (api_login) - DEBUG - Loading uuids
2021-02-18 12:57:38,336 - instabot version: 0.117.0 (api_login) - INFO - Recovery from C:\Users\proka\iCloudDrive\iCloud~com~omz-software~Pythonista3/config/psevdoproger_uuid_and_cookie.json: COOKIE True - UUIDs True - TIMING, DEVICE and ...
- user-agent=Instagram 117.0.0.28.123 Android (28/9.0; 420dpi; 1080x1920; OnePlus; ONEPLUS A3003; OnePlus3; qcom; en_US; 180322800)
- phone_id=d9b7b868-1e47-4ad9-a1d5-508c20cbe5ec
- uuid=9140f426-363f-4b0b-80cf-8b891668158a
- client_session_id=d092c3ae-8c38-4de2-a220-89042bac5943
- device_id=android-48c570bbbb11421b
2021-02-18 12:57:38,362 - instabot version: 0.117.0 (api_login) - INFO - LOGIN FLOW! Just logged-in: False
2021-02-18 12:57:39,774 - instabot version: 0.117.0 (api) - DEBUG - POST to endpoint: feed/timeline/ returned response: <Response [200]>
2021-02-18 12:57:40,373 - instabot version: 0.117.0 (api) - DEBUG - POST to endpoint: feed/reels_tray/ returned response: <Response [200]>
2021-02-18 12:57:40,378 - instabot version: 0.117.0 (api) - INFO - Logged-in successfully as 'psevdoproger'!
2021-02-18 12:57:40,379 - instabot version: 0.117.0 (bot_checkpoint) - DEBUG - Loading Checkpoint file from: C:\Users\proka\iCloudDrive\iCloud~com~omz-software~Pythonista3/config/psevdoproger.checkpoint
2021-02-18 12:57:40,789 - instabot version: 0.117.0 (api) - DEBUG - GET to endpoint: users/psevdoproger/usernameinfo/ returned response: <Response [200]>
2021-02-18 12:57:41,637 - instabot version: 0.117.0 (api) - DEBUG - GET to endpoint: users/45468866234/info/ returned response: <Response [200]>
2021-02-18 12:57:42,151 - instabot version: 0.117.0 (api) - DEBUG - GET to endpoint: friendships/45468866234/following/?max_id=&ig_sig_key_version=4&rank_token=45468866234_9140f426-363f-4b0b-80cf-8b891668158a returned response: <Response [200]>
2021-02-18 12:57:42,194 - instabot version: 0.117.0 (bot_unfollow) - INFO - Unfollowing non-followers.
2021-02-18 12:57:42,677 - instabot version: 0.117.0 (api) - DEBUG - GET to endpoint: users/45468866234/info/ returned response: <Response [200]>
2021-02-18 12:57:43,076 - instabot version: 0.117.0 (api) - DEBUG - GET to endpoint: friendships/45468866234/following/?max_id=&ig_sig_key_version=4&rank_token=45468866234_9140f426-363f-4b0b-80cf-8b891668158a returned response: <Response [200]>
2021-02-18 12:57:43,498 - instabot version: 0.117.0 (api) - DEBUG - GET to endpoint: users/45468866234/info/ returned response: <Response [200]>
2021-02-18 12:57:43,875 - instabot version: 0.117.0 (api) - DEBUG - GET to endpoint: friendships/45468866234/followers/?rank_token=45468866234_9140f426-363f-4b0b-80cf-8b891668158a returned response: <Response [200]>
2021-02-18 12:57:44,558 - instabot version: 0.117.0 (api) - DEBUG - GET to endpoint: users/1750838283/info/ returned response: <Response [200]>
2021-02-18 12:57:44,558 - instabot version: 0.117.0 (bot_unfollow) - INFO - Going to unfollow `user_id` 1750838283 with username javascript.js.
2021-02-18 12:57:46,766 - instabot version: 0.117.0 (api) - DEBUG - POST to endpoint: friendships/destroy/1750838283/ returned response: <Response [200]>
2021-02-18 12:57:46,767 - instabot version: 0.117.0 (bot_unfollow) - INFO - Unfollowed `user_id` 1750838283 with username javascript.js
2021-02-18 12:57:47,208 - instabot version: 0.117.0 (api) - DEBUG - GET to endpoint: users/45322740021/info/ returned response: <Response [200]>
2021-02-18 12:57:47,208 - instabot version: 0.117.0 (bot_unfollow) - INFO - Going to unfollow `user_id` 45322740021 with username python_beginner.lets_go.
2021-02-18 13:01:30,849 - instabot version: 0.117.0 (api) - DEBUG - POST to endpoint: friendships/destroy/45322740021/ returned response: <Response [200]>
2021-02-18 13:01:30,850 - instabot version: 0.117.0 (bot_unfollow) - INFO - Unfollowed `user_id` 45322740021 with username python_beginner.lets_go
2021-02-18 13:01:31,333 - instabot version: 0.117.0 (api) - DEBUG - GET to endpoint: users/45468866234/info/ returned response: <Response [200]>
2021-02-18 13:01:31,785 - instabot version: 0.117.0 (api) - DEBUG - GET to endpoint: friendships/45468866234/following/?max_id=&ig_sig_key_version=4&rank_token=45468866234_9140f426-363f-4b0b-80cf-8b891668158a returned response: <Response [200]>
2021-02-18 13:01:32,646 - instabot version: 0.117.0 (api) - DEBUG - GET to endpoint: feed/user/8375116447/?max_id=&min_timestamp=None&rank_token=45468866234_9140f426-363f-4b0b-80cf-8b891668158a&ranked_content=true returned response: <Response [200]>
2021-02-18 13:01:32,653 - instabot version: 0.117.0 (bot_filter) - INFO - Received 18 medias.
2021-02-18 13:01:32,655 - instabot version: 0.117.0 (bot_filter) - INFO - After filtration 0 medias left.
2021-02-18 13:01:33,061 - instabot version: 0.117.0 (api) - DEBUG - GET to endpoint: feed/user/11568730559/?max_id=&min_timestamp=None&rank_token=45468866234_9140f426-363f-4b0b-80cf-8b891668158a&ranked_content=true returned response: <Response [200]>
2021-02-18 13:01:33,064 - instabot version: 0.117.0 (bot_filter) - INFO - Received 12 medias.
2021-02-18 13:01:33,065 - instabot version: 0.117.0 (bot_filter) - INFO - After filtration 0 medias left.
2021-02-18 13:01:33,385 - instabot version: 0.117.0 (api) - DEBUG - GET to endpoint: feed/user/6332838481/?max_id=&min_timestamp=None&rank_token=45468866234_9140f426-363f-4b0b-80cf-8b891668158a&ranked_content=true returned response: <Response [200]>
2021-02-18 13:01:33,385 - instabot version: 0.117.0 (bot_filter) - INFO - Received 0 medias.
2021-02-18 13:01:33,386 - instabot version: 0.117.0 (bot_filter) - INFO - After filtration 0 medias left.
2021-02-18 13:01:34,495 - instabot version: 0.117.0 (api) - DEBUG - GET to endpoint: feed/user/9883255273/?max_id=&min_timestamp=None&rank_token=45468866234_9140f426-363f-4b0b-80cf-8b891668158a&ranked_content=true returned response: <Response [200]>
2021-02-18 13:01:34,508 - instabot version: 0.117.0 (bot_filter) - INFO - Received 35 medias.
2021-02-18 13:01:34,509 - instabot version: 0.117.0 (bot_filter) - INFO - After filtration 0 medias left.
2021-02-18 13:01:34,942 - instabot version: 0.117.0 (api) - DEBUG - GET to endpoint: feed/user/12067816655/?max_id=&min_timestamp=None&rank_token=45468866234_9140f426-363f-4b0b-80cf-8b891668158a&ranked_content=true returned response: <Response [200]>
2021-02-18 13:01:34,944 - instabot version: 0.117.0 (bot_filter) - INFO - Received 5 medias.
2021-02-18 13:01:34,945 - instabot version: 0.117.0 (bot_filter) - INFO - After filtration 0 medias left.
2021-02-18 13:01:36,051 - instabot version: 0.117.0 (api) - DEBUG - GET to endpoint: feed/user/45426233253/?max_id=&min_timestamp=None&rank_token=45468866234_9140f426-363f-4b0b-80cf-8b891668158a&ranked_content=true returned response: <Response [200]>
2021-02-18 13:01:36,068 - instabot version: 0.117.0 (bot_filter) - INFO - Received 18 medias.
2021-02-18 13:01:36,069 - instabot version: 0.117.0 (bot_filter) - INFO - After filtration 0 medias left.
2021-02-18 13:01:36,706 - instabot version: 0.117.0 (api) - DEBUG - GET to endpoint: feed/user/1431724849/?max_id=&min_timestamp=None&rank_token=45468866234_9140f426-363f-4b0b-80cf-8b891668158a&ranked_content=true returned response: <Response [200]>
2021-02-18 13:01:36,711 - instabot version: 0.117.0 (bot_filter) - INFO - Received 12 medias.
2021-02-18 13:01:36,712 - instabot version: 0.117.0 (bot_filter) - INFO - After filtration 0 medias left.
2021-02-18 13:01:37,277 - instabot version: 0.117.0 (api) - DEBUG - GET to endpoint: feed/user/3001006101/?max_id=&min_timestamp=None&rank_token=45468866234_9140f426-363f-4b0b-80cf-8b891668158a&ranked_content=true returned response: <Response [200]>
2021-02-18 13:01:37,280 - instabot version: 0.117.0 (bot_filter) - INFO - Received 12 medias.
2021-02-18 13:01:37,282 - instabot version: 0.117.0 (bot_filter) - INFO - After filtration 0 medias left.
2021-02-18 13:01:37,856 - instabot version: 0.117.0 (api) - DEBUG - GET to endpoint: feed/user/8341907421/?max_id=&min_timestamp=None&rank_token=45468866234_9140f426-363f-4b0b-80cf-8b891668158a&ranked_content=true returned response: <Response [200]>
2021-02-18 13:01:37,860 - instabot version: 0.117.0 (bot_filter) - INFO - Received 12 medias.
2021-02-18 13:01:37,861 - instabot version: 0.117.0 (bot_filter) - INFO - After filtration 0 medias left.
2021-02-18 13:01:38,255 - instabot version: 0.117.0 (api) - DEBUG - GET to endpoint: feed/user/8316593356/?max_id=&min_timestamp=None&rank_token=45468866234_9140f426-363f-4b0b-80cf-8b891668158a&ranked_content=true returned response: <Response [200]>
2021-02-18 13:01:38,258 - instabot version: 0.117.0 (bot_filter) - INFO - Received 12 medias.
2021-02-18 13:01:38,259 - instabot version: 0.117.0 (bot_filter) - INFO - After filtration 0 medias left.
2021-02-18 13:01:38,698 - instabot version: 0.117.0 (api) - DEBUG - GET to endpoint: feed/user/8317207842/?max_id=&min_timestamp=None&rank_token=45468866234_9140f426-363f-4b0b-80cf-8b891668158a&ranked_content=true returned response: <Response [200]>
2021-02-18 13:01:38,700 - instabot version: 0.117.0 (bot_filter) - INFO - Received 12 medias.
2021-02-18 13:01:38,701 - instabot version: 0.117.0 (bot_filter) - INFO - After filtration 0 medias left.
2021-02-18 13:01:39,150 - instabot version: 0.117.0 (api) - DEBUG - GET to endpoint: feed/user/4124563134/?max_id=&min_timestamp=None&rank_token=45468866234_9140f426-363f-4b0b-80cf-8b891668158a&ranked_content=true returned response: <Response [200]>
2021-02-18 13:01:39,154 - instabot version: 0.117.0 (bot_filter) - INFO - Received 12 medias.
2021-02-18 13:01:39,162 - instabot version: 0.117.0 (bot_filter) - INFO - After filtration 0 medias left.
2021-02-18 13:01:39,642 - instabot version: 0.117.0 (api) - DEBUG - GET to endpoint: feed/user/3218467572/?max_id=&min_timestamp=None&rank_token=45468866234_9140f426-363f-4b0b-80cf-8b891668158a&ranked_content=true returned response: <Response [200]>
2021-02-18 13:01:39,644 - instabot version: 0.117.0 (bot_filter) - INFO - Received 12 medias.
2021-02-18 13:01:39,724 - instabot version: 0.117.0 (bot_filter) - INFO - After filtration 0 medias left.
2021-02-18 13:01:40,186 - instabot version: 0.117.0 (api) - DEBUG - GET to endpoint: feed/user/8415424454/?max_id=&min_timestamp=None&rank_token=45468866234_9140f426-363f-4b0b-80cf-8b891668158a&ranked_content=true returned response: <Response [200]>
2021-02-18 13:01:40,188 - instabot version: 0.117.0 (bot_filter) - INFO - Received 12 medias.
2021-02-18 13:01:40,189 - instabot version: 0.117.0 (bot_filter) - INFO - After filtration 0 medias left.
2021-02-18 13:01:40,696 - instabot version: 0.117.0 (api) - DEBUG - GET to endpoint: feed/user/26038919389/?max_id=&min_timestamp=None&rank_token=45468866234_9140f426-363f-4b0b-80cf-8b891668158a&ranked_content=true returned response: <Response [200]>
2021-02-18 13:01:40,701 - instabot version: 0.117.0 (bot_filter) - INFO - Received 18 medias.
2021-02-18 13:01:40,702 - instabot version: 0.117.0 (bot_filter) - INFO - After filtration 0 medias left.
2021-02-18 13:01:41,450 - instabot version: 0.117.0 (api) - DEBUG - GET to endpoint: feed/user/28614348239/?max_id=&min_timestamp=None&rank_token=45468866234_9140f426-363f-4b0b-80cf-8b891668158a&ranked_content=true returned response: <Response [200]>
2021-02-18 13:01:41,458 - instabot version: 0.117.0 (bot_filter) - INFO - Received 12 medias.
2021-02-18 13:01:41,459 - instabot version: 0.117.0 (bot_filter) - INFO - After filtration 0 medias left.
2021-02-18 13:01:42,207 - instabot version: 0.117.0 (api) - DEBUG - GET to endpoint: feed/user/9455084983/?max_id=&min_timestamp=None&rank_token=45468866234_9140f426-363f-4b0b-80cf-8b891668158a&ranked_content=true returned response: <Response [200]>
2021-02-18 13:01:42,216 - instabot version: 0.117.0 (bot_filter) - INFO - Received 12 medias.
2021-02-18 13:01:42,217 - instabot version: 0.117.0 (bot_filter) - INFO - After filtration 0 medias left.
2021-02-18 13:01:42,626 - instabot version: 0.117.0 (api) - DEBUG - GET to endpoint: feed/user/7097506766/?max_id=&min_timestamp=None&rank_token=45468866234_9140f426-363f-4b0b-80cf-8b891668158a&ranked_content=true returned response: <Response [200]>
2021-02-18 13:01:42,628 - instabot version: 0.117.0 (bot_filter) - INFO - Received 12 medias.
2021-02-18 13:01:42,629 - instabot version: 0.117.0 (bot_filter) - INFO - After filtration 0 medias left.
2021-02-18 13:01:43,719 - instabot version: 0.117.0 (api) - DEBUG - GET to endpoint: feed/user/43691184526/?max_id=&min_timestamp=None&rank_token=45468866234_9140f426-363f-4b0b-80cf-8b891668158a&ranked_content=true returned response: <Response [200]>
2021-02-18 13:01:43,727 - instabot version: 0.117.0 (bot_filter) - INFO - Received 18 medias.
2021-02-18 13:01:43,728 - instabot version: 0.117.0 (bot_filter) - INFO - After filtration 0 medias left.
2021-02-18 13:01:44,437 - instabot version: 0.117.0 (api) - DEBUG - GET to endpoint: feed/user/9773476139/?max_id=&min_timestamp=None&rank_token=45468866234_9140f426-363f-4b0b-80cf-8b891668158a&ranked_content=true returned response: <Response [200]>
2021-02-18 13:01:44,444 - instabot version: 0.117.0 (bot_filter) - INFO - Received 18 medias.
2021-02-18 13:01:44,445 - instabot version: 0.117.0 (bot_filter) - INFO - After filtration 0 medias left.
2021-02-18 13:01:45,151 - instabot version: 0.117.0 (api) - DEBUG - GET to endpoint: feed/user/35860305945/?max_id=&min_timestamp=None&rank_token=45468866234_9140f426-363f-4b0b-80cf-8b891668158a&ranked_content=true returned response: <Response [200]>
2021-02-18 13:01:45,158 - instabot version: 0.117.0 (bot_filter) - INFO - Received 18 medias.
2021-02-18 13:01:45,159 - instabot version: 0.117.0 (bot_filter) - INFO - After filtration 0 medias left.
2021-02-18 13:01:45,625 - instabot version: 0.117.0 (api) - DEBUG - GET to endpoint: feed/user/44980083590/?max_id=&min_timestamp=None&rank_token=45468866234_9140f426-363f-4b0b-80cf-8b891668158a&ranked_content=true returned response: <Response [200]>
2021-02-18 13:01:45,629 - instabot version: 0.117.0 (bot_filter) - INFO - Received 18 medias.
2021-02-18 13:01:45,630 - instabot version: 0.117.0 (bot_filter) - INFO - After filtration 0 medias left.
2021-02-18 13:01:46,681 - instabot version: 0.117.0 (api) - DEBUG - GET to endpoint: feed/user/44822754343/?max_id=&min_timestamp=None&rank_token=45468866234_9140f426-363f-4b0b-80cf-8b891668158a&ranked_content=true returned response: <Response [200]>
2021-02-18 13:01:46,698 - instabot version: 0.117.0 (bot_filter) - INFO - Received 18 medias.
2021-02-18 13:01:46,700 - instabot version: 0.117.0 (bot_filter) - INFO - After filtration 0 medias left.
2021-02-18 13:01:47,303 - instabot version: 0.117.0 (api) - DEBUG - GET to endpoint: feed/user/4044417560/?max_id=&min_timestamp=None&rank_token=45468866234_9140f426-363f-4b0b-80cf-8b891668158a&ranked_content=true returned response: <Response [200]>
2021-02-18 13:01:47,320 - instabot version: 0.117.0 (bot_filter) - INFO - Received 18 medias.
2021-02-18 13:01:47,321 - instabot version: 0.117.0 (bot_filter) - INFO - After filtration 0 medias left.
2021-02-18 13:01:48,181 - instabot version: 0.117.0 (api) - DEBUG - GET to endpoint: feed/user/40924321026/?max_id=&min_timestamp=None&rank_token=45468866234_9140f426-363f-4b0b-80cf-8b891668158a&ranked_content=true returned response: <Response [200]>
2021-02-18 13:01:48,193 - instabot version: 0.117.0 (bot_filter) - INFO - Received 18 medias.
2021-02-18 13:01:48,194 - instabot version: 0.117.0 (bot_filter) - INFO - After filtration 0 medias left.
2021-02-18 13:01:48,691 - instabot version: 0.117.0 (api) - DEBUG - GET to endpoint: feed/user/5580324684/?max_id=&min_timestamp=None&rank_token=45468866234_9140f426-363f-4b0b-80cf-8b891668158a&ranked_content=true returned response: <Response [200]>
2021-02-18 13:01:48,696 - instabot version: 0.117.0 (bot_filter) - INFO - Received 18 medias.
2021-02-18 13:01:48,697 - instabot version: 0.117.0 (bot_filter) - INFO - After filtration 0 medias left.
2021-02-18 13:01:49,511 - instabot version: 0.117.0 (api) - DEBUG - GET to endpoint: feed/user/2075059173/?max_id=&min_timestamp=None&rank_token=45468866234_9140f426-363f-4b0b-80cf-8b891668158a&ranked_content=true returned response: <Response [200]>
2021-02-18 13:01:49,529 - instabot version: 0.117.0 (bot_filter) - INFO - Received 18 medias.
2021-02-18 13:01:49,530 - instabot version: 0.117.0 (bot_filter) - INFO - After filtration 0 medias left.
2021-02-18 13:01:50,099 - instabot version: 0.117.0 (api) - DEBUG - GET to endpoint: feed/user/31613613202/?max_id=&min_timestamp=None&rank_token=45468866234_9140f426-363f-4b0b-80cf-8b891668158a&ranked_content=true returned response: <Response [200]>
2021-02-18 13:01:50,104 - instabot version: 0.117.0 (bot_filter) - INFO - Received 18 medias.
2021-02-18 13:01:50,106 - instabot version: 0.117.0 (bot_filter) - INFO - After filtration 0 medias left.
2021-02-18 13:01:50,599 - instabot version: 0.117.0 (api) - DEBUG - GET to endpoint: feed/user/44737054165/?max_id=&min_timestamp=None&rank_token=45468866234_9140f426-363f-4b0b-80cf-8b891668158a&ranked_content=true returned response: <Response [200]>
2021-02-18 13:01:50,603 - instabot version: 0.117.0 (bot_filter) - INFO - Received 18 medias.
2021-02-18 13:01:50,605 - instabot version: 0.117.0 (bot_filter) - INFO - After filtration 0 medias left.
2021-02-18 13:01:51,354 - instabot version: 0.117.0 (api) - DEBUG - GET to endpoint: feed/user/45068219964/?max_id=&min_timestamp=None&rank_token=45468866234_9140f426-363f-4b0b-80cf-8b891668158a&ranked_content=true returned response: <Response [200]>
2021-02-18 13:01:51,362 - instabot version: 0.117.0 (bot_filter) - INFO - Received 18 medias.
2021-02-18 13:01:51,363 - instabot version: 0.117.0 (bot_filter) - INFO - After filtration 0 medias left.
2021-02-18 13:01:52,465 - instabot version: 0.117.0 (api) - DEBUG - GET to endpoint: feed/user/44748846021/?max_id=&min_timestamp=None&rank_token=45468866234_9140f426-363f-4b0b-80cf-8b891668158a&ranked_content=true returned response: <Response [200]>
2021-02-18 13:01:52,477 - instabot version: 0.117.0 (bot_filter) - INFO - Received 18 medias.
2021-02-18 13:01:52,478 - instabot version: 0.117.0 (bot_filter) - INFO - After filtration 0 medias left.
2021-02-18 13:01:53,593 - instabot version: 0.117.0 (api) - DEBUG - GET to endpoint: feed/user/43381901771/?max_id=&min_timestamp=None&rank_token=45468866234_9140f426-363f-4b0b-80cf-8b891668158a&ranked_content=true returned response: <Response [200]>
2021-02-18 13:01:53,602 - instabot version: 0.117.0 (bot_filter) - INFO - Received 18 medias.
2021-02-18 13:01:53,603 - instabot version: 0.117.0 (bot_filter) - INFO - After filtration 0 medias left.
2021-02-18 13:01:54,386 - instabot version: 0.117.0 (api) - DEBUG - GET to endpoint: feed/user/4464934942/?max_id=&min_timestamp=None&rank_token=45468866234_9140f426-363f-4b0b-80cf-8b891668158a&ranked_content=true returned response: <Response [200]>
2021-02-18 13:01:54,394 - instabot version: 0.117.0 (bot_filter) - INFO - Received 18 medias.
2021-02-18 13:01:54,396 - instabot version: 0.117.0 (bot_filter) - INFO - After filtration 0 medias left.
2021-02-18 13:01:55,036 - instabot version: 0.117.0 (api) - DEBUG - GET to endpoint: feed/user/45365454678/?max_id=&min_timestamp=None&rank_token=45468866234_9140f426-363f-4b0b-80cf-8b891668158a&ranked_content=true returned response: <Response [200]>
2021-02-18 13:01:55,053 - instabot version: 0.117.0 (bot_filter) - INFO - Received 18 medias.
2021-02-18 13:01:55,054 - instabot version: 0.117.0 (bot_filter) - INFO - After filtration 0 medias left.
2021-02-18 13:01:55,831 - instabot version: 0.117.0 (api) - DEBUG - GET to endpoint: feed/user/4232732794/?max_id=&min_timestamp=None&rank_token=45468866234_9140f426-363f-4b0b-80cf-8b891668158a&ranked_content=true returned response: <Response [200]>
2021-02-18 13:01:55,837 - instabot version: 0.117.0 (bot_filter) - INFO - Received 18 medias.
2021-02-18 13:01:55,838 - instabot version: 0.117.0 (bot_filter) - INFO - After filtration 0 medias left.
2021-02-18 13:01:56,712 - instabot version: 0.117.0 (api) - DEBUG - GET to endpoint: feed/user/7917768896/?max_id=&min_timestamp=None&rank_token=45468866234_9140f426-363f-4b0b-80cf-8b891668158a&ranked_content=true returned response: <Response [200]>
2021-02-18 13:01:56,726 - instabot version: 0.117.0 (bot_filter) - INFO - Received 18 medias.
2021-02-18 13:01:56,727 - instabot version: 0.117.0 (bot_filter) - INFO - After filtration 0 medias left.
2021-02-18 13:01:57,460 - instabot version: 0.117.0 (api) - DEBUG - GET to endpoint: feed/user/1279740321/?max_id=&min_timestamp=None&rank_token=45468866234_9140f426-363f-4b0b-80cf-8b891668158a&ranked_content=true returned response: <Response [200]>
2021-02-18 13:01:57,468 - instabot version: 0.117.0 (bot_filter) - INFO - Received 18 medias.
2021-02-18 13:01:57,469 - instabot version: 0.117.0 (bot_filter) - INFO - After filtration 0 medias left.
2021-02-18 13:01:58,181 - instabot version: 0.117.0 (api) - DEBUG - GET to endpoint: feed/user/20822456/?max_id=&min_timestamp=None&rank_token=45468866234_9140f426-363f-4b0b-80cf-8b891668158a&ranked_content=true returned response: <Response [200]>
2021-02-18 13:01:58,189 - instabot version: 0.117.0 (bot_filter) - INFO - Received 18 medias.
2021-02-18 13:01:58,191 - instabot version: 0.117.0 (bot_filter) - INFO - After filtration 0 medias left.
2021-02-18 13:01:58,859 - instabot version: 0.117.0 (api) - DEBUG - GET to endpoint: feed/user/186128035/?max_id=&min_timestamp=None&rank_token=45468866234_9140f426-363f-4b0b-80cf-8b891668158a&ranked_content=true returned response: <Response [200]>
2021-02-18 13:01:58,865 - instabot version: 0.117.0 (bot_filter) - INFO - Received 18 medias.
2021-02-18 13:01:58,866 - instabot version: 0.117.0 (bot_filter) - INFO - After filtration 0 medias left.
2021-02-18 13:01:59,378 - instabot version: 0.117.0 (api) - DEBUG - GET to endpoint: feed/user/30632573585/?max_id=&min_timestamp=None&rank_token=45468866234_9140f426-363f-4b0b-80cf-8b891668158a&ranked_content=true returned response: <Response [200]>
2021-02-18 13:01:59,386 - instabot version: 0.117.0 (bot_filter) - INFO - Received 18 medias.
2021-02-18 13:01:59,387 - instabot version: 0.117.0 (bot_filter) - INFO - After filtration 0 medias left.
2021-02-18 13:02:00,047 - instabot version: 0.117.0 (api) - DEBUG - GET to endpoint: feed/user/34409272108/?max_id=&min_timestamp=None&rank_token=45468866234_9140f426-363f-4b0b-80cf-8b891668158a&ranked_content=true returned response: <Response [200]>
2021-02-18 13:02:00,053 - instabot version: 0.117.0 (bot_filter) - INFO - Received 18 medias.
2021-02-18 13:02:00,058 - instabot version: 0.117.0 (bot_filter) - INFO - After filtration 0 medias left.
2021-02-18 13:02:00,729 - instabot version: 0.117.0 (api) - DEBUG - GET to endpoint: feed/user/43394781940/?max_id=&min_timestamp=None&rank_token=45468866234_9140f426-363f-4b0b-80cf-8b891668158a&ranked_content=true returned response: <Response [200]>
2021-02-18 13:02:00,737 - instabot version: 0.117.0 (bot_filter) - INFO - Received 18 medias.
2021-02-18 13:02:00,739 - instabot version: 0.117.0 (bot_filter) - INFO - After filtration 0 medias left.
2021-02-18 13:02:01,829 - instabot version: 0.117.0 (api) - DEBUG - GET to endpoint: feed/user/44492100596/?max_id=&min_timestamp=None&rank_token=45468866234_9140f426-363f-4b0b-80cf-8b891668158a&ranked_content=true returned response: <Response [200]>
2021-02-18 13:02:01,844 - instabot version: 0.117.0 (bot_filter) - INFO - Received 18 medias.
2021-02-18 13:02:01,845 - instabot version: 0.117.0 (bot_filter) - INFO - After filtration 1 medias left.
2021-02-18 13:02:02,827 - instabot version: 0.117.0 (api) - DEBUG - GET to endpoint: feed/user/44492100596/?max_id=&min_timestamp=None&rank_token=45468866234_9140f426-363f-4b0b-80cf-8b891668158a&ranked_content=true returned response: <Response [200]>
2021-02-18 13:02:02,841 - instabot version: 0.117.0 (bot_filter) - INFO - Received 18 medias.
2021-02-18 13:02:02,843 - instabot version: 0.117.0 (bot_filter) - INFO - After filtration 1 medias left.
2021-02-18 13:02:03,992 - instabot version: 0.117.0 (api) - DEBUG - GET to endpoint: feed/user/11152767319/?max_id=&min_timestamp=None&rank_token=45468866234_9140f426-363f-4b0b-80cf-8b891668158a&ranked_content=true returned response: <Response [200]>
2021-02-18 13:02:04,007 - instabot version: 0.117.0 (bot_filter) - INFO - Received 18 medias.
2021-02-18 13:02:04,008 - instabot version: 0.117.0 (bot_filter) - INFO - After filtration 1 medias left.
2021-02-18 13:02:05,059 - instabot version: 0.117.0 (api) - DEBUG - GET to endpoint: feed/user/11152767319/?max_id=&min_timestamp=None&rank_token=45468866234_9140f426-363f-4b0b-80cf-8b891668158a&ranked_content=true returned response: <Response [200]>
2021-02-18 13:02:05,072 - instabot version: 0.117.0 (bot_filter) - INFO - Received 18 medias.
2021-02-18 13:02:05,073 - instabot version: 0.117.0 (bot_filter) - INFO - After filtration 1 medias left.
2021-02-18 13:02:05,674 - instabot version: 0.117.0 (api) - DEBUG - GET to endpoint: feed/user/38832588388/?max_id=&min_timestamp=None&rank_token=45468866234_9140f426-363f-4b0b-80cf-8b891668158a&ranked_content=true returned response: <Response [200]>
2021-02-18 13:02:05,682 - instabot version: 0.117.0 (bot_filter) - INFO - Received 18 medias.
2021-02-18 13:02:05,683 - instabot version: 0.117.0 (bot_filter) - INFO - After filtration 0 medias left.
2021-02-18 13:02:06,535 - instabot version: 0.117.0 (api) - DEBUG - GET to endpoint: feed/user/7573209367/?max_id=&min_timestamp=None&rank_token=45468866234_9140f426-363f-4b0b-80cf-8b891668158a&ranked_content=true returned response: <Response [200]>
2021-02-18 13:02:06,544 - instabot version: 0.117.0 (bot_filter) - INFO - Received 18 medias.
2021-02-18 13:02:06,545 - instabot version: 0.117.0 (bot_filter) - INFO - After filtration 0 medias left.
2021-02-18 13:02:07,240 - instabot version: 0.117.0 (api) - DEBUG - GET to endpoint: feed/user/43042274087/?max_id=&min_timestamp=None&rank_token=45468866234_9140f426-363f-4b0b-80cf-8b891668158a&ranked_content=true returned response: <Response [200]>
2021-02-18 13:02:07,248 - instabot version: 0.117.0 (bot_filter) - INFO - Received 18 medias.
2021-02-18 13:02:07,249 - instabot version: 0.117.0 (bot_filter) - INFO - After filtration 0 medias left.
2021-02-18 13:02:08,175 - instabot version: 0.117.0 (api) - DEBUG - GET to endpoint: feed/user/3648469460/?max_id=&min_timestamp=None&rank_token=45468866234_9140f426-363f-4b0b-80cf-8b891668158a&ranked_content=true returned response: <Response [200]>
2021-02-18 13:02:08,189 - instabot version: 0.117.0 (bot_filter) - INFO - Received 35 medias.
2021-02-18 13:02:08,190 - instabot version: 0.117.0 (bot_filter) - INFO - After filtration 0 medias left.
2021-02-18 13:02:09,042 - instabot version: 0.117.0 (api) - DEBUG - GET to endpoint: feed/user/21055799611/?max_id=&min_timestamp=None&rank_token=45468866234_9140f426-363f-4b0b-80cf-8b891668158a&ranked_content=true returned response: <Response [200]>
2021-02-18 13:02:09,049 - instabot version: 0.117.0 (bot_filter) - INFO - Received 18 medias.
2021-02-18 13:02:09,050 - instabot version: 0.117.0 (bot_filter) - INFO - After filtration 0 medias left.
2021-02-18 13:02:09,591 - instabot version: 0.117.0 (api) - DEBUG - GET to endpoint: feed/user/45636858936/?max_id=&min_timestamp=None&rank_token=45468866234_9140f426-363f-4b0b-80cf-8b891668158a&ranked_content=true returned response: <Response [200]>
2021-02-18 13:02:09,596 - instabot version: 0.117.0 (bot_filter) - INFO - Received 18 medias.
2021-02-18 13:02:09,597 - instabot version: 0.117.0 (bot_filter) - INFO - After filtration 0 medias left.
2021-02-18 13:02:10,445 - instabot version: 0.117.0 (api) - DEBUG - GET to endpoint: feed/user/30032275066/?max_id=&min_timestamp=None&rank_token=45468866234_9140f426-363f-4b0b-80cf-8b891668158a&ranked_content=true returned response: <Response [200]>
2021-02-18 13:02:10,452 - instabot version: 0.117.0 (bot_filter) - INFO - Received 18 medias.
2021-02-18 13:02:10,453 - instabot version: 0.117.0 (bot_filter) - INFO - After filtration 0 medias left.
2021-02-18 13:02:11,159 - instabot version: 0.117.0 (api) - DEBUG - GET to endpoint: feed/user/3414872486/?max_id=&min_timestamp=None&rank_token=45468866234_9140f426-363f-4b0b-80cf-8b891668158a&ranked_content=true returned response: <Response [200]>
2021-02-18 13:02:11,172 - instabot version: 0.117.0 (bot_filter) - INFO - Received 18 medias.
2021-02-18 13:02:11,173 - instabot version: 0.117.0 (bot_filter) - INFO - After filtration 0 medias left.
2021-02-18 13:02:11,963 - instabot version: 0.117.0 (api) - DEBUG - GET to endpoint: feed/user/45604857213/?max_id=&min_timestamp=None&rank_token=45468866234_9140f426-363f-4b0b-80cf-8b891668158a&ranked_content=true returned response: <Response [200]>
2021-02-18 13:02:11,977 - instabot version: 0.117.0 (bot_filter) - INFO - Received 18 medias.
2021-02-18 13:02:11,978 - instabot version: 0.117.0 (bot_filter) - INFO - After filtration 0 medias left.
2021-02-18 13:02:15,137 - instabot version: 0.117.0 (api) - DEBUG - GET to endpoint: feed/user/3972818498/?max_id=&min_timestamp=None&rank_token=45468866234_9140f426-363f-4b0b-80cf-8b891668158a&ranked_content=true returned response: <Response [200]>
2021-02-18 13:02:15,190 - instabot version: 0.117.0 (bot_filter) - INFO - Received 34 medias.
2021-02-18 13:02:15,191 - instabot version: 0.117.0 (bot_filter) - INFO - After filtration 0 medias left.
2021-02-18 13:02:15,762 - instabot version: 0.117.0 (api) - DEBUG - GET to endpoint: feed/user/36665091343/?max_id=&min_timestamp=None&rank_token=45468866234_9140f426-363f-4b0b-80cf-8b891668158a&ranked_content=true returned response: <Response [200]>
2021-02-18 13:02:15,768 - instabot version: 0.117.0 (bot_filter) - INFO - Received 18 medias.
2021-02-18 13:02:15,769 - instabot version: 0.117.0 (bot_filter) - INFO - After filtration 0 medias left.
2021-02-18 13:02:16,244 - instabot version: 0.117.0 (api) - DEBUG - GET to endpoint: feed/user/36761537627/?max_id=&min_timestamp=None&rank_token=45468866234_9140f426-363f-4b0b-80cf-8b891668158a&ranked_content=true returned response: <Response [200]>
2021-02-18 13:02:16,248 - instabot version: 0.117.0 (bot_filter) - INFO - Received 18 medias.
2021-02-18 13:02:16,249 - instabot version: 0.117.0 (bot_filter) - INFO - After filtration 0 medias left.
2021-02-18 13:02:17,121 - instabot version: 0.117.0 (api) - DEBUG - GET to endpoint: feed/user/45426742553/?max_id=&min_timestamp=None&rank_token=45468866234_9140f426-363f-4b0b-80cf-8b891668158a&ranked_content=true returned response: <Response [200]>
2021-02-18 13:02:17,127 - instabot version: 0.117.0 (bot_filter) - INFO - Received 18 medias.
2021-02-18 13:02:17,128 - instabot version: 0.117.0 (bot_filter) - INFO - After filtration 0 medias left.
2021-02-18 13:02:18,393 - instabot version: 0.117.0 (api) - DEBUG - GET to endpoint: feed/user/283303809/?max_id=&min_timestamp=None&rank_token=45468866234_9140f426-363f-4b0b-80cf-8b891668158a&ranked_content=true returned response: <Response [200]>
2021-02-18 13:02:18,412 - instabot version: 0.117.0 (bot_filter) - INFO - Received 18 medias.
2021-02-18 13:02:18,413 - instabot version: 0.117.0 (bot_filter) - INFO - After filtration 0 medias left.
2021-02-18 13:02:19,031 - instabot version: 0.117.0 (api) - DEBUG - GET to endpoint: feed/user/45083398900/?max_id=&min_timestamp=None&rank_token=45468866234_9140f426-363f-4b0b-80cf-8b891668158a&ranked_content=true returned response: <Response [200]>
2021-02-18 13:02:19,036 - instabot version: 0.117.0 (bot_filter) - INFO - Received 18 medias.
2021-02-18 13:02:19,038 - instabot version: 0.117.0 (bot_filter) - INFO - After filtration 0 medias left.
2021-02-18 13:02:19,474 - instabot version: 0.117.0 (api) - DEBUG - GET to endpoint: feed/user/36107032537/?max_id=&min_timestamp=None&rank_token=45468866234_9140f426-363f-4b0b-80cf-8b891668158a&ranked_content=true returned response: <Response [200]>
2021-02-18 13:02:19,477 - instabot version: 0.117.0 (bot_filter) - INFO - Received 18 medias.
2021-02-18 13:02:19,478 - instabot version: 0.117.0 (bot_filter) - INFO - After filtration 0 medias left.
2021-02-18 13:02:20,263 - instabot version: 0.117.0 (api) - DEBUG - GET to endpoint: feed/user/1533812941/?max_id=&min_timestamp=None&rank_token=45468866234_9140f426-363f-4b0b-80cf-8b891668158a&ranked_content=true returned response: <Response [200]>
2021-02-18 13:02:20,273 - instabot version: 0.117.0 (bot_filter) - INFO - Received 18 medias.
2021-02-18 13:02:20,275 - instabot version: 0.117.0 (bot_filter) - INFO - After filtration 0 medias left.
2021-02-18 13:02:21,204 - instabot version: 0.117.0 (api) - DEBUG - GET to endpoint: feed/user/8521543676/?max_id=&min_timestamp=None&rank_token=45468866234_9140f426-363f-4b0b-80cf-8b891668158a&ranked_content=true returned response: <Response [200]>
2021-02-18 13:02:21,215 - instabot version: 0.117.0 (bot_filter) - INFO - Received 18 medias.
2021-02-18 13:02:21,216 - instabot version: 0.117.0 (bot_filter) - INFO - After filtration 0 medias left.
2021-02-18 13:02:22,092 - instabot version: 0.117.0 (api) - DEBUG - GET to endpoint: feed/user/44766316676/?max_id=&min_timestamp=None&rank_token=45468866234_9140f426-363f-4b0b-80cf-8b891668158a&ranked_content=true returned response: <Response [200]>
2021-02-18 13:02:22,098 - instabot version: 0.117.0 (bot_filter) - INFO - Received 18 medias.
2021-02-18 13:02:22,099 - instabot version: 0.117.0 (bot_filter) - INFO - After filtration 0 medias left.
2021-02-18 13:02:22,723 - instabot version: 0.117.0 (api) - DEBUG - GET to endpoint: feed/user/45432108355/?max_id=&min_timestamp=None&rank_token=45468866234_9140f426-363f-4b0b-80cf-8b891668158a&ranked_content=true returned response: <Response [200]>
2021-02-18 13:02:22,732 - instabot version: 0.117.0 (bot_filter) - INFO - Received 18 medias.
2021-02-18 13:02:22,733 - instabot version: 0.117.0 (bot_filter) - INFO - After filtration 0 medias left.
2021-02-18 13:02:23,430 - instabot version: 0.117.0 (api) - DEBUG - GET to endpoint: feed/user/13206502237/?max_id=&min_timestamp=None&rank_token=45468866234_9140f426-363f-4b0b-80cf-8b891668158a&ranked_content=true returned response: <Response [200]>
2021-02-18 13:02:23,437 - instabot version: 0.117.0 (bot_filter) - INFO - Received 18 medias.
2021-02-18 13:02:23,438 - instabot version: 0.117.0 (bot_filter) - INFO - After filtration 0 medias left.
2021-02-18 13:02:24,668 - instabot version: 0.117.0 (api) - DEBUG - GET to endpoint: feed/user/29138958447/?max_id=&min_timestamp=None&rank_token=45468866234_9140f426-363f-4b0b-80cf-8b891668158a&ranked_content=true returned response: <Response [200]>
2021-02-18 13:02:24,675 - instabot version: 0.117.0 (bot_filter) - INFO - Received 18 medias.
2021-02-18 13:02:24,676 - instabot version: 0.117.0 (bot_filter) - INFO - After filtration 0 medias left.
2021-02-18 13:02:25,187 - instabot version: 0.117.0 (api) - DEBUG - GET to endpoint: feed/user/4036450668/?max_id=&min_timestamp=None&rank_token=45468866234_9140f426-363f-4b0b-80cf-8b891668158a&ranked_content=true returned response: <Response [200]>
2021-02-18 13:02:25,192 - instabot version: 0.117.0 (bot_filter) - INFO - Received 18 medias.
2021-02-18 13:02:25,193 - instabot version: 0.117.0 (bot_filter) - INFO - After filtration 0 medias left.
2021-02-18 13:02:25,786 - instabot version: 0.117.0 (api) - DEBUG - GET to endpoint: feed/user/197220161/?max_id=&min_timestamp=None&rank_token=45468866234_9140f426-363f-4b0b-80cf-8b891668158a&ranked_content=true returned response: <Response [200]>
2021-02-18 13:02:25,792 - instabot version: 0.117.0 (bot_filter) - INFO - Received 18 medias.
2021-02-18 13:02:25,793 - instabot version: 0.117.0 (bot_filter) - INFO - After filtration 0 medias left.
2021-02-18 13:02:26,529 - instabot version: 0.117.0 (api) - DEBUG - GET to endpoint: feed/user/12558167805/?max_id=&min_timestamp=None&rank_token=45468866234_9140f426-363f-4b0b-80cf-8b891668158a&ranked_content=true returned response: <Response [200]>
2021-02-18 13:02:26,536 - instabot version: 0.117.0 (bot_filter) - INFO - Received 18 medias.
2021-02-18 13:02:26,537 - instabot version: 0.117.0 (bot_filter) - INFO - After filtration 0 medias left.
2021-02-18 13:02:27,043 - instabot version: 0.117.0 (api) - DEBUG - GET to endpoint: feed/user/45224756071/?max_id=&min_timestamp=None&rank_token=45468866234_9140f426-363f-4b0b-80cf-8b891668158a&ranked_content=true returned response: <Response [200]>
2021-02-18 13:02:27,049 - instabot version: 0.117.0 (bot_filter) - INFO - Received 18 medias.
2021-02-18 13:02:27,050 - instabot version: 0.117.0 (bot_filter) - INFO - After filtration 0 medias left.
2021-02-18 13:02:27,530 - instabot version: 0.117.0 (api) - DEBUG - GET to endpoint: feed/user/41704275388/?max_id=&min_timestamp=None&rank_token=45468866234_9140f426-363f-4b0b-80cf-8b891668158a&ranked_content=true returned response: <Response [200]>
2021-02-18 13:02:27,533 - instabot version: 0.117.0 (bot_filter) - INFO - Received 18 medias.
2021-02-18 13:02:27,535 - instabot version: 0.117.0 (bot_filter) - INFO - After filtration 0 medias left.
2021-02-18 13:02:28,196 - instabot version: 0.117.0 (api) - DEBUG - GET to endpoint: feed/user/29782547288/?max_id=&min_timestamp=None&rank_token=45468866234_9140f426-363f-4b0b-80cf-8b891668158a&ranked_content=true returned response: <Response [200]>
2021-02-18 13:02:28,201 - instabot version: 0.117.0 (bot_filter) - INFO - Received 18 medias.
2021-02-18 13:02:28,202 - instabot version: 0.117.0 (bot_filter) - INFO - After filtration 0 medias left.
2021-02-18 13:02:28,838 - instabot version: 0.117.0 (api) - DEBUG - GET to endpoint: feed/user/7709486713/?max_id=&min_timestamp=None&rank_token=45468866234_9140f426-363f-4b0b-80cf-8b891668158a&ranked_content=true returned response: <Response [200]>
2021-02-18 13:02:28,845 - instabot version: 0.117.0 (bot_filter) - INFO - Received 18 medias.
2021-02-18 13:02:28,846 - instabot version: 0.117.0 (bot_filter) - INFO - After filtration 0 medias left.
2021-02-18 13:02:29,806 - instabot version: 0.117.0 (api) - DEBUG - GET to endpoint: feed/user/26902385680/?max_id=&min_timestamp=None&rank_token=45468866234_9140f426-363f-4b0b-80cf-8b891668158a&ranked_content=true returned response: <Response [200]>
2021-02-18 13:02:29,817 - instabot version: 0.117.0 (bot_filter) - INFO - Received 18 medias.
2021-02-18 13:02:29,819 - instabot version: 0.117.0 (bot_filter) - INFO - After filtration 1 medias left.
2021-02-18 13:02:30,728 - instabot version: 0.117.0 (api) - DEBUG - GET to endpoint: feed/user/26902385680/?max_id=&min_timestamp=None&rank_token=45468866234_9140f426-363f-4b0b-80cf-8b891668158a&ranked_content=true returned response: <Response [200]>
2021-02-18 13:02:30,743 - instabot version: 0.117.0 (bot_filter) - INFO - Received 18 medias.
2021-02-18 13:02:30,744 - instabot version: 0.117.0 (bot_filter) - INFO - After filtration 1 medias left.
2021-02-18 13:02:31,213 - instabot version: 0.117.0 (api) - DEBUG - GET to endpoint: feed/user/28213256387/?max_id=&min_timestamp=None&rank_token=45468866234_9140f426-363f-4b0b-80cf-8b891668158a&ranked_content=true returned response: <Response [200]>
2021-02-18 13:02:31,216 - instabot version: 0.117.0 (bot_filter) - INFO - Received 6 medias.
2021-02-18 13:02:31,217 - instabot version: 0.117.0 (bot_filter) - INFO - After filtration 0 medias left.
2021-02-18 13:02:31,703 - instabot version: 0.117.0 (api) - DEBUG - GET to endpoint: feed/user/5597645913/?max_id=&min_timestamp=None&rank_token=45468866234_9140f426-363f-4b0b-80cf-8b891668158a&ranked_content=true returned response: <Response [200]>
2021-02-18 13:02:31,709 - instabot version: 0.117.0 (bot_filter) - INFO - Received 18 medias.
2021-02-18 13:02:31,710 - instabot version: 0.117.0 (bot_filter) - INFO - After filtration 0 medias left.
2021-02-18 13:02:32,431 - instabot version: 0.117.0 (api) - DEBUG - GET to endpoint: feed/user/7473354589/?max_id=&min_timestamp=None&rank_token=45468866234_9140f426-363f-4b0b-80cf-8b891668158a&ranked_content=true returned response: <Response [200]>
2021-02-18 13:02:32,439 - instabot version: 0.117.0 (bot_filter) - INFO - Received 18 medias.
2021-02-18 13:02:32,441 - instabot version: 0.117.0 (bot_filter) - INFO - After filtration 0 medias left.
2021-02-18 13:02:33,624 - instabot version: 0.117.0 (api) - DEBUG - GET to endpoint: feed/user/5458514415/?max_id=&min_timestamp=None&rank_token=45468866234_9140f426-363f-4b0b-80cf-8b891668158a&ranked_content=true returned response: <Response [200]>
2021-02-18 13:02:33,641 - instabot version: 0.117.0 (bot_filter) - INFO - Received 18 medias.
2021-02-18 13:02:33,642 - instabot version: 0.117.0 (bot_filter) - INFO - After filtration 0 medias left.
2021-02-18 13:02:34,397 - instabot version: 0.117.0 (api) - DEBUG - GET to endpoint: feed/user/45197214303/?max_id=&min_timestamp=None&rank_token=45468866234_9140f426-363f-4b0b-80cf-8b891668158a&ranked_content=true returned response: <Response [200]>
2021-02-18 13:02:34,407 - instabot version: 0.117.0 (bot_filter) - INFO - Received 18 medias.
2021-02-18 13:02:34,408 - instabot version: 0.117.0 (bot_filter) - INFO - After filtration 0 medias left.
2021-02-18 13:02:35,104 - instabot version: 0.117.0 (api) - DEBUG - GET to endpoint: feed/user/5653902069/?max_id=&min_timestamp=None&rank_token=45468866234_9140f426-363f-4b0b-80cf-8b891668158a&ranked_content=true returned response: <Response [200]>
2021-02-18 13:02:35,109 - instabot version: 0.117.0 (bot_filter) - INFO - Received 15 medias.
2021-02-18 13:02:35,111 - instabot version: 0.117.0 (bot_filter) - INFO - After filtration 0 medias left.
2021-02-18 13:02:35,563 - instabot version: 0.117.0 (api) - DEBUG - GET to endpoint: feed/user/45457340687/?max_id=&min_timestamp=None&rank_token=45468866234_9140f426-363f-4b0b-80cf-8b891668158a&ranked_content=true returned response: <Response [200]>
2021-02-18 13:02:35,576 - instabot version: 0.117.0 (bot_filter) - INFO - Received 18 medias.
2021-02-18 13:02:35,577 - instabot version: 0.117.0 (bot_filter) - INFO - After filtration 0 medias left.
2021-02-18 13:02:36,115 - instabot version: 0.117.0 (api) - DEBUG - GET to endpoint: feed/user/44572841974/?max_id=&min_timestamp=None&rank_token=45468866234_9140f426-363f-4b0b-80cf-8b891668158a&ranked_content=true returned response: <Response [200]>
2021-02-18 13:02:36,122 - instabot version: 0.117.0 (bot_filter) - INFO - Received 18 medias.
2021-02-18 13:02:36,123 - instabot version: 0.117.0 (bot_filter) - INFO - After filtration 0 medias left.
2021-02-18 13:02:36,623 - instabot version: 0.117.0 (api) - DEBUG - GET to endpoint: feed/user/10742303144/?max_id=&min_timestamp=None&rank_token=45468866234_9140f426-363f-4b0b-80cf-8b891668158a&ranked_content=true returned response: <Response [200]>
2021-02-18 13:02:36,629 - instabot version: 0.117.0 (bot_filter) - INFO - Received 18 medias.
2021-02-18 13:02:36,630 - instabot version: 0.117.0 (bot_filter) - INFO - After filtration 0 medias left.
2021-02-18 13:02:37,328 - instabot version: 0.117.0 (api) - DEBUG - GET to endpoint: feed/user/41768060404/?max_id=&min_timestamp=None&rank_token=45468866234_9140f426-363f-4b0b-80cf-8b891668158a&ranked_content=true returned response: <Response [200]>
2021-02-18 13:02:37,337 - instabot version: 0.117.0 (bot_filter) - INFO - Received 18 medias.
2021-02-18 13:02:37,338 - instabot version: 0.117.0 (bot_filter) - INFO - After filtration 0 medias left.
2021-02-18 13:02:37,648 - instabot version: 0.117.0 (api) - DEBUG - GET to endpoint: feed/user/40612882444/?max_id=&min_timestamp=None&rank_token=45468866234_9140f426-363f-4b0b-80cf-8b891668158a&ranked_content=true returned response: <Response [200]>
2021-02-18 13:02:37,649 - instabot version: 0.117.0 (bot_filter) - INFO - Received 0 medias.
2021-02-18 13:02:37,650 - instabot version: 0.117.0 (bot_filter) - INFO - After filtration 0 medias left.
2021-02-18 13:02:38,277 - instabot version: 0.117.0 (api) - DEBUG - GET to endpoint: feed/user/42738970735/?max_id=&min_timestamp=None&rank_token=45468866234_9140f426-363f-4b0b-80cf-8b891668158a&ranked_content=true returned response: <Response [200]>
2021-02-18 13:02:38,283 - instabot version: 0.117.0 (bot_filter) - INFO - Received 18 medias.
2021-02-18 13:02:38,284 - instabot version: 0.117.0 (bot_filter) - INFO - After filtration 0 medias left.
2021-02-18 13:02:38,997 - instabot version: 0.117.0 (api) - DEBUG - GET to endpoint: feed/user/12259107698/?max_id=&min_timestamp=None&rank_token=45468866234_9140f426-363f-4b0b-80cf-8b891668158a&ranked_content=true returned response: <Response [200]>
2021-02-18 13:02:39,004 - instabot version: 0.117.0 (bot_filter) - INFO - Received 18 medias.
2021-02-18 13:02:39,005 - instabot version: 0.117.0 (bot_filter) - INFO - After filtration 0 medias left.
2021-02-18 13:02:39,469 - instabot version: 0.117.0 (api) - DEBUG - GET to endpoint: feed/user/41366569723/?max_id=&min_timestamp=None&rank_token=45468866234_9140f426-363f-4b0b-80cf-8b891668158a&ranked_content=true returned response: <Response [200]>
2021-02-18 13:02:39,473 - instabot version: 0.117.0 (bot_filter) - INFO - Received 18 medias.
2021-02-18 13:02:39,474 - instabot version: 0.117.0 (bot_filter) - INFO - After filtration 0 medias left.
2021-02-18 13:02:39,956 - instabot version: 0.117.0 (api) - DEBUG - GET to endpoint: feed/user/8712714447/?max_id=&min_timestamp=None&rank_token=45468866234_9140f426-363f-4b0b-80cf-8b891668158a&ranked_content=true returned response: <Response [200]>
2021-02-18 13:02:39,962 - instabot version: 0.117.0 (bot_filter) - INFO - Received 18 medias.
2021-02-18 13:02:39,963 - instabot version: 0.117.0 (bot_filter) - INFO - After filtration 0 medias left.
2021-02-18 13:02:40,517 - instabot version: 0.117.0 (api) - DEBUG - GET to endpoint: feed/user/45479326073/?max_id=&min_timestamp=None&rank_token=45468866234_9140f426-363f-4b0b-80cf-8b891668158a&ranked_content=true returned response: <Response [200]>
2021-02-18 13:02:40,521 - instabot version: 0.117.0 (bot_filter) - INFO - Received 18 medias.
2021-02-18 13:02:40,522 - instabot version: 0.117.0 (bot_filter) - INFO - After filtration 0 medias left.
2021-02-18 13:02:41,221 - instabot version: 0.117.0 (api) - DEBUG - GET to endpoint: feed/user/43156922602/?max_id=&min_timestamp=None&rank_token=45468866234_9140f426-363f-4b0b-80cf-8b891668158a&ranked_content=true returned response: <Response [200]>
2021-02-18 13:02:41,229 - instabot version: 0.117.0 (bot_filter) - INFO - Received 18 medias.
2021-02-18 13:02:41,231 - instabot version: 0.117.0 (bot_filter) - INFO - After filtration 0 medias left.
2021-02-18 13:02:41,819 - instabot version: 0.117.0 (api) - DEBUG - GET to endpoint: feed/user/44361937331/?max_id=&min_timestamp=None&rank_token=45468866234_9140f426-363f-4b0b-80cf-8b891668158a&ranked_content=true returned response: <Response [200]>
2021-02-18 13:02:41,825 - instabot version: 0.117.0 (bot_filter) - INFO - Received 18 medias.
2021-02-18 13:02:41,826 - instabot version: 0.117.0 (bot_filter) - INFO - After filtration 0 medias left.
2021-02-18 13:02:42,360 - instabot version: 0.117.0 (api) - DEBUG - GET to endpoint: feed/user/40952627454/?max_id=&min_timestamp=None&rank_token=45468866234_9140f426-363f-4b0b-80cf-8b891668158a&ranked_content=true returned response: <Response [200]>
2021-02-18 13:02:42,365 - instabot version: 0.117.0 (bot_filter) - INFO - Received 18 medias.
2021-02-18 13:02:42,366 - instabot version: 0.117.0 (bot_filter) - INFO - After filtration 0 medias left.
2021-02-18 13:02:42,809 - instabot version: 0.117.0 (api) - DEBUG - GET to endpoint: feed/user/37445281243/?max_id=&min_timestamp=None&rank_token=45468866234_9140f426-363f-4b0b-80cf-8b891668158a&ranked_content=true returned response: <Response [200]>
2021-02-18 13:02:42,812 - instabot version: 0.117.0 (bot_filter) - INFO - Received 16 medias.
2021-02-18 13:02:42,813 - instabot version: 0.117.0 (bot_filter) - INFO - After filtration 0 medias left.
2021-02-18 13:02:43,293 - instabot version: 0.117.0 (api) - DEBUG - GET to endpoint: feed/user/32420858950/?max_id=&min_timestamp=None&rank_token=45468866234_9140f426-363f-4b0b-80cf-8b891668158a&ranked_content=true returned response: <Response [200]>
2021-02-18 13:02:43,297 - instabot version: 0.117.0 (bot_filter) - INFO - Received 18 medias.
2021-02-18 13:02:43,298 - instabot version: 0.117.0 (bot_filter) - INFO - After filtration 0 medias left.
2021-02-18 13:02:43,797 - instabot version: 0.117.0 (api) - DEBUG - GET to endpoint: feed/user/19206364637/?max_id=&min_timestamp=None&rank_token=45468866234_9140f426-363f-4b0b-80cf-8b891668158a&ranked_content=true returned response: <Response [200]>
2021-02-18 13:02:43,800 - instabot version: 0.117.0 (bot_filter) - INFO - Received 18 medias.
2021-02-18 13:02:43,954 - instabot version: 0.117.0 (bot_filter) - INFO - After filtration 0 medias left.
2021-02-18 13:02:44,696 - instabot version: 0.117.0 (api) - DEBUG - GET to endpoint: feed/user/4104334650/?max_id=&min_timestamp=None&rank_token=45468866234_9140f426-363f-4b0b-80cf-8b891668158a&ranked_content=true returned response: <Response [200]>
2021-02-18 13:02:44,702 - instabot version: 0.117.0 (bot_filter) - INFO - Received 18 medias.
2021-02-18 13:02:44,703 - instabot version: 0.117.0 (bot_filter) - INFO - After filtration 0 medias left.
2021-02-18 13:02:45,254 - instabot version: 0.117.0 (api) - DEBUG - GET to endpoint: feed/user/1510802368/?max_id=&min_timestamp=None&rank_token=45468866234_9140f426-363f-4b0b-80cf-8b891668158a&ranked_content=true returned response: <Response [200]>
2021-02-18 13:02:45,260 - instabot version: 0.117.0 (bot_filter) - INFO - Received 18 medias.
2021-02-18 13:02:45,261 - instabot version: 0.117.0 (bot_filter) - INFO - After filtration 0 medias left.
2021-02-18 13:02:46,097 - instabot version: 0.117.0 (api) - DEBUG - GET to endpoint: feed/user/183986637/?max_id=&min_timestamp=None&rank_token=45468866234_9140f426-363f-4b0b-80cf-8b891668158a&ranked_content=true returned response: <Response [200]>
2021-02-18 13:02:46,122 - instabot version: 0.117.0 (bot_filter) - INFO - Received 18 medias.
2021-02-18 13:02:46,123 - instabot version: 0.117.0 (bot_filter) - INFO - After filtration 0 medias left.
2021-02-18 13:02:46,981 - instabot version: 0.117.0 (api) - DEBUG - GET to endpoint: feed/user/44325057603/?max_id=&min_timestamp=None&rank_token=45468866234_9140f426-363f-4b0b-80cf-8b891668158a&ranked_content=true returned response: <Response [200]>
2021-02-18 13:02:46,986 - instabot version: 0.117.0 (bot_filter) - INFO - Received 18 medias.
2021-02-18 13:02:46,987 - instabot version: 0.117.0 (bot_filter) - INFO - After filtration 0 medias left.
2021-02-18 13:02:47,443 - instabot version: 0.117.0 (api) - DEBUG - GET to endpoint: feed/user/8398231694/?max_id=&min_timestamp=None&rank_token=45468866234_9140f426-363f-4b0b-80cf-8b891668158a&ranked_content=true returned response: <Response [200]>
2021-02-18 13:02:47,446 - instabot version: 0.117.0 (bot_filter) - INFO - Received 18 medias.
2021-02-18 13:02:47,447 - instabot version: 0.117.0 (bot_filter) - INFO - After filtration 1 medias left.
2021-02-18 13:02:47,919 - instabot version: 0.117.0 (api) - DEBUG - GET to endpoint: feed/user/8398231694/?max_id=&min_timestamp=None&rank_token=45468866234_9140f426-363f-4b0b-80cf-8b891668158a&ranked_content=true returned response: <Response [200]>
2021-02-18 13:02:47,922 - instabot version: 0.117.0 (bot_filter) - INFO - Received 18 medias.
2021-02-18 13:02:47,923 - instabot version: 0.117.0 (bot_filter) - INFO - After filtration 1 medias left.
2021-02-18 13:02:48,436 - instabot version: 0.117.0 (api) - DEBUG - GET to endpoint: feed/user/45025328681/?max_id=&min_timestamp=None&rank_token=45468866234_9140f426-363f-4b0b-80cf-8b891668158a&ranked_content=true returned response: <Response [200]>
2021-02-18 13:02:48,444 - instabot version: 0.117.0 (bot_filter) - INFO - Received 18 medias.
2021-02-18 13:02:48,445 - instabot version: 0.117.0 (bot_filter) - INFO - After filtration 0 medias left.
2021-02-18 13:02:49,059 - instabot version: 0.117.0 (api) - DEBUG - GET to endpoint: feed/user/4577592906/?max_id=&min_timestamp=None&rank_token=45468866234_9140f426-363f-4b0b-80cf-8b891668158a&ranked_content=true returned response: <Response [200]>
2021-02-18 13:02:49,065 - instabot version: 0.117.0 (bot_filter) - INFO - Received 18 medias.
2021-02-18 13:02:49,066 - instabot version: 0.117.0 (bot_filter) - INFO - After filtration 0 medias left.
2021-02-18 13:02:49,618 - instabot version: 0.117.0 (api) - DEBUG - GET to endpoint: feed/user/3675032101/?max_id=&min_timestamp=None&rank_token=45468866234_9140f426-363f-4b0b-80cf-8b891668158a&ranked_content=true returned response: <Response [200]>
2021-02-18 13:02:49,623 - instabot version: 0.117.0 (bot_filter) - INFO - Received 18 medias.
2021-02-18 13:02:49,624 - instabot version: 0.117.0 (bot_filter) - INFO - After filtration 0 medias left.
2021-02-18 13:02:50,198 - instabot version: 0.117.0 (api) - DEBUG - GET to endpoint: feed/user/45069914916/?max_id=&min_timestamp=None&rank_token=45468866234_9140f426-363f-4b0b-80cf-8b891668158a&ranked_content=true returned response: <Response [200]>
2021-02-18 13:02:50,203 - instabot version: 0.117.0 (bot_filter) - INFO - Received 17 medias.
2021-02-18 13:02:50,205 - instabot version: 0.117.0 (bot_filter) - INFO - After filtration 0 medias left.
2021-02-18 13:02:50,921 - instabot version: 0.117.0 (api) - DEBUG - GET to endpoint: feed/user/21614776473/?max_id=&min_timestamp=None&rank_token=45468866234_9140f426-363f-4b0b-80cf-8b891668158a&ranked_content=true returned response: <Response [200]>
2021-02-18 13:02:50,927 - instabot version: 0.117.0 (bot_filter) - INFO - Received 18 medias.
2021-02-18 13:02:50,929 - instabot version: 0.117.0 (bot_filter) - INFO - After filtration 0 medias left.
2021-02-18 13:02:51,558 - instabot version: 0.117.0 (api) - DEBUG - GET to endpoint: feed/user/35881905032/?max_id=&min_timestamp=None&rank_token=45468866234_9140f426-363f-4b0b-80cf-8b891668158a&ranked_content=true returned response: <Response [200]>
2021-02-18 13:02:51,565 - instabot version: 0.117.0 (bot_filter) - INFO - Received 11 medias.
2021-02-18 13:02:51,566 - instabot version: 0.117.0 (bot_filter) - INFO - After filtration 0 medias left.
2021-02-18 13:02:52,334 - instabot version: 0.117.0 (api) - DEBUG - GET to endpoint: feed/user/440716122/?max_id=&min_timestamp=None&rank_token=45468866234_9140f426-363f-4b0b-80cf-8b891668158a&ranked_content=true returned response: <Response [200]>
2021-02-18 13:02:52,350 - instabot version: 0.117.0 (bot_filter) - INFO - Received 18 medias.
2021-02-18 13:02:52,352 - instabot version: 0.117.0 (bot_filter) - INFO - After filtration 0 medias left.
2021-02-18 13:02:53,386 - instabot version: 0.117.0 (api) - DEBUG - GET to endpoint: feed/user/44831757623/?max_id=&min_timestamp=None&rank_token=45468866234_9140f426-363f-4b0b-80cf-8b891668158a&ranked_content=true returned response: <Response [200]>
2021-02-18 13:02:53,402 - instabot version: 0.117.0 (bot_filter) - INFO - Received 18 medias.
2021-02-18 13:02:53,403 - instabot version: 0.117.0 (bot_filter) - INFO - After filtration 0 medias left.
2021-02-18 13:02:54,031 - instabot version: 0.117.0 (api) - DEBUG - GET to endpoint: feed/user/1806776909/?max_id=&min_timestamp=None&rank_token=45468866234_9140f426-363f-4b0b-80cf-8b891668158a&ranked_content=true returned response: <Response [200]>
2021-02-18 13:02:54,035 - instabot version: 0.117.0 (bot_filter) - INFO - Received 18 medias.
2021-02-18 13:02:54,038 - instabot version: 0.117.0 (bot_filter) - INFO - After filtration 0 medias left.
2021-02-18 13:02:54,771 - instabot version: 0.117.0 (api) - DEBUG - GET to endpoint: feed/user/8166432762/?max_id=&min_timestamp=None&rank_token=45468866234_9140f426-363f-4b0b-80cf-8b891668158a&ranked_content=true returned response: <Response [200]>
2021-02-18 13:02:54,779 - instabot version: 0.117.0 (bot_filter) - INFO - Received 18 medias.
2021-02-18 13:02:54,780 - instabot version: 0.117.0 (bot_filter) - INFO - After filtration 0 medias left.
2021-02-18 13:02:55,214 - instabot version: 0.117.0 (api) - DEBUG - GET to endpoint: feed/user/45536224747/?max_id=&min_timestamp=None&rank_token=45468866234_9140f426-363f-4b0b-80cf-8b891668158a&ranked_content=true returned response: <Response [200]>
2021-02-18 13:02:55,216 - instabot version: 0.117.0 (bot_filter) - INFO - Received 5 medias.
2021-02-18 13:02:55,217 - instabot version: 0.117.0 (bot_filter) - INFO - After filtration 0 medias left.
2021-02-18 13:02:55,660 - instabot version: 0.117.0 (api) - DEBUG - GET to endpoint: feed/user/7312734830/?max_id=&min_timestamp=None&rank_token=45468866234_9140f426-363f-4b0b-80cf-8b891668158a&ranked_content=true returned response: <Response [200]>
2021-02-18 13:02:55,664 - instabot version: 0.117.0 (bot_filter) - INFO - Received 18 medias.
2021-02-18 13:02:55,665 - instabot version: 0.117.0 (bot_filter) - INFO - After filtration 0 medias left.
2021-02-18 13:02:56,374 - instabot version: 0.117.0 (api) - DEBUG - GET to endpoint: feed/user/7958386712/?max_id=&min_timestamp=None&rank_token=45468866234_9140f426-363f-4b0b-80cf-8b891668158a&ranked_content=true returned response: <Response [200]>
2021-02-18 13:02:56,388 - instabot version: 0.117.0 (bot_filter) - INFO - Received 18 medias.
2021-02-18 13:02:56,389 - instabot version: 0.117.0 (bot_filter) - INFO - After filtration 0 medias left.
2021-02-18 13:02:57,206 - instabot version: 0.117.0 (api) - DEBUG - GET to endpoint: feed/user/1413130097/?max_id=&min_timestamp=None&rank_token=45468866234_9140f426-363f-4b0b-80cf-8b891668158a&ranked_content=true returned response: <Response [200]>
2021-02-18 13:02:57,230 - instabot version: 0.117.0 (bot_filter) - INFO - Received 18 medias.
2021-02-18 13:02:57,231 - instabot version: 0.117.0 (bot_filter) - INFO - After filtration 0 medias left.
2021-02-18 13:02:57,838 - instabot version: 0.117.0 (api) - DEBUG - GET to endpoint: feed/user/6005659618/?max_id=&min_timestamp=None&rank_token=45468866234_9140f426-363f-4b0b-80cf-8b891668158a&ranked_content=true returned response: <Response [200]>
2021-02-18 13:02:57,853 - instabot version: 0.117.0 (bot_filter) - INFO - Received 18 medias.
2021-02-18 13:02:57,854 - instabot version: 0.117.0 (bot_filter) - INFO - After filtration 0 medias left.
2021-02-18 13:02:58,615 - instabot version: 0.117.0 (api) - DEBUG - GET to endpoint: feed/user/7895633315/?max_id=&min_timestamp=None&rank_token=45468866234_9140f426-363f-4b0b-80cf-8b891668158a&ranked_content=true returned response: <Response [200]>
2021-02-18 13:02:58,626 - instabot version: 0.117.0 (bot_filter) - INFO - Received 18 medias.
2021-02-18 13:02:58,627 - instabot version: 0.117.0 (bot_filter) - INFO - After filtration 0 medias left.
2021-02-18 13:02:59,450 - instabot version: 0.117.0 (api) - DEBUG - GET to endpoint: feed/user/31388186240/?max_id=&min_timestamp=None&rank_token=45468866234_9140f426-363f-4b0b-80cf-8b891668158a&ranked_content=true returned response: <Response [200]>
2021-02-18 13:02:59,465 - instabot version: 0.117.0 (bot_filter) - INFO - Received 18 medias.
2021-02-18 13:02:59,466 - instabot version: 0.117.0 (bot_filter) - INFO - After filtration 0 medias left.
2021-02-18 13:02:59,926 - instabot version: 0.117.0 (api) - DEBUG - GET to endpoint: feed/user/6147364189/?max_id=&min_timestamp=None&rank_token=45468866234_9140f426-363f-4b0b-80cf-8b891668158a&ranked_content=true returned response: <Response [200]>
2021-02-18 13:02:59,930 - instabot version: 0.117.0 (bot_filter) - INFO - Received 11 medias.
2021-02-18 13:02:59,931 - instabot version: 0.117.0 (bot_filter) - INFO - After filtration 0 medias left.
2021-02-18 13:03:00,780 - instabot version: 0.117.0 (api) - DEBUG - GET to endpoint: feed/user/26959696038/?max_id=&min_timestamp=None&rank_token=45468866234_9140f426-363f-4b0b-80cf-8b891668158a&ranked_content=true returned response: <Response [200]>
2021-02-18 13:03:00,794 - instabot version: 0.117.0 (bot_filter) - INFO - Received 35 medias.
2021-02-18 13:03:00,796 - instabot version: 0.117.0 (bot_filter) - INFO - After filtration 0 medias left.
2021-02-18 13:03:01,526 - instabot version: 0.117.0 (api) - DEBUG - GET to endpoint: feed/user/44455976238/?max_id=&min_timestamp=None&rank_token=45468866234_9140f426-363f-4b0b-80cf-8b891668158a&ranked_content=true returned response: <Response [200]>
2021-02-18 13:03:01,534 - instabot version: 0.117.0 (bot_filter) - INFO - Received 18 medias.
2021-02-18 13:03:01,536 - instabot version: 0.117.0 (bot_filter) - INFO - After filtration 0 medias left.
2021-02-18 13:03:03,760 - instabot version: 0.117.0 (api) - DEBUG - GET to endpoint: feed/user/1603579577/?max_id=&min_timestamp=None&rank_token=45468866234_9140f426-363f-4b0b-80cf-8b891668158a&ranked_content=true returned response: <Response [200]>
2021-02-18 13:03:03,767 - instabot version: 0.117.0 (bot_filter) - INFO - Received 18 medias.
2021-02-18 13:03:03,768 - instabot version: 0.117.0 (bot_filter) - INFO - After filtration 0 medias left.
2021-02-18 13:03:04,309 - instabot version: 0.117.0 (api) - DEBUG - GET to endpoint: feed/user/45462124781/?max_id=&min_timestamp=None&rank_token=45468866234_9140f426-363f-4b0b-80cf-8b891668158a&ranked_content=true returned response: <Response [200]>
2021-02-18 13:03:04,316 - instabot version: 0.117.0 (bot_filter) - INFO - Received 18 medias.
2021-02-18 13:03:04,318 - instabot version: 0.117.0 (bot_filter) - INFO - After filtration 0 medias left.
2021-02-18 13:03:04,960 - instabot version: 0.117.0 (api) - DEBUG - GET to endpoint: feed/user/32901605548/?max_id=&min_timestamp=None&rank_token=45468866234_9140f426-363f-4b0b-80cf-8b891668158a&ranked_content=true returned response: <Response [200]>
2021-02-18 13:03:04,968 - instabot version: 0.117.0 (bot_filter) - INFO - Received 18 medias.
2021-02-18 13:03:04,970 - instabot version: 0.117.0 (bot_filter) - INFO - After filtration 0 medias left.
2021-02-18 13:03:05,525 - instabot version: 0.117.0 (api) - DEBUG - GET to endpoint: feed/user/40957983293/?max_id=&min_timestamp=None&rank_token=45468866234_9140f426-363f-4b0b-80cf-8b891668158a&ranked_content=true returned response: <Response [200]>
2021-02-18 13:03:05,534 - instabot version: 0.117.0 (bot_filter) - INFO - Received 18 medias.
2021-02-18 13:03:05,535 - instabot version: 0.117.0 (bot_filter) - INFO - After filtration 0 medias left.
2021-02-18 13:03:06,040 - instabot version: 0.117.0 (api) - DEBUG - GET to endpoint: feed/user/33456857417/?max_id=&min_timestamp=None&rank_token=45468866234_9140f426-363f-4b0b-80cf-8b891668158a&ranked_content=true returned response: <Response [200]>
2021-02-18 13:03:06,047 - instabot version: 0.117.0 (bot_filter) - INFO - Received 18 medias.
2021-02-18 13:03:06,049 - instabot version: 0.117.0 (bot_filter) - INFO - After filtration 0 medias left.
2021-02-18 13:03:06,988 - instabot version: 0.117.0 (api) - DEBUG - GET to endpoint: feed/user/14720815319/?max_id=&min_timestamp=None&rank_token=45468866234_9140f426-363f-4b0b-80cf-8b891668158a&ranked_content=true returned response: <Response [200]>
2021-02-18 13:03:07,000 - instabot version: 0.117.0 (bot_filter) - INFO - Received 18 medias.
2021-02-18 13:03:07,002 - instabot version: 0.117.0 (bot_filter) - INFO - After filtration 0 medias left.
2021-02-18 13:03:07,681 - instabot version: 0.117.0 (api) - DEBUG - GET to endpoint: feed/user/7880106779/?max_id=&min_timestamp=None&rank_token=45468866234_9140f426-363f-4b0b-80cf-8b891668158a&ranked_content=true returned response: <Response [200]>
2021-02-18 13:03:07,689 - instabot version: 0.117.0 (bot_filter) - INFO - Received 18 medias.
2021-02-18 13:03:07,690 - instabot version: 0.117.0 (bot_filter) - INFO - After filtration 0 medias left.
2021-02-18 13:03:08,169 - instabot version: 0.117.0 (api) - DEBUG - GET to endpoint: feed/user/44675997115/?max_id=&min_timestamp=None&rank_token=45468866234_9140f426-363f-4b0b-80cf-8b891668158a&ranked_content=true returned response: <Response [200]>
2021-02-18 13:03:08,175 - instabot version: 0.117.0 (bot_filter) - INFO - Received 18 medias.
2021-02-18 13:03:08,176 - instabot version: 0.117.0 (bot_filter) - INFO - After filtration 0 medias left.
2021-02-18 13:03:08,543 - instabot version: 0.117.0 (api) - DEBUG - GET to endpoint: feed/user/45472212218/?max_id=&min_timestamp=None&rank_token=45468866234_9140f426-363f-4b0b-80cf-8b891668158a&ranked_content=true returned response: <Response [200]>
2021-02-18 13:03:08,545 - instabot version: 0.117.0 (bot_filter) - INFO - Received 2 medias.
2021-02-18 13:03:08,546 - instabot version: 0.117.0 (bot_filter) - INFO - After filtration 0 medias left.
2021-02-18 13:03:09,009 - instabot version: 0.117.0 (api) - DEBUG - GET to endpoint: feed/user/3604864604/?max_id=&min_timestamp=None&rank_token=45468866234_9140f426-363f-4b0b-80cf-8b891668158a&ranked_content=true returned response: <Response [200]>
2021-02-18 13:03:09,016 - instabot version: 0.117.0 (bot_filter) - INFO - Received 18 medias.
2021-02-18 13:03:09,017 - instabot version: 0.117.0 (bot_filter) - INFO - After filtration 0 medias left.
2021-02-18 13:03:09,894 - instabot version: 0.117.0 (api) - DEBUG - GET to endpoint: feed/user/21990078980/?max_id=&min_timestamp=None&rank_token=45468866234_9140f426-363f-4b0b-80cf-8b891668158a&ranked_content=true returned response: <Response [200]>
2021-02-18 13:03:09,906 - instabot version: 0.117.0 (bot_filter) - INFO - Received 18 medias.
2021-02-18 13:03:09,907 - instabot version: 0.117.0 (bot_filter) - INFO - After filtration 0 medias left.
2021-02-18 13:03:10,352 - instabot version: 0.117.0 (api) - DEBUG - GET to endpoint: feed/user/12293926779/?max_id=&min_timestamp=None&rank_token=45468866234_9140f426-363f-4b0b-80cf-8b891668158a&ranked_content=true returned response: <Response [200]>
2021-02-18 13:03:10,357 - instabot version: 0.117.0 (bot_filter) - INFO - Received 18 medias.
2021-02-18 13:03:10,358 - instabot version: 0.117.0 (bot_filter) - INFO - After filtration 0 medias left.
2021-02-18 13:03:10,936 - instabot version: 0.117.0 (api) - DEBUG - GET to endpoint: feed/user/45513123127/?max_id=&min_timestamp=None&rank_token=45468866234_9140f426-363f-4b0b-80cf-8b891668158a&ranked_content=true returned response: <Response [200]>
2021-02-18 13:03:10,942 - instabot version: 0.117.0 (bot_filter) - INFO - Received 12 medias.
2021-02-18 13:03:10,943 - instabot version: 0.117.0 (bot_filter) - INFO - After filtration 0 medias left.
2021-02-18 13:03:11,375 - instabot version: 0.117.0 (api) - DEBUG - GET to endpoint: feed/user/7119035504/?max_id=&min_timestamp=None&rank_token=45468866234_9140f426-363f-4b0b-80cf-8b891668158a&ranked_content=true returned response: <Response [200]>
2021-02-18 13:03:11,377 - instabot version: 0.117.0 (bot_filter) - INFO - Received 7 medias.
2021-02-18 13:03:11,378 - instabot version: 0.117.0 (bot_filter) - INFO - After filtration 0 medias left.
2021-02-18 13:03:11,935 - instabot version: 0.117.0 (api) - DEBUG - GET to endpoint: feed/user/8280049285/?max_id=&min_timestamp=None&rank_token=45468866234_9140f426-363f-4b0b-80cf-8b891668158a&ranked_content=true returned response: <Response [200]>
2021-02-18 13:03:11,942 - instabot version: 0.117.0 (bot_filter) - INFO - Received 18 medias.
2021-02-18 13:03:11,943 - instabot version: 0.117.0 (bot_filter) - INFO - After filtration 0 medias left.
2021-02-18 13:03:12,641 - instabot version: 0.117.0 (api) - DEBUG - GET to endpoint: feed/user/929141511/?max_id=&min_timestamp=None&rank_token=45468866234_9140f426-363f-4b0b-80cf-8b891668158a&ranked_content=true returned response: <Response [200]>
2021-02-18 13:03:12,645 - instabot version: 0.117.0 (bot_filter) - INFO - Received 18 medias.
2021-02-18 13:03:12,646 - instabot version: 0.117.0 (bot_filter) - INFO - After filtration 0 medias left.
2021-02-18 13:03:13,086 - instabot version: 0.117.0 (api) - DEBUG - GET to endpoint: feed/user/45142903300/?max_id=&min_timestamp=None&rank_token=45468866234_9140f426-363f-4b0b-80cf-8b891668158a&ranked_content=true returned response: <Response [200]>
2021-02-18 13:03:13,088 - instabot version: 0.117.0 (bot_filter) - INFO - Received 4 medias.
2021-02-18 13:03:13,092 - instabot version: 0.117.0 (bot_filter) - INFO - After filtration 0 medias left.
2021-02-18 13:03:13,627 - instabot version: 0.117.0 (api) - DEBUG - GET to endpoint: feed/user/24432689039/?max_id=&min_timestamp=None&rank_token=45468866234_9140f426-363f-4b0b-80cf-8b891668158a&ranked_content=true returned response: <Response [200]>
2021-02-18 13:03:13,633 - instabot version: 0.117.0 (bot_filter) - INFO - Received 18 medias.
2021-02-18 13:03:13,635 - instabot version: 0.117.0 (bot_filter) - INFO - After filtration 0 medias left.
2021-02-18 13:03:14,134 - instabot version: 0.117.0 (api) - DEBUG - GET to endpoint: feed/user/7315588432/?max_id=&min_timestamp=None&rank_token=45468866234_9140f426-363f-4b0b-80cf-8b891668158a&ranked_content=true returned response: <Response [200]>
2021-02-18 13:03:14,142 - instabot version: 0.117.0 (bot_filter) - INFO - Received 18 medias.
2021-02-18 13:03:14,144 - instabot version: 0.117.0 (bot_filter) - INFO - After filtration 0 medias left.
2021-02-18 13:03:14,789 - instabot version: 0.117.0 (api) - DEBUG - GET to endpoint: feed/user/4069735198/?max_id=&min_timestamp=None&rank_token=45468866234_9140f426-363f-4b0b-80cf-8b891668158a&ranked_content=true returned response: <Response [200]>
2021-02-18 13:03:14,807 - instabot version: 0.117.0 (bot_filter) - INFO - Received 18 medias.
2021-02-18 13:03:14,808 - instabot version: 0.117.0 (bot_filter) - INFO - After filtration 0 medias left.
2021-02-18 13:03:15,296 - instabot version: 0.117.0 (api) - DEBUG - GET to endpoint: feed/user/3647534105/?max_id=&min_timestamp=None&rank_token=45468866234_9140f426-363f-4b0b-80cf-8b891668158a&ranked_content=true returned response: <Response [200]>
2021-02-18 13:03:15,299 - instabot version: 0.117.0 (bot_filter) - INFO - Received 18 medias.
2021-02-18 13:03:15,301 - instabot version: 0.117.0 (bot_filter) - INFO - After filtration 0 medias left.
2021-02-18 13:03:15,934 - instabot version: 0.117.0 (api) - DEBUG - GET to endpoint: feed/user/11701729447/?max_id=&min_timestamp=None&rank_token=45468866234_9140f426-363f-4b0b-80cf-8b891668158a&ranked_content=true returned response: <Response [200]>
2021-02-18 13:03:15,946 - instabot version: 0.117.0 (bot_filter) - INFO - Received 18 medias.
2021-02-18 13:03:15,947 - instabot version: 0.117.0 (bot_filter) - INFO - After filtration 0 medias left.
2021-02-18 13:03:16,535 - instabot version: 0.117.0 (api) - DEBUG - GET to endpoint: feed/user/4504677903/?max_id=&min_timestamp=None&rank_token=45468866234_9140f426-363f-4b0b-80cf-8b891668158a&ranked_content=true returned response: <Response [200]>
2021-02-18 13:03:16,542 - instabot version: 0.117.0 (bot_filter) - INFO - Received 18 medias.
2021-02-18 13:03:16,543 - instabot version: 0.117.0 (bot_filter) - INFO - After filtration 1 medias left.
2021-02-18 13:03:17,173 - instabot version: 0.117.0 (api) - DEBUG - GET to endpoint: feed/user/4504677903/?max_id=&min_timestamp=None&rank_token=45468866234_9140f426-363f-4b0b-80cf-8b891668158a&ranked_content=true returned response: <Response [200]>
2021-02-18 13:03:17,179 - instabot version: 0.117.0 (bot_filter) - INFO - Received 18 medias.
2021-02-18 13:03:17,180 - instabot version: 0.117.0 (bot_filter) - INFO - After filtration 1 medias left.
2021-02-18 13:03:17,813 - instabot version: 0.117.0 (api) - DEBUG - GET to endpoint: feed/user/10129805/?max_id=&min_timestamp=None&rank_token=45468866234_9140f426-363f-4b0b-80cf-8b891668158a&ranked_content=true returned response: <Response [200]>
2021-02-18 13:03:17,819 - instabot version: 0.117.0 (bot_filter) - INFO - Received 18 medias.
2021-02-18 13:03:17,820 - instabot version: 0.117.0 (bot_filter) - INFO - After filtration 1 medias left.
2021-02-18 13:03:18,436 - instabot version: 0.117.0 (api) - DEBUG - GET to endpoint: feed/user/10129805/?max_id=&min_timestamp=None&rank_token=45468866234_9140f426-363f-4b0b-80cf-8b891668158a&ranked_content=true returned response: <Response [200]>
2021-02-18 13:03:18,442 - instabot version: 0.117.0 (bot_filter) - INFO - Received 18 medias.
2021-02-18 13:03:18,443 - instabot version: 0.117.0 (bot_filter) - INFO - After filtration 1 medias left.
2021-02-18 13:03:18,776 - instabot version: 0.117.0 (api) - DEBUG - GET to endpoint: feed/user/44022605708/?max_id=&min_timestamp=None&rank_token=45468866234_9140f426-363f-4b0b-80cf-8b891668158a&ranked_content=true returned response: <Response [200]>
2021-02-18 13:03:18,777 - instabot version: 0.117.0 (bot_filter) - INFO - Received 1 medias.
2021-02-18 13:03:18,778 - instabot version: 0.117.0 (bot_filter) - INFO - After filtration 0 medias left.
2021-02-18 13:03:19,257 - instabot version: 0.117.0 (api) - DEBUG - GET to endpoint: feed/user/45864993992/?max_id=&min_timestamp=None&rank_token=45468866234_9140f426-363f-4b0b-80cf-8b891668158a&ranked_content=true returned response: <Response [200]>
2021-02-18 13:03:19,261 - instabot version: 0.117.0 (bot_filter) - INFO - Received 18 medias.
2021-02-18 13:03:19,262 - instabot version: 0.117.0 (bot_filter) - INFO - After filtration 0 medias left.
2021-02-18 13:03:19,678 - instabot version: 0.117.0 (api) - DEBUG - GET to endpoint: feed/user/45500893538/?max_id=&min_timestamp=None&rank_token=45468866234_9140f426-363f-4b0b-80cf-8b891668158a&ranked_content=true returned response: <Response [200]>
2021-02-18 13:03:19,680 - instabot version: 0.117.0 (bot_filter) - INFO - Received 3 medias.
2021-02-18 13:03:19,681 - instabot version: 0.117.0 (bot_filter) - INFO - After filtration 0 medias left.
2021-02-18 13:03:20,339 - instabot version: 0.117.0 (api) - DEBUG - GET to endpoint: feed/user/1414601753/?max_id=&min_timestamp=None&rank_token=45468866234_9140f426-363f-4b0b-80cf-8b891668158a&ranked_content=true returned response: <Response [200]>
2021-02-18 13:03:20,346 - instabot version: 0.117.0 (bot_filter) - INFO - Received 18 medias.
2021-02-18 13:03:20,347 - instabot version: 0.117.0 (bot_filter) - INFO - After filtration 0 medias left.
2021-02-18 13:03:20,987 - instabot version: 0.117.0 (api) - DEBUG - GET to endpoint: feed/user/1259371895/?max_id=&min_timestamp=None&rank_token=45468866234_9140f426-363f-4b0b-80cf-8b891668158a&ranked_content=true returned response: <Response [200]>
2021-02-18 13:03:20,995 - instabot version: 0.117.0 (bot_filter) - INFO - Received 18 medias.
2021-02-18 13:03:20,997 - instabot version: 0.117.0 (bot_filter) - INFO - After filtration 0 medias left.
2021-02-18 13:03:21,627 - instabot version: 0.117.0 (api) - DEBUG - GET to endpoint: feed/user/10689439537/?max_id=&min_timestamp=None&rank_token=45468866234_9140f426-363f-4b0b-80cf-8b891668158a&ranked_content=true returned response: <Response [200]>
2021-02-18 13:03:21,633 - instabot version: 0.117.0 (bot_filter) - INFO - Received 18 medias.
2021-02-18 13:03:21,634 - instabot version: 0.117.0 (bot_filter) - INFO - After filtration 0 medias left.
2021-02-18 13:03:22,346 - instabot version: 0.117.0 (api) - DEBUG - GET to endpoint: feed/user/6895367322/?max_id=&min_timestamp=None&rank_token=45468866234_9140f426-363f-4b0b-80cf-8b891668158a&ranked_content=true returned response: <Response [200]>
2021-02-18 13:03:22,353 - instabot version: 0.117.0 (bot_filter) - INFO - Received 18 medias.
2021-02-18 13:03:22,354 - instabot version: 0.117.0 (bot_filter) - INFO - After filtration 0 medias left.
2021-02-18 13:03:22,765 - instabot version: 0.117.0 (api) - DEBUG - GET to endpoint: feed/user/41798186732/?max_id=&min_timestamp=None&rank_token=45468866234_9140f426-363f-4b0b-80cf-8b891668158a&ranked_content=true returned response: <Response [200]>
2021-02-18 13:03:22,769 - instabot version: 0.117.0 (bot_filter) - INFO - Received 15 medias.
2021-02-18 13:03:22,770 - instabot version: 0.117.0 (bot_filter) - INFO - After filtration 0 medias left.
2021-02-18 13:03:23,095 - instabot version: 0.117.0 (api) - DEBUG - GET to endpoint: feed/user/25922958205/?max_id=&min_timestamp=None&rank_token=45468866234_9140f426-363f-4b0b-80cf-8b891668158a&ranked_content=true returned response: <Response [200]>
2021-02-18 13:03:23,095 - instabot version: 0.117.0 (bot_filter) - INFO - Received 0 medias.
2021-02-18 13:03:23,097 - instabot version: 0.117.0 (bot_filter) - INFO - After filtration 0 medias left.
2021-02-18 13:03:23,516 - instabot version: 0.117.0 (api) - DEBUG - GET to endpoint: feed/user/18349003214/?max_id=&min_timestamp=None&rank_token=45468866234_9140f426-363f-4b0b-80cf-8b891668158a&ranked_content=true returned response: <Response [200]>
2021-02-18 13:03:23,520 - instabot version: 0.117.0 (bot_filter) - INFO - Received 13 medias.
2021-02-18 13:03:23,522 - instabot version: 0.117.0 (bot_filter) - INFO - After filtration 0 medias left.
2021-02-18 13:03:52,543 - instabot version: 0.117.0 (bot_checkpoint) - DEBUG - Saving Checkpoint file to: C:\Users\proka\iCloudDrive\iCloud~com~omz-software~Pythonista3/config/psevdoproger.checkpoint
2021-02-18 13:03:52,546 - instabot version: 0.117.0 (bot) - INFO - Total unfollows: 15/60
2021-02-18 13:03:52,592 - instabot version: 0.117.0 (bot) - INFO - Total requests: 2039
