2021-02-16 09:22:35,205 - instabot version: 0.117.0 (bot) - INFO - Instabot version: 0.117.0 Started
2021-02-16 09:22:35,210 - instabot version: 0.117.0 (bot) - DEBUG - Bot imported from C:\Users\proka\AppData\Local\Programs\Python\Python38-32\lib\site-packages\instabot\bot\bot.py
2021-02-16 09:22:35,233 - instabot version: 0.117.0 (api_login) - DEBUG - Loading cookies
2021-02-16 09:22:35,233 - instabot version: 0.117.0 (api_login) - DEBUG - Loading uuids
2021-02-16 09:22:35,234 - instabot version: 0.117.0 (api_login) - INFO - Recovery from C:\Users\proka\iCloudDrive\iCloud~com~omz-software~Pythonista3/config/psevdoproger_uuid_and_cookie.json: COOKIE True - UUIDs True - TIMING, DEVICE and ...
- user-agent=Instagram 117.0.0.28.123 Android (28/9.0; 420dpi; 1080x1920; OnePlus; ONEPLUS A3003; OnePlus3; qcom; en_US; 180322800)
- phone_id=d9b7b868-1e47-4ad9-a1d5-508c20cbe5ec
- uuid=9140f426-363f-4b0b-80cf-8b891668158a
- client_session_id=0e653618-9c32-4aff-a988-a0bde1b4851e
- device_id=android-48c570bbbb11421b
2021-02-16 09:22:35,239 - instabot version: 0.117.0 (api_login) - INFO - LOGIN FLOW! Just logged-in: False
2021-02-16 09:22:37,552 - instabot version: 0.117.0 (api) - DEBUG - POST to endpoint: feed/timeline/ returned response: <Response [200]>
2021-02-16 09:22:38,190 - instabot version: 0.117.0 (api) - DEBUG - POST to endpoint: feed/reels_tray/ returned response: <Response [200]>
2021-02-16 09:22:38,197 - instabot version: 0.117.0 (api) - INFO - Logged-in successfully as 'psevdoproger'!
2021-02-16 09:22:38,198 - instabot version: 0.117.0 (bot_checkpoint) - DEBUG - Loading Checkpoint file from: C:\Users\proka\iCloudDrive\iCloud~com~omz-software~Pythonista3/config/psevdoproger.checkpoint
2021-02-16 09:22:38,574 - instabot version: 0.117.0 (api) - DEBUG - GET to endpoint: users/psevdoproger/usernameinfo/ returned response: <Response [200]>
2021-02-16 09:22:39,472 - instabot version: 0.117.0 (api) - DEBUG - GET to endpoint: users/45468866234/info/ returned response: <Response [200]>
2021-02-16 09:22:39,946 - instabot version: 0.117.0 (api) - DEBUG - GET to endpoint: friendships/45468866234/following/?max_id=&ig_sig_key_version=4&rank_token=45468866234_9140f426-363f-4b0b-80cf-8b891668158a returned response: <Response [200]>
2021-02-16 09:22:43,387 - instabot version: 0.117.0 (api) - DEBUG - GET to endpoint: feed/tag/python/?max_id=&rank_token=45468866234_9140f426-363f-4b0b-80cf-8b891668158a&ranked_content=true& returned response: <Response [200]>
2021-02-16 09:22:43,425 - instabot version: 0.117.0 (bot_filter) - INFO - Received 84 medias.
2021-02-16 09:22:43,426 - instabot version: 0.117.0 (bot_filter) - INFO - After filtration 0 medias left.
2021-02-16 09:22:47,360 - instabot version: 0.117.0 (api) - DEBUG - GET to endpoint: feed/tag/dev/?max_id=&rank_token=45468866234_9140f426-363f-4b0b-80cf-8b891668158a&ranked_content=true& returned response: <Response [200]>
2021-02-16 09:22:47,418 - instabot version: 0.117.0 (bot_filter) - INFO - Received 86 medias.
2021-02-16 09:22:47,420 - instabot version: 0.117.0 (bot_filter) - INFO - After filtration 0 medias left.
2021-02-16 09:22:51,250 - instabot version: 0.117.0 (api) - DEBUG - GET to endpoint: feed/tag/js/?max_id=&rank_token=45468866234_9140f426-363f-4b0b-80cf-8b891668158a&ranked_content=true& returned response: <Response [200]>
2021-02-16 09:22:51,285 - instabot version: 0.117.0 (bot_filter) - INFO - Received 84 medias.
2021-02-16 09:22:51,286 - instabot version: 0.117.0 (bot_filter) - INFO - After filtration 0 medias left.
2021-02-16 09:22:54,251 - instabot version: 0.117.0 (api) - DEBUG - GET to endpoint: feed/tag/javascript/?max_id=&rank_token=45468866234_9140f426-363f-4b0b-80cf-8b891668158a&ranked_content=true& returned response: <Response [200]>
2021-02-16 09:22:54,283 - instabot version: 0.117.0 (bot_filter) - INFO - Received 76 medias.
2021-02-16 09:22:54,284 - instabot version: 0.117.0 (bot_filter) - INFO - After filtration 0 medias left.
2021-02-16 09:22:57,450 - instabot version: 0.117.0 (api) - DEBUG - GET to endpoint: feed/tag/proger/?max_id=&rank_token=45468866234_9140f426-363f-4b0b-80cf-8b891668158a&ranked_content=true& returned response: <Response [200]>
2021-02-16 09:22:57,484 - instabot version: 0.117.0 (bot_filter) - INFO - Received 86 medias.
2021-02-16 09:22:57,485 - instabot version: 0.117.0 (bot_filter) - INFO - After filtration 0 medias left.
2021-02-16 09:23:01,227 - instabot version: 0.117.0 (api) - DEBUG - GET to endpoint: feed/tag/programming/?max_id=&rank_token=45468866234_9140f426-363f-4b0b-80cf-8b891668158a&ranked_content=true& returned response: <Response [200]>
2021-02-16 09:23:01,260 - instabot version: 0.117.0 (bot_filter) - INFO - Received 66 medias.
2021-02-16 09:23:01,261 - instabot version: 0.117.0 (bot_filter) - INFO - After filtration 0 medias left.
2021-02-16 09:23:04,943 - instabot version: 0.117.0 (api) - DEBUG - GET to endpoint: feed/tag/sport/?max_id=&rank_token=45468866234_9140f426-363f-4b0b-80cf-8b891668158a&ranked_content=true& returned response: <Response [200]>
2021-02-16 09:23:04,978 - instabot version: 0.117.0 (bot_filter) - INFO - Received 57 medias.
2021-02-16 09:23:04,979 - instabot version: 0.117.0 (bot_filter) - INFO - After filtration 0 medias left.
2021-02-16 09:23:09,784 - instabot version: 0.117.0 (api) - DEBUG - GET to endpoint: feed/tag/fitness/?max_id=&rank_token=45468866234_9140f426-363f-4b0b-80cf-8b891668158a&ranked_content=true& returned response: <Response [200]>
2021-02-16 09:23:09,816 - instabot version: 0.117.0 (bot_filter) - INFO - Received 71 medias.
2021-02-16 09:23:09,817 - instabot version: 0.117.0 (bot_filter) - INFO - After filtration 0 medias left.
2021-02-16 09:23:14,396 - instabot version: 0.117.0 (api) - DEBUG - GET to endpoint: feed/tag/classicalmusic/?max_id=&rank_token=45468866234_9140f426-363f-4b0b-80cf-8b891668158a&ranked_content=true& returned response: <Response [200]>
2021-02-16 09:23:14,434 - instabot version: 0.117.0 (bot_filter) - INFO - Received 86 medias.
2021-02-16 09:23:14,436 - instabot version: 0.117.0 (bot_filter) - INFO - After filtration 0 medias left.
2021-02-16 09:23:17,994 - instabot version: 0.117.0 (api) - DEBUG - GET to endpoint: feed/tag/jrock/?max_id=&rank_token=45468866234_9140f426-363f-4b0b-80cf-8b891668158a&ranked_content=true& returned response: <Response [200]>
2021-02-16 09:23:18,033 - instabot version: 0.117.0 (bot_filter) - INFO - Received 86 medias.
2021-02-16 09:23:18,034 - instabot version: 0.117.0 (bot_filter) - INFO - After filtration 0 medias left.
2021-02-16 09:23:22,378 - instabot version: 0.117.0 (api) - DEBUG - GET to endpoint: feed/tag/rock/?max_id=&rank_token=45468866234_9140f426-363f-4b0b-80cf-8b891668158a&ranked_content=true& returned response: <Response [200]>
2021-02-16 09:23:22,418 - instabot version: 0.117.0 (bot_filter) - INFO - Received 81 medias.
2021-02-16 09:23:22,420 - instabot version: 0.117.0 (bot_filter) - INFO - After filtration 0 medias left.
2021-02-16 09:23:28,611 - instabot version: 0.117.0 (api) - DEBUG - GET to endpoint: feed/tag/kpop/?max_id=&rank_token=45468866234_9140f426-363f-4b0b-80cf-8b891668158a&ranked_content=true& returned response: <Response [200]>
2021-02-16 09:23:28,658 - instabot version: 0.117.0 (bot_filter) - INFO - Received 86 medias.
2021-02-16 09:23:28,659 - instabot version: 0.117.0 (bot_filter) - INFO - After filtration 0 medias left.
2021-02-16 09:23:28,665 - instabot version: 0.117.0 (bot_checkpoint) - DEBUG - Saving Checkpoint file to: C:\Users\proka\iCloudDrive\iCloud~com~omz-software~Pythonista3/config/psevdoproger.checkpoint
2021-02-16 09:23:28,666 - instabot version: 0.117.0 (bot) - INFO - Total follows: 2/73
2021-02-16 09:23:28,668 - instabot version: 0.117.0 (bot) - INFO - Total requests: 156
