2021-02-18 13:50:13,434 - instabot version: 0.117.0 (bot) - INFO - Instabot version: 0.117.0 Started
2021-02-18 13:50:13,459 - instabot version: 0.117.0 (bot) - DEBUG - Bot imported from C:\Users\proka\AppData\Local\Programs\Python\Python38-32\lib\site-packages\instabot\bot\bot.py
2021-02-18 13:50:13,461 - instabot version: 0.117.0 (api_login) - DEBUG - Loading cookies
2021-02-18 13:50:13,462 - instabot version: 0.117.0 (api_login) - DEBUG - Loading uuids
2021-02-18 13:50:13,462 - instabot version: 0.117.0 (api_login) - INFO - Recovery from C:\Users\proka\iCloudDrive\iCloud~com~omz-software~Pythonista3/config/psevdoproger_uuid_and_cookie.json: COOKIE True - UUIDs True - TIMING, DEVICE and ...
- user-agent=Instagram 117.0.0.28.123 Android (28/9.0; 420dpi; 1080x1920; OnePlus; ONEPLUS A3003; OnePlus3; qcom; en_US; 180322800)
- phone_id=d9b7b868-1e47-4ad9-a1d5-508c20cbe5ec
- uuid=9140f426-363f-4b0b-80cf-8b891668158a
- client_session_id=9d5cc118-fc97-4381-b99d-de1fc978f29c
- device_id=android-48c570bbbb11421b
2021-02-18 13:50:13,498 - instabot version: 0.117.0 (api_login) - INFO - LOGIN FLOW! Just logged-in: False
2021-02-18 13:50:14,978 - instabot version: 0.117.0 (api) - DEBUG - POST to endpoint: feed/timeline/ returned response: <Response [200]>
2021-02-18 13:50:15,680 - instabot version: 0.117.0 (api) - DEBUG - POST to endpoint: feed/reels_tray/ returned response: <Response [200]>
2021-02-18 13:50:15,688 - instabot version: 0.117.0 (api) - INFO - Logged-in successfully as 'psevdoproger'!
2021-02-18 13:50:15,690 - instabot version: 0.117.0 (bot_checkpoint) - DEBUG - Loading Checkpoint file from: C:\Users\proka\iCloudDrive\iCloud~com~omz-software~Pythonista3/config/psevdoproger.checkpoint
2021-02-18 13:50:16,200 - instabot version: 0.117.0 (api) - DEBUG - GET to endpoint: users/psevdoproger/usernameinfo/ returned response: <Response [200]>
2021-02-18 13:50:17,074 - instabot version: 0.117.0 (api) - DEBUG - GET to endpoint: users/45468866234/info/ returned response: <Response [200]>
2021-02-18 13:50:17,875 - instabot version: 0.117.0 (api) - DEBUG - GET to endpoint: friendships/45468866234/following/?max_id=&ig_sig_key_version=4&rank_token=45468866234_9140f426-363f-4b0b-80cf-8b891668158a returned response: <Response [200]>
2021-02-18 13:50:17,892 - instabot version: 0.117.0 (bot_unfollow) - INFO - Unfollowing non-followers.
2021-02-18 13:50:18,408 - instabot version: 0.117.0 (api) - DEBUG - GET to endpoint: users/45468866234/info/ returned response: <Response [200]>
2021-02-18 13:50:18,945 - instabot version: 0.117.0 (api) - DEBUG - GET to endpoint: friendships/45468866234/following/?max_id=&ig_sig_key_version=4&rank_token=45468866234_9140f426-363f-4b0b-80cf-8b891668158a returned response: <Response [200]>
2021-02-18 13:50:19,359 - instabot version: 0.117.0 (api) - DEBUG - GET to endpoint: users/45468866234/info/ returned response: <Response [200]>
2021-02-18 13:50:19,802 - instabot version: 0.117.0 (api) - DEBUG - GET to endpoint: friendships/45468866234/followers/?rank_token=45468866234_9140f426-363f-4b0b-80cf-8b891668158a returned response: <Response [200]>
2021-02-18 13:50:20,426 - instabot version: 0.117.0 (api) - DEBUG - GET to endpoint: users/7709486713/info/ returned response: <Response [200]>
2021-02-18 13:50:20,427 - instabot version: 0.117.0 (bot_unfollow) - INFO - Going to unfollow `user_id` 7709486713 with username settorezero.
2021-02-18 13:50:24,535 - instabot version: 0.117.0 (api) - DEBUG - POST to endpoint: friendships/destroy/7709486713/ returned response: <Response [200]>
2021-02-18 13:50:24,536 - instabot version: 0.117.0 (bot_unfollow) - INFO - Unfollowed `user_id` 7709486713 with username settorezero
2021-02-18 13:50:25,189 - instabot version: 0.117.0 (api) - DEBUG - GET to endpoint: users/33456857417/info/ returned response: <Response [200]>
2021-02-18 13:50:25,190 - instabot version: 0.117.0 (bot_unfollow) - INFO - Going to unfollow `user_id` 33456857417 with username zyclyx_it.
2021-02-18 13:50:37,024 - instabot version: 0.117.0 (bot_checkpoint) - DEBUG - Saving Checkpoint file to: C:\Users\proka\iCloudDrive\iCloud~com~omz-software~Pythonista3/config/psevdoproger.checkpoint
2021-02-18 13:50:37,026 - instabot version: 0.117.0 (bot) - INFO - Total unfollows: 16/94
2021-02-18 13:50:37,030 - instabot version: 0.117.0 (bot) - INFO - Total requests: 2176
