2021-02-18 10:42:31,777 - instabot version: 0.117.0 (bot) - INFO - Instabot version: 0.117.0 Started
2021-02-18 10:42:31,783 - instabot version: 0.117.0 (bot) - DEBUG - Bot imported from C:\Users\proka\AppData\Local\Programs\Python\Python38-32\lib\site-packages\instabot\bot\bot.py
2021-02-18 10:42:31,805 - instabot version: 0.117.0 (api_login) - DEBUG - Loading cookies
2021-02-18 10:42:31,805 - instabot version: 0.117.0 (api_login) - DEBUG - Loading uuids
2021-02-18 10:42:31,806 - instabot version: 0.117.0 (api_login) - INFO - Recovery from C:\Users\proka\iCloudDrive\iCloud~com~omz-software~Pythonista3/config/psevdoproger_uuid_and_cookie.json: COOKIE True - UUIDs True - TIMING, DEVICE and ...
- user-agent=Instagram 117.0.0.28.123 Android (28/9.0; 420dpi; 1080x1920; OnePlus; ONEPLUS A3003; OnePlus3; qcom; en_US; 180322800)
- phone_id=d9b7b868-1e47-4ad9-a1d5-508c20cbe5ec
- uuid=9140f426-363f-4b0b-80cf-8b891668158a
- client_session_id=97fcb3cc-a8e3-4dfd-a44a-f7ad3d7c19a1
- device_id=android-48c570bbbb11421b
2021-02-18 10:42:31,812 - instabot version: 0.117.0 (api_login) - INFO - LOGIN FLOW! Just logged-in: False
2021-02-18 10:42:33,208 - instabot version: 0.117.0 (api) - DEBUG - POST to endpoint: feed/timeline/ returned response: <Response [200]>
2021-02-18 10:42:33,774 - instabot version: 0.117.0 (api) - DEBUG - POST to endpoint: feed/reels_tray/ returned response: <Response [200]>
2021-02-18 10:42:33,782 - instabot version: 0.117.0 (api) - INFO - Logged-in successfully as 'psevdoproger'!
2021-02-18 10:42:33,783 - instabot version: 0.117.0 (bot_checkpoint) - DEBUG - Loading Checkpoint file from: C:\Users\proka\iCloudDrive\iCloud~com~omz-software~Pythonista3/config/psevdoproger.checkpoint
2021-02-18 10:42:34,201 - instabot version: 0.117.0 (api) - DEBUG - GET to endpoint: users/psevdoproger/usernameinfo/ returned response: <Response [200]>
2021-02-18 10:42:34,918 - instabot version: 0.117.0 (api) - DEBUG - GET to endpoint: users/45468866234/info/ returned response: <Response [200]>
2021-02-18 10:42:35,575 - instabot version: 0.117.0 (api) - DEBUG - GET to endpoint: friendships/45468866234/following/?max_id=&ig_sig_key_version=4&rank_token=45468866234_9140f426-363f-4b0b-80cf-8b891668158a returned response: <Response [200]>
2021-02-18 10:42:36,058 - instabot version: 0.117.0 (api) - DEBUG - GET to endpoint: users/familyan.rossosh/usernameinfo/ returned response: <Response [200]>
2021-02-18 10:42:37,666 - instabot version: 0.117.0 (api) - DEBUG - GET to endpoint: feed/user/45426233253/?max_id=&min_timestamp=None&rank_token=45468866234_9140f426-363f-4b0b-80cf-8b891668158a&ranked_content=true returned response: <Response [200]>
2021-02-18 10:42:38,172 - instabot version: 0.117.0 (api) - DEBUG - GET to endpoint: media/2510998640903035894_45426233253/info/ returned response: <Response [200]>
2021-02-18 10:42:38,732 - instabot version: 0.117.0 (api) - DEBUG - GET to endpoint: users/45426233253/info/ returned response: <Response [200]>
2021-02-18 10:42:39,162 - instabot version: 0.117.0 (api) - DEBUG - GET to endpoint: media/2509589832054038616_45426233253/info/ returned response: <Response [200]>
2021-02-18 10:42:39,505 - instabot version: 0.117.0 (api) - DEBUG - GET to endpoint: media/2508974022856168803_45426233253/info/ returned response: <Response [200]>
2021-02-18 10:42:39,851 - instabot version: 0.117.0 (api) - DEBUG - GET to endpoint: media/2508732455272793230_45426233253/info/ returned response: <Response [200]>
2021-02-18 10:42:40,190 - instabot version: 0.117.0 (api) - DEBUG - GET to endpoint: media/2508078050726808795_45426233253/info/ returned response: <Response [200]>
2021-02-18 10:42:40,740 - instabot version: 0.117.0 (api) - DEBUG - GET to endpoint: media/2506716938445732636_45426233253/info/ returned response: <Response [200]>
2021-02-18 10:42:40,851 - instabot version: 0.117.0 (bot_checkpoint) - DEBUG - Saving Checkpoint file to: C:\Users\proka\iCloudDrive\iCloud~com~omz-software~Pythonista3/config/psevdoproger.checkpoint
2021-02-18 10:42:40,853 - instabot version: 0.117.0 (bot) - INFO - Total unfollows: 2/63
2021-02-18 10:42:40,854 - instabot version: 0.117.0 (bot) - INFO - Total requests: 1301
