2021-02-15 15:33:33,207 - instabot version: 0.117.0 (bot) - INFO - Instabot version: 0.117.0 Started
2021-02-15 15:33:33,211 - instabot version: 0.117.0 (bot) - DEBUG - Bot imported from C:\Users\proka\AppData\Local\Programs\Python\Python38-32\lib\site-packages\instabot\bot\bot.py
2021-02-15 15:33:33,214 - instabot version: 0.117.0 (api_login) - DEBUG - Loading cookies
2021-02-15 15:33:33,215 - instabot version: 0.117.0 (api_login) - DEBUG - Loading uuids
2021-02-15 15:33:33,215 - instabot version: 0.117.0 (api_login) - INFO - Recovery from C:\Users\proka\iCloudDrive\iCloud~com~omz-software~Pythonista3/config/psevdoproger_uuid_and_cookie.json: COOKIE True - UUIDs True - TIMING, DEVICE and ...
- user-agent=Instagram 117.0.0.28.123 Android (28/9.0; 420dpi; 1080x1920; OnePlus; ONEPLUS A3003; OnePlus3; qcom; en_US; 180322800)
- phone_id=d9b7b868-1e47-4ad9-a1d5-508c20cbe5ec
- uuid=9140f426-363f-4b0b-80cf-8b891668158a
- client_session_id=111d1aae-a76d-49cf-bf07-f94c26446a8e
- device_id=android-48c570bbbb11421b
2021-02-15 15:33:33,317 - instabot version: 0.117.0 (api_login) - INFO - LOGIN FLOW! Just logged-in: False
2021-02-15 15:33:35,824 - instabot version: 0.117.0 (api) - DEBUG - POST to endpoint: feed/timeline/ returned response: <Response [200]>
2021-02-15 15:33:36,444 - instabot version: 0.117.0 (api) - DEBUG - POST to endpoint: feed/reels_tray/ returned response: <Response [200]>
2021-02-15 15:33:36,452 - instabot version: 0.117.0 (api) - INFO - Logged-in successfully as 'psevdoproger'!
2021-02-15 15:33:36,453 - instabot version: 0.117.0 (bot_checkpoint) - DEBUG - Loading Checkpoint file from: C:\Users\proka\iCloudDrive\iCloud~com~omz-software~Pythonista3/config/psevdoproger.checkpoint
2021-02-15 15:33:36,865 - instabot version: 0.117.0 (api) - DEBUG - GET to endpoint: users/psevdoproger/usernameinfo/ returned response: <Response [200]>
2021-02-15 15:33:37,554 - instabot version: 0.117.0 (api) - DEBUG - GET to endpoint: users/45468866234/info/ returned response: <Response [200]>
2021-02-15 15:33:38,950 - instabot version: 0.117.0 (api) - DEBUG - GET to endpoint: friendships/45468866234/followers/?rank_token=45468866234_9140f426-363f-4b0b-80cf-8b891668158a returned response: <Response [200]>
2021-02-15 15:33:38,998 - instabot version: 0.117.0 (bot_checkpoint) - DEBUG - Saving Checkpoint file to: C:\Users\proka\iCloudDrive\iCloud~com~omz-software~Pythonista3/config/psevdoproger.checkpoint
2021-02-15 15:33:39,000 - instabot version: 0.117.0 (bot) - INFO - Total unfollows: 2/81
2021-02-15 15:33:39,002 - instabot version: 0.117.0 (bot) - INFO - Total requests: 54
