2021-02-18 10:46:00,588 - instabot version: 0.117.0 (bot) - INFO - Instabot version: 0.117.0 Started
2021-02-18 10:46:00,592 - instabot version: 0.117.0 (bot) - DEBUG - Bot imported from C:\Users\proka\AppData\Local\Programs\Python\Python38-32\lib\site-packages\instabot\bot\bot.py
2021-02-18 10:46:00,594 - instabot version: 0.117.0 (api_login) - DEBUG - Loading cookies
2021-02-18 10:46:00,595 - instabot version: 0.117.0 (api_login) - DEBUG - Loading uuids
2021-02-18 10:46:00,595 - instabot version: 0.117.0 (api_login) - INFO - Recovery from C:\Users\proka\iCloudDrive\iCloud~com~omz-software~Pythonista3/config/psevdoproger_uuid_and_cookie.json: COOKIE True - UUIDs True - TIMING, DEVICE and ...
- user-agent=Instagram 117.0.0.28.123 Android (28/9.0; 420dpi; 1080x1920; OnePlus; ONEPLUS A3003; OnePlus3; qcom; en_US; 180322800)
- phone_id=d9b7b868-1e47-4ad9-a1d5-508c20cbe5ec
- uuid=9140f426-363f-4b0b-80cf-8b891668158a
- client_session_id=97fcb3cc-a8e3-4dfd-a44a-f7ad3d7c19a1
- device_id=android-48c570bbbb11421b
2021-02-18 10:46:00,623 - instabot version: 0.117.0 (api_login) - INFO - LOGIN FLOW! Just logged-in: False
2021-02-18 10:46:02,101 - instabot version: 0.117.0 (api) - DEBUG - POST to endpoint: feed/timeline/ returned response: <Response [200]>
2021-02-18 10:46:02,687 - instabot version: 0.117.0 (api) - DEBUG - POST to endpoint: feed/reels_tray/ returned response: <Response [200]>
2021-02-18 10:46:02,693 - instabot version: 0.117.0 (api) - INFO - Logged-in successfully as 'psevdoproger'!
2021-02-18 10:46:02,694 - instabot version: 0.117.0 (bot_checkpoint) - DEBUG - Loading Checkpoint file from: C:\Users\proka\iCloudDrive\iCloud~com~omz-software~Pythonista3/config/psevdoproger.checkpoint
2021-02-18 10:46:03,274 - instabot version: 0.117.0 (api) - DEBUG - GET to endpoint: users/psevdoproger/usernameinfo/ returned response: <Response [200]>
2021-02-18 10:46:04,254 - instabot version: 0.117.0 (api) - DEBUG - GET to endpoint: users/45468866234/info/ returned response: <Response [200]>
2021-02-18 10:46:04,687 - instabot version: 0.117.0 (api) - DEBUG - GET to endpoint: friendships/45468866234/following/?max_id=&ig_sig_key_version=4&rank_token=45468866234_9140f426-363f-4b0b-80cf-8b891668158a returned response: <Response [200]>
2021-02-18 10:46:04,706 - instabot version: 0.117.0 (bot_unfollow) - INFO - Unfollowing non-followers.
2021-02-18 10:46:05,116 - instabot version: 0.117.0 (api) - DEBUG - GET to endpoint: users/45468866234/info/ returned response: <Response [200]>
2021-02-18 10:46:05,558 - instabot version: 0.117.0 (api) - DEBUG - GET to endpoint: friendships/45468866234/following/?max_id=&ig_sig_key_version=4&rank_token=45468866234_9140f426-363f-4b0b-80cf-8b891668158a returned response: <Response [200]>
2021-02-18 10:46:05,979 - instabot version: 0.117.0 (api) - DEBUG - GET to endpoint: users/45468866234/info/ returned response: <Response [200]>
2021-02-18 10:46:06,599 - instabot version: 0.117.0 (api) - DEBUG - GET to endpoint: friendships/45468866234/followers/?rank_token=45468866234_9140f426-363f-4b0b-80cf-8b891668158a returned response: <Response [200]>
2021-02-18 10:46:07,194 - instabot version: 0.117.0 (api) - DEBUG - GET to endpoint: users/11338440463/info/ returned response: <Response [200]>
2021-02-18 10:46:07,195 - instabot version: 0.117.0 (bot_unfollow) - INFO - Going to unfollow `user_id` 11338440463 with username lauriane_run.
2021-02-18 10:46:10,286 - instabot version: 0.117.0 (api) - DEBUG - POST to endpoint: friendships/destroy/11338440463/ returned response: <Response [200]>
2021-02-18 10:46:10,287 - instabot version: 0.117.0 (bot_unfollow) - INFO - Unfollowed `user_id` 11338440463 with username lauriane_run
2021-02-18 10:46:10,763 - instabot version: 0.117.0 (api) - DEBUG - GET to endpoint: users/4513130586/info/ returned response: <Response [200]>
2021-02-18 10:46:10,763 - instabot version: 0.117.0 (bot_unfollow) - INFO - Going to unfollow `user_id` 4513130586 with username sc_sibermagazin.
2021-02-18 10:54:18,998 - instabot version: 0.117.0 (api) - DEBUG - POST to endpoint: friendships/destroy/4513130586/ returned response: <Response [200]>
2021-02-18 10:54:18,999 - instabot version: 0.117.0 (bot_unfollow) - INFO - Unfollowed `user_id` 4513130586 with username sc_sibermagazin
2021-02-18 10:54:19,587 - instabot version: 0.117.0 (api) - DEBUG - GET to endpoint: users/45468866234/info/ returned response: <Response [200]>
2021-02-18 10:54:20,034 - instabot version: 0.117.0 (api) - DEBUG - GET to endpoint: friendships/45468866234/following/?max_id=&ig_sig_key_version=4&rank_token=45468866234_9140f426-363f-4b0b-80cf-8b891668158a returned response: <Response [200]>
2021-02-18 10:54:20,874 - instabot version: 0.117.0 (api) - DEBUG - GET to endpoint: feed/user/8375116447/?max_id=&min_timestamp=None&rank_token=45468866234_9140f426-363f-4b0b-80cf-8b891668158a&ranked_content=true returned response: <Response [200]>
2021-02-18 10:54:20,883 - instabot version: 0.117.0 (bot_filter) - INFO - Received 18 medias.
2021-02-18 10:54:20,885 - instabot version: 0.117.0 (bot_filter) - INFO - After filtration 0 medias left.
2021-02-18 10:54:21,297 - instabot version: 0.117.0 (api) - DEBUG - GET to endpoint: feed/user/11568730559/?max_id=&min_timestamp=None&rank_token=45468866234_9140f426-363f-4b0b-80cf-8b891668158a&ranked_content=true returned response: <Response [200]>
2021-02-18 10:54:21,300 - instabot version: 0.117.0 (bot_filter) - INFO - Received 12 medias.
2021-02-18 10:54:21,301 - instabot version: 0.117.0 (bot_filter) - INFO - After filtration 0 medias left.
2021-02-18 10:54:21,910 - instabot version: 0.117.0 (api) - DEBUG - GET to endpoint: feed/user/28090809640/?max_id=&min_timestamp=None&rank_token=45468866234_9140f426-363f-4b0b-80cf-8b891668158a&ranked_content=true returned response: <Response [200]>
2021-02-18 10:54:21,914 - instabot version: 0.117.0 (bot_filter) - INFO - Received 12 medias.
2021-02-18 10:54:21,916 - instabot version: 0.117.0 (bot_filter) - INFO - After filtration 0 medias left.
2021-02-18 10:54:22,220 - instabot version: 0.117.0 (api) - DEBUG - GET to endpoint: feed/user/6332838481/?max_id=&min_timestamp=None&rank_token=45468866234_9140f426-363f-4b0b-80cf-8b891668158a&ranked_content=true returned response: <Response [200]>
2021-02-18 10:54:22,220 - instabot version: 0.117.0 (bot_filter) - INFO - Received 0 medias.
2021-02-18 10:54:22,221 - instabot version: 0.117.0 (bot_filter) - INFO - After filtration 0 medias left.
2021-02-18 10:54:23,570 - instabot version: 0.117.0 (api) - DEBUG - GET to endpoint: feed/user/9883255273/?max_id=&min_timestamp=None&rank_token=45468866234_9140f426-363f-4b0b-80cf-8b891668158a&ranked_content=true returned response: <Response [200]>
2021-02-18 10:54:23,587 - instabot version: 0.117.0 (bot_filter) - INFO - Received 35 medias.
2021-02-18 10:54:23,588 - instabot version: 0.117.0 (bot_filter) - INFO - After filtration 0 medias left.
2021-02-18 10:54:24,060 - instabot version: 0.117.0 (api) - DEBUG - GET to endpoint: feed/user/12067816655/?max_id=&min_timestamp=None&rank_token=45468866234_9140f426-363f-4b0b-80cf-8b891668158a&ranked_content=true returned response: <Response [200]>
2021-02-18 10:54:24,061 - instabot version: 0.117.0 (bot_filter) - INFO - Received 5 medias.
2021-02-18 10:54:24,062 - instabot version: 0.117.0 (bot_filter) - INFO - After filtration 0 medias left.
2021-02-18 10:54:25,056 - instabot version: 0.117.0 (api) - DEBUG - GET to endpoint: feed/user/45426233253/?max_id=&min_timestamp=None&rank_token=45468866234_9140f426-363f-4b0b-80cf-8b891668158a&ranked_content=true returned response: <Response [200]>
2021-02-18 10:54:25,071 - instabot version: 0.117.0 (bot_filter) - INFO - Received 18 medias.
2021-02-18 10:54:25,072 - instabot version: 0.117.0 (bot_filter) - INFO - After filtration 0 medias left.
2021-02-18 10:54:25,687 - instabot version: 0.117.0 (api) - DEBUG - GET to endpoint: feed/user/1431724849/?max_id=&min_timestamp=None&rank_token=45468866234_9140f426-363f-4b0b-80cf-8b891668158a&ranked_content=true returned response: <Response [200]>
2021-02-18 10:54:25,697 - instabot version: 0.117.0 (bot_filter) - INFO - Received 12 medias.
2021-02-18 10:54:25,699 - instabot version: 0.117.0 (bot_filter) - INFO - After filtration 0 medias left.
2021-02-18 10:54:26,281 - instabot version: 0.117.0 (api) - DEBUG - GET to endpoint: feed/user/3001006101/?max_id=&min_timestamp=None&rank_token=45468866234_9140f426-363f-4b0b-80cf-8b891668158a&ranked_content=true returned response: <Response [200]>
2021-02-18 10:54:26,286 - instabot version: 0.117.0 (bot_filter) - INFO - Received 12 medias.
2021-02-18 10:54:26,288 - instabot version: 0.117.0 (bot_filter) - INFO - After filtration 0 medias left.
2021-02-18 10:54:26,880 - instabot version: 0.117.0 (api) - DEBUG - GET to endpoint: feed/user/8341907421/?max_id=&min_timestamp=None&rank_token=45468866234_9140f426-363f-4b0b-80cf-8b891668158a&ranked_content=true returned response: <Response [200]>
2021-02-18 10:54:26,886 - instabot version: 0.117.0 (bot_filter) - INFO - Received 12 medias.
2021-02-18 10:54:26,887 - instabot version: 0.117.0 (bot_filter) - INFO - After filtration 0 medias left.
2021-02-18 10:54:27,491 - instabot version: 0.117.0 (api) - DEBUG - GET to endpoint: feed/user/1750838283/?max_id=&min_timestamp=None&rank_token=45468866234_9140f426-363f-4b0b-80cf-8b891668158a&ranked_content=true returned response: <Response [200]>
2021-02-18 10:54:27,498 - instabot version: 0.117.0 (bot_filter) - INFO - Received 12 medias.
2021-02-18 10:54:27,499 - instabot version: 0.117.0 (bot_filter) - INFO - After filtration 0 medias left.
2021-02-18 10:54:27,913 - instabot version: 0.117.0 (api) - DEBUG - GET to endpoint: feed/user/8316593356/?max_id=&min_timestamp=None&rank_token=45468866234_9140f426-363f-4b0b-80cf-8b891668158a&ranked_content=true returned response: <Response [200]>
2021-02-18 10:54:27,916 - instabot version: 0.117.0 (bot_filter) - INFO - Received 12 medias.
2021-02-18 10:54:27,919 - instabot version: 0.117.0 (bot_filter) - INFO - After filtration 0 medias left.
2021-02-18 10:54:28,374 - instabot version: 0.117.0 (api) - DEBUG - GET to endpoint: feed/user/8317207842/?max_id=&min_timestamp=None&rank_token=45468866234_9140f426-363f-4b0b-80cf-8b891668158a&ranked_content=true returned response: <Response [200]>
2021-02-18 10:54:28,377 - instabot version: 0.117.0 (bot_filter) - INFO - Received 12 medias.
2021-02-18 10:54:28,378 - instabot version: 0.117.0 (bot_filter) - INFO - After filtration 0 medias left.
2021-02-18 10:54:28,857 - instabot version: 0.117.0 (api) - DEBUG - GET to endpoint: feed/user/4124563134/?max_id=&min_timestamp=None&rank_token=45468866234_9140f426-363f-4b0b-80cf-8b891668158a&ranked_content=true returned response: <Response [200]>
2021-02-18 10:54:28,860 - instabot version: 0.117.0 (bot_filter) - INFO - Received 12 medias.
2021-02-18 10:54:28,862 - instabot version: 0.117.0 (bot_filter) - INFO - After filtration 0 medias left.
2021-02-18 10:54:29,300 - instabot version: 0.117.0 (api) - DEBUG - GET to endpoint: feed/user/3218467572/?max_id=&min_timestamp=None&rank_token=45468866234_9140f426-363f-4b0b-80cf-8b891668158a&ranked_content=true returned response: <Response [200]>
2021-02-18 10:54:29,303 - instabot version: 0.117.0 (bot_filter) - INFO - Received 12 medias.
2021-02-18 10:54:29,304 - instabot version: 0.117.0 (bot_filter) - INFO - After filtration 0 medias left.
2021-02-18 10:54:29,746 - instabot version: 0.117.0 (api) - DEBUG - GET to endpoint: feed/user/8415424454/?max_id=&min_timestamp=None&rank_token=45468866234_9140f426-363f-4b0b-80cf-8b891668158a&ranked_content=true returned response: <Response [200]>
2021-02-18 10:54:29,750 - instabot version: 0.117.0 (bot_filter) - INFO - Received 12 medias.
2021-02-18 10:54:29,751 - instabot version: 0.117.0 (bot_filter) - INFO - After filtration 0 medias left.
2021-02-18 10:54:30,258 - instabot version: 0.117.0 (api) - DEBUG - GET to endpoint: feed/user/26038919389/?max_id=&min_timestamp=None&rank_token=45468866234_9140f426-363f-4b0b-80cf-8b891668158a&ranked_content=true returned response: <Response [200]>
2021-02-18 10:54:30,263 - instabot version: 0.117.0 (bot_filter) - INFO - Received 18 medias.
2021-02-18 10:54:30,264 - instabot version: 0.117.0 (bot_filter) - INFO - After filtration 0 medias left.
2021-02-18 10:54:31,138 - instabot version: 0.117.0 (api) - DEBUG - GET to endpoint: feed/user/28614348239/?max_id=&min_timestamp=None&rank_token=45468866234_9140f426-363f-4b0b-80cf-8b891668158a&ranked_content=true returned response: <Response [200]>
2021-02-18 10:54:31,146 - instabot version: 0.117.0 (bot_filter) - INFO - Received 12 medias.
2021-02-18 10:54:31,147 - instabot version: 0.117.0 (bot_filter) - INFO - After filtration 0 medias left.
2021-02-18 10:54:31,986 - instabot version: 0.117.0 (api) - DEBUG - GET to endpoint: feed/user/9455084983/?max_id=&min_timestamp=None&rank_token=45468866234_9140f426-363f-4b0b-80cf-8b891668158a&ranked_content=true returned response: <Response [200]>
2021-02-18 10:54:31,999 - instabot version: 0.117.0 (bot_filter) - INFO - Received 12 medias.
2021-02-18 10:54:32,000 - instabot version: 0.117.0 (bot_filter) - INFO - After filtration 0 medias left.
2021-02-18 10:54:32,403 - instabot version: 0.117.0 (api) - DEBUG - GET to endpoint: feed/user/7097506766/?max_id=&min_timestamp=None&rank_token=45468866234_9140f426-363f-4b0b-80cf-8b891668158a&ranked_content=true returned response: <Response [200]>
2021-02-18 10:54:32,407 - instabot version: 0.117.0 (bot_filter) - INFO - Received 12 medias.
2021-02-18 10:54:32,408 - instabot version: 0.117.0 (bot_filter) - INFO - After filtration 0 medias left.
2021-02-18 10:54:33,367 - instabot version: 0.117.0 (api) - DEBUG - GET to endpoint: feed/user/43691184526/?max_id=&min_timestamp=None&rank_token=45468866234_9140f426-363f-4b0b-80cf-8b891668158a&ranked_content=true returned response: <Response [200]>
2021-02-18 10:54:33,377 - instabot version: 0.117.0 (bot_filter) - INFO - Received 18 medias.
2021-02-18 10:54:33,378 - instabot version: 0.117.0 (bot_filter) - INFO - After filtration 0 medias left.
2021-02-18 10:54:34,183 - instabot version: 0.117.0 (api) - DEBUG - GET to endpoint: feed/user/9773476139/?max_id=&min_timestamp=None&rank_token=45468866234_9140f426-363f-4b0b-80cf-8b891668158a&ranked_content=true returned response: <Response [200]>
2021-02-18 10:54:34,192 - instabot version: 0.117.0 (bot_filter) - INFO - Received 18 medias.
2021-02-18 10:54:34,193 - instabot version: 0.117.0 (bot_filter) - INFO - After filtration 0 medias left.
2021-02-18 10:54:34,791 - instabot version: 0.117.0 (api) - DEBUG - GET to endpoint: feed/user/6894466143/?max_id=&min_timestamp=None&rank_token=45468866234_9140f426-363f-4b0b-80cf-8b891668158a&ranked_content=true returned response: <Response [200]>
2021-02-18 10:54:34,798 - instabot version: 0.117.0 (bot_filter) - INFO - Received 18 medias.
2021-02-18 10:54:34,799 - instabot version: 0.117.0 (bot_filter) - INFO - After filtration 0 medias left.
2021-02-18 10:54:35,458 - instabot version: 0.117.0 (api) - DEBUG - GET to endpoint: feed/user/35860305945/?max_id=&min_timestamp=None&rank_token=45468866234_9140f426-363f-4b0b-80cf-8b891668158a&ranked_content=true returned response: <Response [200]>
2021-02-18 10:54:35,466 - instabot version: 0.117.0 (bot_filter) - INFO - Received 18 medias.
2021-02-18 10:54:35,467 - instabot version: 0.117.0 (bot_filter) - INFO - After filtration 0 medias left.
2021-02-18 10:54:36,036 - instabot version: 0.117.0 (api) - DEBUG - GET to endpoint: feed/user/44980083590/?max_id=&min_timestamp=None&rank_token=45468866234_9140f426-363f-4b0b-80cf-8b891668158a&ranked_content=true returned response: <Response [200]>
2021-02-18 10:54:36,041 - instabot version: 0.117.0 (bot_filter) - INFO - Received 18 medias.
2021-02-18 10:54:36,043 - instabot version: 0.117.0 (bot_filter) - INFO - After filtration 0 medias left.
2021-02-18 10:54:37,095 - instabot version: 0.117.0 (api) - DEBUG - GET to endpoint: feed/user/44822754343/?max_id=&min_timestamp=None&rank_token=45468866234_9140f426-363f-4b0b-80cf-8b891668158a&ranked_content=true returned response: <Response [200]>
2021-02-18 10:54:37,107 - instabot version: 0.117.0 (bot_filter) - INFO - Received 18 medias.
2021-02-18 10:54:37,108 - instabot version: 0.117.0 (bot_filter) - INFO - After filtration 0 medias left.
2021-02-18 10:54:37,700 - instabot version: 0.117.0 (api) - DEBUG - GET to endpoint: feed/user/44831972980/?max_id=&min_timestamp=None&rank_token=45468866234_9140f426-363f-4b0b-80cf-8b891668158a&ranked_content=true returned response: <Response [200]>
2021-02-18 10:54:37,705 - instabot version: 0.117.0 (bot_filter) - INFO - Received 18 medias.
2021-02-18 10:54:37,706 - instabot version: 0.117.0 (bot_filter) - INFO - After filtration 0 medias left.
2021-02-18 10:54:38,418 - instabot version: 0.117.0 (api) - DEBUG - GET to endpoint: feed/user/4044417560/?max_id=&min_timestamp=None&rank_token=45468866234_9140f426-363f-4b0b-80cf-8b891668158a&ranked_content=true returned response: <Response [200]>
2021-02-18 10:54:38,433 - instabot version: 0.117.0 (bot_filter) - INFO - Received 18 medias.
2021-02-18 10:54:38,434 - instabot version: 0.117.0 (bot_filter) - INFO - After filtration 0 medias left.
2021-02-18 10:54:39,123 - instabot version: 0.117.0 (api) - DEBUG - GET to endpoint: feed/user/40924321026/?max_id=&min_timestamp=None&rank_token=45468866234_9140f426-363f-4b0b-80cf-8b891668158a&ranked_content=true returned response: <Response [200]>
2021-02-18 10:54:39,137 - instabot version: 0.117.0 (bot_filter) - INFO - Received 18 medias.
2021-02-18 10:54:39,138 - instabot version: 0.117.0 (bot_filter) - INFO - After filtration 0 medias left.
2021-02-18 10:54:39,647 - instabot version: 0.117.0 (api) - DEBUG - GET to endpoint: feed/user/5580324684/?max_id=&min_timestamp=None&rank_token=45468866234_9140f426-363f-4b0b-80cf-8b891668158a&ranked_content=true returned response: <Response [200]>
2021-02-18 10:54:39,651 - instabot version: 0.117.0 (bot_filter) - INFO - Received 18 medias.
2021-02-18 10:54:39,653 - instabot version: 0.117.0 (bot_filter) - INFO - After filtration 0 medias left.
2021-02-18 10:54:40,830 - instabot version: 0.117.0 (api) - DEBUG - GET to endpoint: feed/user/2075059173/?max_id=&min_timestamp=None&rank_token=45468866234_9140f426-363f-4b0b-80cf-8b891668158a&ranked_content=true returned response: <Response [200]>
2021-02-18 10:54:40,842 - instabot version: 0.117.0 (bot_filter) - INFO - Received 18 medias.
2021-02-18 10:54:40,844 - instabot version: 0.117.0 (bot_filter) - INFO - After filtration 0 medias left.
2021-02-18 10:54:41,398 - instabot version: 0.117.0 (api) - DEBUG - GET to endpoint: feed/user/31613613202/?max_id=&min_timestamp=None&rank_token=45468866234_9140f426-363f-4b0b-80cf-8b891668158a&ranked_content=true returned response: <Response [200]>
2021-02-18 10:54:41,404 - instabot version: 0.117.0 (bot_filter) - INFO - Received 18 medias.
2021-02-18 10:54:41,406 - instabot version: 0.117.0 (bot_filter) - INFO - After filtration 0 medias left.
2021-02-18 10:54:41,856 - instabot version: 0.117.0 (api) - DEBUG - GET to endpoint: feed/user/44737054165/?max_id=&min_timestamp=None&rank_token=45468866234_9140f426-363f-4b0b-80cf-8b891668158a&ranked_content=true returned response: <Response [200]>
2021-02-18 10:54:41,861 - instabot version: 0.117.0 (bot_filter) - INFO - Received 18 medias.
2021-02-18 10:54:41,862 - instabot version: 0.117.0 (bot_filter) - INFO - After filtration 0 medias left.
2021-02-18 10:54:42,709 - instabot version: 0.117.0 (api) - DEBUG - GET to endpoint: feed/user/45068219964/?max_id=&min_timestamp=None&rank_token=45468866234_9140f426-363f-4b0b-80cf-8b891668158a&ranked_content=true returned response: <Response [200]>
2021-02-18 10:54:42,718 - instabot version: 0.117.0 (bot_filter) - INFO - Received 18 medias.
2021-02-18 10:54:42,719 - instabot version: 0.117.0 (bot_filter) - INFO - After filtration 0 medias left.
2021-02-18 10:54:43,876 - instabot version: 0.117.0 (api) - DEBUG - GET to endpoint: feed/user/44748846021/?max_id=&min_timestamp=None&rank_token=45468866234_9140f426-363f-4b0b-80cf-8b891668158a&ranked_content=true returned response: <Response [200]>
2021-02-18 10:54:43,889 - instabot version: 0.117.0 (bot_filter) - INFO - Received 18 medias.
2021-02-18 10:54:43,890 - instabot version: 0.117.0 (bot_filter) - INFO - After filtration 0 medias left.
2021-02-18 10:54:45,008 - instabot version: 0.117.0 (api) - DEBUG - GET to endpoint: feed/user/6195032695/?max_id=&min_timestamp=None&rank_token=45468866234_9140f426-363f-4b0b-80cf-8b891668158a&ranked_content=true returned response: <Response [200]>
2021-02-18 10:54:45,019 - instabot version: 0.117.0 (bot_filter) - INFO - Received 35 medias.
2021-02-18 10:54:45,021 - instabot version: 0.117.0 (bot_filter) - INFO - After filtration 0 medias left.
2021-02-18 10:54:45,733 - instabot version: 0.117.0 (api) - DEBUG - GET to endpoint: feed/user/43381901771/?max_id=&min_timestamp=None&rank_token=45468866234_9140f426-363f-4b0b-80cf-8b891668158a&ranked_content=true returned response: <Response [200]>
2021-02-18 10:54:45,740 - instabot version: 0.117.0 (bot_filter) - INFO - Received 18 medias.
2021-02-18 10:54:45,742 - instabot version: 0.117.0 (bot_filter) - INFO - After filtration 0 medias left.
2021-02-18 10:54:46,431 - instabot version: 0.117.0 (api) - DEBUG - GET to endpoint: feed/user/4464934942/?max_id=&min_timestamp=None&rank_token=45468866234_9140f426-363f-4b0b-80cf-8b891668158a&ranked_content=true returned response: <Response [200]>
2021-02-18 10:54:46,440 - instabot version: 0.117.0 (bot_filter) - INFO - Received 18 medias.
2021-02-18 10:54:46,441 - instabot version: 0.117.0 (bot_filter) - INFO - After filtration 0 medias left.
2021-02-18 10:54:47,067 - instabot version: 0.117.0 (api) - DEBUG - GET to endpoint: feed/user/45365454678/?max_id=&min_timestamp=None&rank_token=45468866234_9140f426-363f-4b0b-80cf-8b891668158a&ranked_content=true returned response: <Response [200]>
2021-02-18 10:54:47,077 - instabot version: 0.117.0 (bot_filter) - INFO - Received 18 medias.
2021-02-18 10:54:47,078 - instabot version: 0.117.0 (bot_filter) - INFO - After filtration 0 medias left.
2021-02-18 10:54:47,892 - instabot version: 0.117.0 (api) - DEBUG - GET to endpoint: feed/user/4232732794/?max_id=&min_timestamp=None&rank_token=45468866234_9140f426-363f-4b0b-80cf-8b891668158a&ranked_content=true returned response: <Response [200]>
2021-02-18 10:54:47,900 - instabot version: 0.117.0 (bot_filter) - INFO - Received 18 medias.
2021-02-18 10:54:47,902 - instabot version: 0.117.0 (bot_filter) - INFO - After filtration 0 medias left.
2021-02-18 10:54:48,877 - instabot version: 0.117.0 (api) - DEBUG - GET to endpoint: feed/user/7917768896/?max_id=&min_timestamp=None&rank_token=45468866234_9140f426-363f-4b0b-80cf-8b891668158a&ranked_content=true returned response: <Response [200]>
2021-02-18 10:54:48,889 - instabot version: 0.117.0 (bot_filter) - INFO - Received 18 medias.
2021-02-18 10:54:48,891 - instabot version: 0.117.0 (bot_filter) - INFO - After filtration 0 medias left.
2021-02-18 10:54:49,638 - instabot version: 0.117.0 (api) - DEBUG - GET to endpoint: feed/user/1279740321/?max_id=&min_timestamp=None&rank_token=45468866234_9140f426-363f-4b0b-80cf-8b891668158a&ranked_content=true returned response: <Response [200]>
2021-02-18 10:54:49,646 - instabot version: 0.117.0 (bot_filter) - INFO - Received 18 medias.
2021-02-18 10:54:49,648 - instabot version: 0.117.0 (bot_filter) - INFO - After filtration 0 medias left.
2021-02-18 10:54:50,252 - instabot version: 0.117.0 (api) - DEBUG - GET to endpoint: feed/user/1775400646/?max_id=&min_timestamp=None&rank_token=45468866234_9140f426-363f-4b0b-80cf-8b891668158a&ranked_content=true returned response: <Response [200]>
2021-02-18 10:54:50,261 - instabot version: 0.117.0 (bot_filter) - INFO - Received 12 medias.
2021-02-18 10:54:50,263 - instabot version: 0.117.0 (bot_filter) - INFO - After filtration 0 medias left.
2021-02-18 10:54:50,922 - instabot version: 0.117.0 (api) - DEBUG - GET to endpoint: feed/user/20822456/?max_id=&min_timestamp=None&rank_token=45468866234_9140f426-363f-4b0b-80cf-8b891668158a&ranked_content=true returned response: <Response [200]>
2021-02-18 10:54:50,931 - instabot version: 0.117.0 (bot_filter) - INFO - Received 18 medias.
2021-02-18 10:54:50,932 - instabot version: 0.117.0 (bot_filter) - INFO - After filtration 0 medias left.
2021-02-18 10:54:51,670 - instabot version: 0.117.0 (api) - DEBUG - GET to endpoint: feed/user/186128035/?max_id=&min_timestamp=None&rank_token=45468866234_9140f426-363f-4b0b-80cf-8b891668158a&ranked_content=true returned response: <Response [200]>
2021-02-18 10:54:51,678 - instabot version: 0.117.0 (bot_filter) - INFO - Received 18 medias.
2021-02-18 10:54:51,679 - instabot version: 0.117.0 (bot_filter) - INFO - After filtration 0 medias left.
2021-02-18 10:54:52,159 - instabot version: 0.117.0 (api) - DEBUG - GET to endpoint: feed/user/30632573585/?max_id=&min_timestamp=None&rank_token=45468866234_9140f426-363f-4b0b-80cf-8b891668158a&ranked_content=true returned response: <Response [200]>
2021-02-18 10:54:52,166 - instabot version: 0.117.0 (bot_filter) - INFO - Received 18 medias.
2021-02-18 10:54:52,167 - instabot version: 0.117.0 (bot_filter) - INFO - After filtration 0 medias left.
2021-02-18 10:54:52,892 - instabot version: 0.117.0 (api) - DEBUG - GET to endpoint: feed/user/34409272108/?max_id=&min_timestamp=None&rank_token=45468866234_9140f426-363f-4b0b-80cf-8b891668158a&ranked_content=true returned response: <Response [200]>
2021-02-18 10:54:52,901 - instabot version: 0.117.0 (bot_filter) - INFO - Received 18 medias.
2021-02-18 10:54:52,902 - instabot version: 0.117.0 (bot_filter) - INFO - After filtration 0 medias left.
2021-02-18 10:54:53,554 - instabot version: 0.117.0 (api) - DEBUG - GET to endpoint: feed/user/43394781940/?max_id=&min_timestamp=None&rank_token=45468866234_9140f426-363f-4b0b-80cf-8b891668158a&ranked_content=true returned response: <Response [200]>
2021-02-18 10:54:53,559 - instabot version: 0.117.0 (bot_filter) - INFO - Received 18 medias.
2021-02-18 10:54:53,560 - instabot version: 0.117.0 (bot_filter) - INFO - After filtration 0 medias left.
2021-02-18 10:54:54,550 - instabot version: 0.117.0 (api) - DEBUG - GET to endpoint: feed/user/44492100596/?max_id=&min_timestamp=None&rank_token=45468866234_9140f426-363f-4b0b-80cf-8b891668158a&ranked_content=true returned response: <Response [200]>
2021-02-18 10:54:54,563 - instabot version: 0.117.0 (bot_filter) - INFO - Received 18 medias.
2021-02-18 10:54:54,565 - instabot version: 0.117.0 (bot_filter) - INFO - After filtration 0 medias left.
2021-02-18 10:54:55,644 - instabot version: 0.117.0 (api) - DEBUG - GET to endpoint: feed/user/11152767319/?max_id=&min_timestamp=None&rank_token=45468866234_9140f426-363f-4b0b-80cf-8b891668158a&ranked_content=true returned response: <Response [200]>
2021-02-18 10:54:55,659 - instabot version: 0.117.0 (bot_filter) - INFO - Received 18 medias.
2021-02-18 10:54:55,660 - instabot version: 0.117.0 (bot_filter) - INFO - After filtration 0 medias left.
2021-02-18 10:54:56,309 - instabot version: 0.117.0 (api) - DEBUG - GET to endpoint: feed/user/38832588388/?max_id=&min_timestamp=None&rank_token=45468866234_9140f426-363f-4b0b-80cf-8b891668158a&ranked_content=true returned response: <Response [200]>
2021-02-18 10:54:56,316 - instabot version: 0.117.0 (bot_filter) - INFO - Received 18 medias.
2021-02-18 10:54:56,317 - instabot version: 0.117.0 (bot_filter) - INFO - After filtration 0 medias left.
2021-02-18 10:54:57,171 - instabot version: 0.117.0 (api) - DEBUG - GET to endpoint: feed/user/7573209367/?max_id=&min_timestamp=None&rank_token=45468866234_9140f426-363f-4b0b-80cf-8b891668158a&ranked_content=true returned response: <Response [200]>
2021-02-18 10:54:57,180 - instabot version: 0.117.0 (bot_filter) - INFO - Received 18 medias.
2021-02-18 10:54:57,182 - instabot version: 0.117.0 (bot_filter) - INFO - After filtration 0 medias left.
2021-02-18 10:54:57,846 - instabot version: 0.117.0 (api) - DEBUG - GET to endpoint: feed/user/43042274087/?max_id=&min_timestamp=None&rank_token=45468866234_9140f426-363f-4b0b-80cf-8b891668158a&ranked_content=true returned response: <Response [200]>
2021-02-18 10:54:57,850 - instabot version: 0.117.0 (bot_filter) - INFO - Received 18 medias.
2021-02-18 10:54:57,851 - instabot version: 0.117.0 (bot_filter) - INFO - After filtration 0 medias left.
2021-02-18 10:54:58,664 - instabot version: 0.117.0 (api) - DEBUG - GET to endpoint: feed/user/3648469460/?max_id=&min_timestamp=None&rank_token=45468866234_9140f426-363f-4b0b-80cf-8b891668158a&ranked_content=true returned response: <Response [200]>
2021-02-18 10:54:58,679 - instabot version: 0.117.0 (bot_filter) - INFO - Received 35 medias.
2021-02-18 10:54:58,680 - instabot version: 0.117.0 (bot_filter) - INFO - After filtration 0 medias left.
2021-02-18 10:54:59,288 - instabot version: 0.117.0 (api) - DEBUG - GET to endpoint: feed/user/21055799611/?max_id=&min_timestamp=None&rank_token=45468866234_9140f426-363f-4b0b-80cf-8b891668158a&ranked_content=true returned response: <Response [200]>
2021-02-18 10:54:59,297 - instabot version: 0.117.0 (bot_filter) - INFO - Received 18 medias.
2021-02-18 10:54:59,299 - instabot version: 0.117.0 (bot_filter) - INFO - After filtration 0 medias left.
2021-02-18 10:54:59,910 - instabot version: 0.117.0 (api) - DEBUG - GET to endpoint: feed/user/45636858936/?max_id=&min_timestamp=None&rank_token=45468866234_9140f426-363f-4b0b-80cf-8b891668158a&ranked_content=true returned response: <Response [200]>
2021-02-18 10:54:59,916 - instabot version: 0.117.0 (bot_filter) - INFO - Received 18 medias.
2021-02-18 10:54:59,917 - instabot version: 0.117.0 (bot_filter) - INFO - After filtration 0 medias left.
2021-02-18 10:55:00,761 - instabot version: 0.117.0 (api) - DEBUG - GET to endpoint: feed/user/30032275066/?max_id=&min_timestamp=None&rank_token=45468866234_9140f426-363f-4b0b-80cf-8b891668158a&ranked_content=true returned response: <Response [200]>
2021-02-18 10:55:00,776 - instabot version: 0.117.0 (bot_filter) - INFO - Received 18 medias.
2021-02-18 10:55:00,777 - instabot version: 0.117.0 (bot_filter) - INFO - After filtration 0 medias left.
2021-02-18 10:55:01,531 - instabot version: 0.117.0 (api) - DEBUG - GET to endpoint: feed/user/3414872486/?max_id=&min_timestamp=None&rank_token=45468866234_9140f426-363f-4b0b-80cf-8b891668158a&ranked_content=true returned response: <Response [200]>
2021-02-18 10:55:01,543 - instabot version: 0.117.0 (bot_filter) - INFO - Received 18 medias.
2021-02-18 10:55:01,544 - instabot version: 0.117.0 (bot_filter) - INFO - After filtration 0 medias left.
2021-02-18 10:55:02,304 - instabot version: 0.117.0 (api) - DEBUG - GET to endpoint: feed/user/45604857213/?max_id=&min_timestamp=None&rank_token=45468866234_9140f426-363f-4b0b-80cf-8b891668158a&ranked_content=true returned response: <Response [200]>
2021-02-18 10:55:02,316 - instabot version: 0.117.0 (bot_filter) - INFO - Received 18 medias.
2021-02-18 10:55:02,318 - instabot version: 0.117.0 (bot_filter) - INFO - After filtration 0 medias left.
2021-02-18 10:55:05,113 - instabot version: 0.117.0 (api) - DEBUG - GET to endpoint: feed/user/3972818498/?max_id=&min_timestamp=None&rank_token=45468866234_9140f426-363f-4b0b-80cf-8b891668158a&ranked_content=true returned response: <Response [200]>
2021-02-18 10:55:05,157 - instabot version: 0.117.0 (bot_filter) - INFO - Received 34 medias.
2021-02-18 10:55:05,158 - instabot version: 0.117.0 (bot_filter) - INFO - After filtration 0 medias left.
2021-02-18 10:55:06,260 - instabot version: 0.117.0 (api) - DEBUG - GET to endpoint: feed/user/40481301943/?max_id=&min_timestamp=None&rank_token=45468866234_9140f426-363f-4b0b-80cf-8b891668158a&ranked_content=true returned response: <Response [200]>
2021-02-18 10:55:06,285 - instabot version: 0.117.0 (bot_filter) - INFO - Received 18 medias.
2021-02-18 10:55:06,286 - instabot version: 0.117.0 (bot_filter) - INFO - After filtration 0 medias left.
2021-02-18 10:55:07,114 - instabot version: 0.117.0 (api) - DEBUG - GET to endpoint: feed/user/36665091343/?max_id=&min_timestamp=None&rank_token=45468866234_9140f426-363f-4b0b-80cf-8b891668158a&ranked_content=true returned response: <Response [200]>
2021-02-18 10:55:07,121 - instabot version: 0.117.0 (bot_filter) - INFO - Received 18 medias.
2021-02-18 10:55:07,122 - instabot version: 0.117.0 (bot_filter) - INFO - After filtration 0 medias left.
2021-02-18 10:55:07,617 - instabot version: 0.117.0 (api) - DEBUG - GET to endpoint: feed/user/36761537627/?max_id=&min_timestamp=None&rank_token=45468866234_9140f426-363f-4b0b-80cf-8b891668158a&ranked_content=true returned response: <Response [200]>
2021-02-18 10:55:07,622 - instabot version: 0.117.0 (bot_filter) - INFO - Received 18 medias.
2021-02-18 10:55:07,623 - instabot version: 0.117.0 (bot_filter) - INFO - After filtration 0 medias left.
2021-02-18 10:55:08,401 - instabot version: 0.117.0 (api) - DEBUG - GET to endpoint: feed/user/45426742553/?max_id=&min_timestamp=None&rank_token=45468866234_9140f426-363f-4b0b-80cf-8b891668158a&ranked_content=true returned response: <Response [200]>
2021-02-18 10:55:08,409 - instabot version: 0.117.0 (bot_filter) - INFO - Received 18 medias.
2021-02-18 10:55:08,410 - instabot version: 0.117.0 (bot_filter) - INFO - After filtration 0 medias left.
2021-02-18 10:55:09,640 - instabot version: 0.117.0 (api) - DEBUG - GET to endpoint: feed/user/283303809/?max_id=&min_timestamp=None&rank_token=45468866234_9140f426-363f-4b0b-80cf-8b891668158a&ranked_content=true returned response: <Response [200]>
2021-02-18 10:55:09,657 - instabot version: 0.117.0 (bot_filter) - INFO - Received 18 medias.
2021-02-18 10:55:09,658 - instabot version: 0.117.0 (bot_filter) - INFO - After filtration 0 medias left.
2021-02-18 10:55:10,312 - instabot version: 0.117.0 (api) - DEBUG - GET to endpoint: feed/user/45083398900/?max_id=&min_timestamp=None&rank_token=45468866234_9140f426-363f-4b0b-80cf-8b891668158a&ranked_content=true returned response: <Response [200]>
2021-02-18 10:55:10,319 - instabot version: 0.117.0 (bot_filter) - INFO - Received 18 medias.
2021-02-18 10:55:10,321 - instabot version: 0.117.0 (bot_filter) - INFO - After filtration 0 medias left.
2021-02-18 10:55:10,772 - instabot version: 0.117.0 (api) - DEBUG - GET to endpoint: feed/user/36107032537/?max_id=&min_timestamp=None&rank_token=45468866234_9140f426-363f-4b0b-80cf-8b891668158a&ranked_content=true returned response: <Response [200]>
2021-02-18 10:55:10,776 - instabot version: 0.117.0 (bot_filter) - INFO - Received 18 medias.
2021-02-18 10:55:10,778 - instabot version: 0.117.0 (bot_filter) - INFO - After filtration 0 medias left.
2021-02-18 10:55:11,643 - instabot version: 0.117.0 (api) - DEBUG - GET to endpoint: feed/user/1533812941/?max_id=&min_timestamp=None&rank_token=45468866234_9140f426-363f-4b0b-80cf-8b891668158a&ranked_content=true returned response: <Response [200]>
2021-02-18 10:55:11,653 - instabot version: 0.117.0 (bot_filter) - INFO - Received 18 medias.
2021-02-18 10:55:11,654 - instabot version: 0.117.0 (bot_filter) - INFO - After filtration 0 medias left.
2021-02-18 10:55:12,665 - instabot version: 0.117.0 (api) - DEBUG - GET to endpoint: feed/user/8521543676/?max_id=&min_timestamp=None&rank_token=45468866234_9140f426-363f-4b0b-80cf-8b891668158a&ranked_content=true returned response: <Response [200]>
2021-02-18 10:55:12,676 - instabot version: 0.117.0 (bot_filter) - INFO - Received 18 medias.
2021-02-18 10:55:12,677 - instabot version: 0.117.0 (bot_filter) - INFO - After filtration 0 medias left.
2021-02-18 10:55:13,282 - instabot version: 0.117.0 (api) - DEBUG - GET to endpoint: feed/user/44766316676/?max_id=&min_timestamp=None&rank_token=45468866234_9140f426-363f-4b0b-80cf-8b891668158a&ranked_content=true returned response: <Response [200]>
2021-02-18 10:55:13,288 - instabot version: 0.117.0 (bot_filter) - INFO - Received 18 medias.
2021-02-18 10:55:13,289 - instabot version: 0.117.0 (bot_filter) - INFO - After filtration 0 medias left.
2021-02-18 10:55:13,894 - instabot version: 0.117.0 (api) - DEBUG - GET to endpoint: feed/user/45432108355/?max_id=&min_timestamp=None&rank_token=45468866234_9140f426-363f-4b0b-80cf-8b891668158a&ranked_content=true returned response: <Response [200]>
2021-02-18 10:55:13,903 - instabot version: 0.117.0 (bot_filter) - INFO - Received 18 medias.
2021-02-18 10:55:13,904 - instabot version: 0.117.0 (bot_filter) - INFO - After filtration 0 medias left.
2021-02-18 10:55:14,602 - instabot version: 0.117.0 (api) - DEBUG - GET to endpoint: feed/user/13206502237/?max_id=&min_timestamp=None&rank_token=45468866234_9140f426-363f-4b0b-80cf-8b891668158a&ranked_content=true returned response: <Response [200]>
2021-02-18 10:55:14,611 - instabot version: 0.117.0 (bot_filter) - INFO - Received 18 medias.
2021-02-18 10:55:14,613 - instabot version: 0.117.0 (bot_filter) - INFO - After filtration 0 medias left.
2021-02-18 10:55:15,567 - instabot version: 0.117.0 (api) - DEBUG - GET to endpoint: feed/user/29138958447/?max_id=&min_timestamp=None&rank_token=45468866234_9140f426-363f-4b0b-80cf-8b891668158a&ranked_content=true returned response: <Response [200]>
2021-02-18 10:55:15,576 - instabot version: 0.117.0 (bot_filter) - INFO - Received 18 medias.
2021-02-18 10:55:15,577 - instabot version: 0.117.0 (bot_filter) - INFO - After filtration 0 medias left.
2021-02-18 10:55:16,137 - instabot version: 0.117.0 (api) - DEBUG - GET to endpoint: feed/user/4036450668/?max_id=&min_timestamp=None&rank_token=45468866234_9140f426-363f-4b0b-80cf-8b891668158a&ranked_content=true returned response: <Response [200]>
2021-02-18 10:55:16,146 - instabot version: 0.117.0 (bot_filter) - INFO - Received 18 medias.
2021-02-18 10:55:16,147 - instabot version: 0.117.0 (bot_filter) - INFO - After filtration 0 medias left.
2021-02-18 10:55:16,746 - instabot version: 0.117.0 (api) - DEBUG - GET to endpoint: feed/user/197220161/?max_id=&min_timestamp=None&rank_token=45468866234_9140f426-363f-4b0b-80cf-8b891668158a&ranked_content=true returned response: <Response [200]>
2021-02-18 10:55:16,751 - instabot version: 0.117.0 (bot_filter) - INFO - Received 18 medias.
2021-02-18 10:55:16,753 - instabot version: 0.117.0 (bot_filter) - INFO - After filtration 0 medias left.
2021-02-18 10:55:17,455 - instabot version: 0.117.0 (api) - DEBUG - GET to endpoint: feed/user/12558167805/?max_id=&min_timestamp=None&rank_token=45468866234_9140f426-363f-4b0b-80cf-8b891668158a&ranked_content=true returned response: <Response [200]>
2021-02-18 10:55:17,461 - instabot version: 0.117.0 (bot_filter) - INFO - Received 18 medias.
2021-02-18 10:55:17,462 - instabot version: 0.117.0 (bot_filter) - INFO - After filtration 0 medias left.
2021-02-18 10:55:18,027 - instabot version: 0.117.0 (api) - DEBUG - GET to endpoint: feed/user/45224756071/?max_id=&min_timestamp=None&rank_token=45468866234_9140f426-363f-4b0b-80cf-8b891668158a&ranked_content=true returned response: <Response [200]>
2021-02-18 10:55:18,031 - instabot version: 0.117.0 (bot_filter) - INFO - Received 18 medias.
2021-02-18 10:55:18,032 - instabot version: 0.117.0 (bot_filter) - INFO - After filtration 0 medias left.
2021-02-18 10:55:18,508 - instabot version: 0.117.0 (api) - DEBUG - GET to endpoint: feed/user/41704275388/?max_id=&min_timestamp=None&rank_token=45468866234_9140f426-363f-4b0b-80cf-8b891668158a&ranked_content=true returned response: <Response [200]>
2021-02-18 10:55:18,546 - instabot version: 0.117.0 (bot_filter) - INFO - Received 18 medias.
2021-02-18 10:55:18,547 - instabot version: 0.117.0 (bot_filter) - INFO - After filtration 0 medias left.
2021-02-18 10:55:19,240 - instabot version: 0.117.0 (api) - DEBUG - GET to endpoint: feed/user/29782547288/?max_id=&min_timestamp=None&rank_token=45468866234_9140f426-363f-4b0b-80cf-8b891668158a&ranked_content=true returned response: <Response [200]>
2021-02-18 10:55:19,258 - instabot version: 0.117.0 (bot_filter) - INFO - Received 18 medias.
2021-02-18 10:55:19,259 - instabot version: 0.117.0 (bot_filter) - INFO - After filtration 0 medias left.
2021-02-18 10:55:19,885 - instabot version: 0.117.0 (api) - DEBUG - GET to endpoint: feed/user/7709486713/?max_id=&min_timestamp=None&rank_token=45468866234_9140f426-363f-4b0b-80cf-8b891668158a&ranked_content=true returned response: <Response [200]>
2021-02-18 10:55:19,894 - instabot version: 0.117.0 (bot_filter) - INFO - Received 18 medias.
2021-02-18 10:55:19,896 - instabot version: 0.117.0 (bot_filter) - INFO - After filtration 0 medias left.
2021-02-18 10:55:20,710 - instabot version: 0.117.0 (api) - DEBUG - GET to endpoint: feed/user/26902385680/?max_id=&min_timestamp=None&rank_token=45468866234_9140f426-363f-4b0b-80cf-8b891668158a&ranked_content=true returned response: <Response [200]>
2021-02-18 10:55:20,732 - instabot version: 0.117.0 (bot_filter) - INFO - Received 18 medias.
2021-02-18 10:55:20,733 - instabot version: 0.117.0 (bot_filter) - INFO - After filtration 0 medias left.
2021-02-18 10:55:21,184 - instabot version: 0.117.0 (api) - DEBUG - GET to endpoint: feed/user/45294679796/?max_id=&min_timestamp=None&rank_token=45468866234_9140f426-363f-4b0b-80cf-8b891668158a&ranked_content=true returned response: <Response [200]>
2021-02-18 10:55:21,188 - instabot version: 0.117.0 (bot_filter) - INFO - Received 18 medias.
2021-02-18 10:55:21,190 - instabot version: 0.117.0 (bot_filter) - INFO - After filtration 0 medias left.
2021-02-18 10:55:21,676 - instabot version: 0.117.0 (api) - DEBUG - GET to endpoint: feed/user/28213256387/?max_id=&min_timestamp=None&rank_token=45468866234_9140f426-363f-4b0b-80cf-8b891668158a&ranked_content=true returned response: <Response [200]>
2021-02-18 10:55:21,678 - instabot version: 0.117.0 (bot_filter) - INFO - Received 6 medias.
2021-02-18 10:55:21,680 - instabot version: 0.117.0 (bot_filter) - INFO - After filtration 0 medias left.
2021-02-18 10:55:22,103 - instabot version: 0.117.0 (api) - DEBUG - GET to endpoint: feed/user/5597645913/?max_id=&min_timestamp=None&rank_token=45468866234_9140f426-363f-4b0b-80cf-8b891668158a&ranked_content=true returned response: <Response [200]>
2021-02-18 10:55:22,109 - instabot version: 0.117.0 (bot_filter) - INFO - Received 18 medias.
2021-02-18 10:55:22,111 - instabot version: 0.117.0 (bot_filter) - INFO - After filtration 0 medias left.
2021-02-18 10:55:22,828 - instabot version: 0.117.0 (api) - DEBUG - GET to endpoint: feed/user/7473354589/?max_id=&min_timestamp=None&rank_token=45468866234_9140f426-363f-4b0b-80cf-8b891668158a&ranked_content=true returned response: <Response [200]>
2021-02-18 10:55:22,836 - instabot version: 0.117.0 (bot_filter) - INFO - Received 18 medias.
2021-02-18 10:55:22,837 - instabot version: 0.117.0 (bot_filter) - INFO - After filtration 0 medias left.
2021-02-18 10:55:24,091 - instabot version: 0.117.0 (api) - DEBUG - GET to endpoint: feed/user/5458514415/?max_id=&min_timestamp=None&rank_token=45468866234_9140f426-363f-4b0b-80cf-8b891668158a&ranked_content=true returned response: <Response [200]>
2021-02-18 10:55:24,106 - instabot version: 0.117.0 (bot_filter) - INFO - Received 18 medias.
2021-02-18 10:55:24,107 - instabot version: 0.117.0 (bot_filter) - INFO - After filtration 0 medias left.
2021-02-18 10:55:24,853 - instabot version: 0.117.0 (api) - DEBUG - GET to endpoint: feed/user/45197214303/?max_id=&min_timestamp=None&rank_token=45468866234_9140f426-363f-4b0b-80cf-8b891668158a&ranked_content=true returned response: <Response [200]>
2021-02-18 10:55:24,861 - instabot version: 0.117.0 (bot_filter) - INFO - Received 18 medias.
2021-02-18 10:55:24,862 - instabot version: 0.117.0 (bot_filter) - INFO - After filtration 0 medias left.
2021-02-18 10:55:25,526 - instabot version: 0.117.0 (api) - DEBUG - GET to endpoint: feed/user/5653902069/?max_id=&min_timestamp=None&rank_token=45468866234_9140f426-363f-4b0b-80cf-8b891668158a&ranked_content=true returned response: <Response [200]>
2021-02-18 10:55:25,531 - instabot version: 0.117.0 (bot_filter) - INFO - Received 15 medias.
2021-02-18 10:55:25,532 - instabot version: 0.117.0 (bot_filter) - INFO - After filtration 0 medias left.
2021-02-18 10:55:26,025 - instabot version: 0.117.0 (api) - DEBUG - GET to endpoint: feed/user/45457340687/?max_id=&min_timestamp=None&rank_token=45468866234_9140f426-363f-4b0b-80cf-8b891668158a&ranked_content=true returned response: <Response [200]>
2021-02-18 10:55:26,032 - instabot version: 0.117.0 (bot_filter) - INFO - Received 18 medias.
2021-02-18 10:55:26,033 - instabot version: 0.117.0 (bot_filter) - INFO - After filtration 0 medias left.
2021-02-18 10:55:26,686 - instabot version: 0.117.0 (api) - DEBUG - GET to endpoint: feed/user/44572841974/?max_id=&min_timestamp=None&rank_token=45468866234_9140f426-363f-4b0b-80cf-8b891668158a&ranked_content=true returned response: <Response [200]>
2021-02-18 10:55:26,692 - instabot version: 0.117.0 (bot_filter) - INFO - Received 18 medias.
2021-02-18 10:55:26,694 - instabot version: 0.117.0 (bot_filter) - INFO - After filtration 0 medias left.
2021-02-18 10:55:27,213 - instabot version: 0.117.0 (api) - DEBUG - GET to endpoint: feed/user/10742303144/?max_id=&min_timestamp=None&rank_token=45468866234_9140f426-363f-4b0b-80cf-8b891668158a&ranked_content=true returned response: <Response [200]>
2021-02-18 10:55:27,219 - instabot version: 0.117.0 (bot_filter) - INFO - Received 18 medias.
2021-02-18 10:55:27,220 - instabot version: 0.117.0 (bot_filter) - INFO - After filtration 0 medias left.
2021-02-18 10:55:27,935 - instabot version: 0.117.0 (api) - DEBUG - GET to endpoint: feed/user/41768060404/?max_id=&min_timestamp=None&rank_token=45468866234_9140f426-363f-4b0b-80cf-8b891668158a&ranked_content=true returned response: <Response [200]>
2021-02-18 10:55:27,942 - instabot version: 0.117.0 (bot_filter) - INFO - Received 18 medias.
2021-02-18 10:55:27,944 - instabot version: 0.117.0 (bot_filter) - INFO - After filtration 0 medias left.
2021-02-18 10:55:28,273 - instabot version: 0.117.0 (api) - DEBUG - GET to endpoint: feed/user/40612882444/?max_id=&min_timestamp=None&rank_token=45468866234_9140f426-363f-4b0b-80cf-8b891668158a&ranked_content=true returned response: <Response [200]>
2021-02-18 10:55:28,274 - instabot version: 0.117.0 (bot_filter) - INFO - Received 0 medias.
2021-02-18 10:55:28,275 - instabot version: 0.117.0 (bot_filter) - INFO - After filtration 0 medias left.
2021-02-18 10:55:28,866 - instabot version: 0.117.0 (api) - DEBUG - GET to endpoint: feed/user/42738970735/?max_id=&min_timestamp=None&rank_token=45468866234_9140f426-363f-4b0b-80cf-8b891668158a&ranked_content=true returned response: <Response [200]>
2021-02-18 10:55:28,874 - instabot version: 0.117.0 (bot_filter) - INFO - Received 18 medias.
2021-02-18 10:55:28,875 - instabot version: 0.117.0 (bot_filter) - INFO - After filtration 0 medias left.
2021-02-18 10:55:29,680 - instabot version: 0.117.0 (api) - DEBUG - GET to endpoint: feed/user/12259107698/?max_id=&min_timestamp=None&rank_token=45468866234_9140f426-363f-4b0b-80cf-8b891668158a&ranked_content=true returned response: <Response [200]>
2021-02-18 10:55:29,688 - instabot version: 0.117.0 (bot_filter) - INFO - Received 18 medias.
2021-02-18 10:55:29,690 - instabot version: 0.117.0 (bot_filter) - INFO - After filtration 0 medias left.
2021-02-18 10:55:30,201 - instabot version: 0.117.0 (api) - DEBUG - GET to endpoint: feed/user/41366569723/?max_id=&min_timestamp=None&rank_token=45468866234_9140f426-363f-4b0b-80cf-8b891668158a&ranked_content=true returned response: <Response [200]>
2021-02-18 10:55:30,206 - instabot version: 0.117.0 (bot_filter) - INFO - Received 18 medias.
2021-02-18 10:55:30,208 - instabot version: 0.117.0 (bot_filter) - INFO - After filtration 0 medias left.
2021-02-18 10:55:30,768 - instabot version: 0.117.0 (api) - DEBUG - GET to endpoint: feed/user/8712714447/?max_id=&min_timestamp=None&rank_token=45468866234_9140f426-363f-4b0b-80cf-8b891668158a&ranked_content=true returned response: <Response [200]>
2021-02-18 10:55:30,782 - instabot version: 0.117.0 (bot_filter) - INFO - Received 18 medias.
2021-02-18 10:55:30,783 - instabot version: 0.117.0 (bot_filter) - INFO - After filtration 0 medias left.
2021-02-18 10:55:31,362 - instabot version: 0.117.0 (api) - DEBUG - GET to endpoint: feed/user/45479326073/?max_id=&min_timestamp=None&rank_token=45468866234_9140f426-363f-4b0b-80cf-8b891668158a&ranked_content=true returned response: <Response [200]>
2021-02-18 10:55:31,368 - instabot version: 0.117.0 (bot_filter) - INFO - Received 18 medias.
2021-02-18 10:55:31,369 - instabot version: 0.117.0 (bot_filter) - INFO - After filtration 0 medias left.
2021-02-18 10:55:32,030 - instabot version: 0.117.0 (api) - DEBUG - GET to endpoint: feed/user/43156922602/?max_id=&min_timestamp=None&rank_token=45468866234_9140f426-363f-4b0b-80cf-8b891668158a&ranked_content=true returned response: <Response [200]>
2021-02-18 10:55:32,043 - instabot version: 0.117.0 (bot_filter) - INFO - Received 18 medias.
2021-02-18 10:55:32,044 - instabot version: 0.117.0 (bot_filter) - INFO - After filtration 0 medias left.
2021-02-18 10:55:32,612 - instabot version: 0.117.0 (api) - DEBUG - GET to endpoint: feed/user/44361937331/?max_id=&min_timestamp=None&rank_token=45468866234_9140f426-363f-4b0b-80cf-8b891668158a&ranked_content=true returned response: <Response [200]>
2021-02-18 10:55:32,620 - instabot version: 0.117.0 (bot_filter) - INFO - Received 18 medias.
2021-02-18 10:55:32,622 - instabot version: 0.117.0 (bot_filter) - INFO - After filtration 0 medias left.
2021-02-18 10:55:33,251 - instabot version: 0.117.0 (api) - DEBUG - GET to endpoint: feed/user/40952627454/?max_id=&min_timestamp=None&rank_token=45468866234_9140f426-363f-4b0b-80cf-8b891668158a&ranked_content=true returned response: <Response [200]>
2021-02-18 10:55:33,257 - instabot version: 0.117.0 (bot_filter) - INFO - Received 18 medias.
2021-02-18 10:55:33,258 - instabot version: 0.117.0 (bot_filter) - INFO - After filtration 0 medias left.
2021-02-18 10:55:33,744 - instabot version: 0.117.0 (api) - DEBUG - GET to endpoint: feed/user/37445281243/?max_id=&min_timestamp=None&rank_token=45468866234_9140f426-363f-4b0b-80cf-8b891668158a&ranked_content=true returned response: <Response [200]>
2021-02-18 10:55:33,748 - instabot version: 0.117.0 (bot_filter) - INFO - Received 16 medias.
2021-02-18 10:55:33,749 - instabot version: 0.117.0 (bot_filter) - INFO - After filtration 0 medias left.
2021-02-18 10:55:34,193 - instabot version: 0.117.0 (api) - DEBUG - GET to endpoint: feed/user/32420858950/?max_id=&min_timestamp=None&rank_token=45468866234_9140f426-363f-4b0b-80cf-8b891668158a&ranked_content=true returned response: <Response [200]>
2021-02-18 10:55:34,197 - instabot version: 0.117.0 (bot_filter) - INFO - Received 18 medias.
2021-02-18 10:55:34,198 - instabot version: 0.117.0 (bot_filter) - INFO - After filtration 0 medias left.
2021-02-18 10:55:34,665 - instabot version: 0.117.0 (api) - DEBUG - GET to endpoint: feed/user/19206364637/?max_id=&min_timestamp=None&rank_token=45468866234_9140f426-363f-4b0b-80cf-8b891668158a&ranked_content=true returned response: <Response [200]>
2021-02-18 10:55:34,670 - instabot version: 0.117.0 (bot_filter) - INFO - Received 18 medias.
2021-02-18 10:55:34,671 - instabot version: 0.117.0 (bot_filter) - INFO - After filtration 0 medias left.
2021-02-18 10:55:35,368 - instabot version: 0.117.0 (api) - DEBUG - GET to endpoint: feed/user/4104334650/?max_id=&min_timestamp=None&rank_token=45468866234_9140f426-363f-4b0b-80cf-8b891668158a&ranked_content=true returned response: <Response [200]>
2021-02-18 10:55:35,376 - instabot version: 0.117.0 (bot_filter) - INFO - Received 18 medias.
2021-02-18 10:55:35,377 - instabot version: 0.117.0 (bot_filter) - INFO - After filtration 0 medias left.
2021-02-18 10:55:36,069 - instabot version: 0.117.0 (api) - DEBUG - GET to endpoint: feed/user/1510802368/?max_id=&min_timestamp=None&rank_token=45468866234_9140f426-363f-4b0b-80cf-8b891668158a&ranked_content=true returned response: <Response [200]>
2021-02-18 10:55:36,075 - instabot version: 0.117.0 (bot_filter) - INFO - Received 18 medias.
2021-02-18 10:55:36,076 - instabot version: 0.117.0 (bot_filter) - INFO - After filtration 0 medias left.
2021-02-18 10:55:36,856 - instabot version: 0.117.0 (api) - DEBUG - GET to endpoint: feed/user/183986637/?max_id=&min_timestamp=None&rank_token=45468866234_9140f426-363f-4b0b-80cf-8b891668158a&ranked_content=true returned response: <Response [200]>
2021-02-18 10:55:36,866 - instabot version: 0.117.0 (bot_filter) - INFO - Received 18 medias.
2021-02-18 10:55:36,867 - instabot version: 0.117.0 (bot_filter) - INFO - After filtration 0 medias left.
2021-02-18 10:55:37,566 - instabot version: 0.117.0 (api) - DEBUG - GET to endpoint: feed/user/44325057603/?max_id=&min_timestamp=None&rank_token=45468866234_9140f426-363f-4b0b-80cf-8b891668158a&ranked_content=true returned response: <Response [200]>
2021-02-18 10:55:37,572 - instabot version: 0.117.0 (bot_filter) - INFO - Received 18 medias.
2021-02-18 10:55:37,574 - instabot version: 0.117.0 (bot_filter) - INFO - After filtration 0 medias left.
2021-02-18 10:55:38,041 - instabot version: 0.117.0 (api) - DEBUG - GET to endpoint: feed/user/8398231694/?max_id=&min_timestamp=None&rank_token=45468866234_9140f426-363f-4b0b-80cf-8b891668158a&ranked_content=true returned response: <Response [200]>
2021-02-18 10:55:38,046 - instabot version: 0.117.0 (bot_filter) - INFO - Received 18 medias.
2021-02-18 10:55:38,047 - instabot version: 0.117.0 (bot_filter) - INFO - After filtration 0 medias left.
2021-02-18 10:55:38,514 - instabot version: 0.117.0 (api) - DEBUG - GET to endpoint: feed/user/45025328681/?max_id=&min_timestamp=None&rank_token=45468866234_9140f426-363f-4b0b-80cf-8b891668158a&ranked_content=true returned response: <Response [200]>
2021-02-18 10:55:38,520 - instabot version: 0.117.0 (bot_filter) - INFO - Received 18 medias.
2021-02-18 10:55:38,521 - instabot version: 0.117.0 (bot_filter) - INFO - After filtration 0 medias left.
2021-02-18 10:55:39,110 - instabot version: 0.117.0 (api) - DEBUG - GET to endpoint: feed/user/4577592906/?max_id=&min_timestamp=None&rank_token=45468866234_9140f426-363f-4b0b-80cf-8b891668158a&ranked_content=true returned response: <Response [200]>
2021-02-18 10:55:39,116 - instabot version: 0.117.0 (bot_filter) - INFO - Received 18 medias.
2021-02-18 10:55:39,117 - instabot version: 0.117.0 (bot_filter) - INFO - After filtration 0 medias left.
2021-02-18 10:55:39,858 - instabot version: 0.117.0 (api) - DEBUG - GET to endpoint: feed/user/3675032101/?max_id=&min_timestamp=None&rank_token=45468866234_9140f426-363f-4b0b-80cf-8b891668158a&ranked_content=true returned response: <Response [200]>
2021-02-18 10:55:39,865 - instabot version: 0.117.0 (bot_filter) - INFO - Received 18 medias.
2021-02-18 10:55:39,867 - instabot version: 0.117.0 (bot_filter) - INFO - After filtration 0 medias left.
2021-02-18 10:55:40,417 - instabot version: 0.117.0 (api) - DEBUG - GET to endpoint: feed/user/45069914916/?max_id=&min_timestamp=None&rank_token=45468866234_9140f426-363f-4b0b-80cf-8b891668158a&ranked_content=true returned response: <Response [200]>
2021-02-18 10:55:40,423 - instabot version: 0.117.0 (bot_filter) - INFO - Received 17 medias.
2021-02-18 10:55:40,424 - instabot version: 0.117.0 (bot_filter) - INFO - After filtration 0 medias left.
2021-02-18 10:55:41,220 - instabot version: 0.117.0 (api) - DEBUG - GET to endpoint: feed/user/21614776473/?max_id=&min_timestamp=None&rank_token=45468866234_9140f426-363f-4b0b-80cf-8b891668158a&ranked_content=true returned response: <Response [200]>
2021-02-18 10:55:41,228 - instabot version: 0.117.0 (bot_filter) - INFO - Received 18 medias.
2021-02-18 10:55:41,229 - instabot version: 0.117.0 (bot_filter) - INFO - After filtration 0 medias left.
2021-02-18 10:55:41,838 - instabot version: 0.117.0 (api) - DEBUG - GET to endpoint: feed/user/35881905032/?max_id=&min_timestamp=None&rank_token=45468866234_9140f426-363f-4b0b-80cf-8b891668158a&ranked_content=true returned response: <Response [200]>
2021-02-18 10:55:41,847 - instabot version: 0.117.0 (bot_filter) - INFO - Received 11 medias.
2021-02-18 10:55:41,848 - instabot version: 0.117.0 (bot_filter) - INFO - After filtration 0 medias left.
2021-02-18 10:55:42,634 - instabot version: 0.117.0 (api) - DEBUG - GET to endpoint: feed/user/440716122/?max_id=&min_timestamp=None&rank_token=45468866234_9140f426-363f-4b0b-80cf-8b891668158a&ranked_content=true returned response: <Response [200]>
2021-02-18 10:55:42,642 - instabot version: 0.117.0 (bot_filter) - INFO - Received 18 medias.
2021-02-18 10:55:42,643 - instabot version: 0.117.0 (bot_filter) - INFO - After filtration 0 medias left.
2021-02-18 10:55:43,591 - instabot version: 0.117.0 (api) - DEBUG - GET to endpoint: feed/user/44831757623/?max_id=&min_timestamp=None&rank_token=45468866234_9140f426-363f-4b0b-80cf-8b891668158a&ranked_content=true returned response: <Response [200]>
2021-02-18 10:55:43,603 - instabot version: 0.117.0 (bot_filter) - INFO - Received 18 medias.
2021-02-18 10:55:43,604 - instabot version: 0.117.0 (bot_filter) - INFO - After filtration 0 medias left.
2021-02-18 10:55:44,277 - instabot version: 0.117.0 (api) - DEBUG - GET to endpoint: feed/user/1806776909/?max_id=&min_timestamp=None&rank_token=45468866234_9140f426-363f-4b0b-80cf-8b891668158a&ranked_content=true returned response: <Response [200]>
2021-02-18 10:55:44,283 - instabot version: 0.117.0 (bot_filter) - INFO - Received 18 medias.
2021-02-18 10:55:44,284 - instabot version: 0.117.0 (bot_filter) - INFO - After filtration 0 medias left.
2021-02-18 10:55:44,979 - instabot version: 0.117.0 (api) - DEBUG - GET to endpoint: feed/user/8166432762/?max_id=&min_timestamp=None&rank_token=45468866234_9140f426-363f-4b0b-80cf-8b891668158a&ranked_content=true returned response: <Response [200]>
2021-02-18 10:55:44,995 - instabot version: 0.117.0 (bot_filter) - INFO - Received 18 medias.
2021-02-18 10:55:44,996 - instabot version: 0.117.0 (bot_filter) - INFO - After filtration 0 medias left.
2021-02-18 10:55:45,517 - instabot version: 0.117.0 (api) - DEBUG - GET to endpoint: feed/user/45536224747/?max_id=&min_timestamp=None&rank_token=45468866234_9140f426-363f-4b0b-80cf-8b891668158a&ranked_content=true returned response: <Response [200]>
2021-02-18 10:55:45,520 - instabot version: 0.117.0 (bot_filter) - INFO - Received 5 medias.
2021-02-18 10:55:45,521 - instabot version: 0.117.0 (bot_filter) - INFO - After filtration 0 medias left.
2021-02-18 10:55:46,001 - instabot version: 0.117.0 (api) - DEBUG - GET to endpoint: feed/user/7312734830/?max_id=&min_timestamp=None&rank_token=45468866234_9140f426-363f-4b0b-80cf-8b891668158a&ranked_content=true returned response: <Response [200]>
2021-02-18 10:55:46,007 - instabot version: 0.117.0 (bot_filter) - INFO - Received 18 medias.
2021-02-18 10:55:46,009 - instabot version: 0.117.0 (bot_filter) - INFO - After filtration 0 medias left.
2021-02-18 10:55:46,531 - instabot version: 0.117.0 (api) - DEBUG - GET to endpoint: feed/user/30248853297/?max_id=&min_timestamp=None&rank_token=45468866234_9140f426-363f-4b0b-80cf-8b891668158a&ranked_content=true returned response: <Response [200]>
2021-02-18 10:55:46,536 - instabot version: 0.117.0 (bot_filter) - INFO - Received 18 medias.
2021-02-18 10:55:46,538 - instabot version: 0.117.0 (bot_filter) - INFO - After filtration 0 medias left.
2021-02-18 10:55:47,375 - instabot version: 0.117.0 (api) - DEBUG - GET to endpoint: feed/user/7958386712/?max_id=&min_timestamp=None&rank_token=45468866234_9140f426-363f-4b0b-80cf-8b891668158a&ranked_content=true returned response: <Response [200]>
2021-02-18 10:55:47,386 - instabot version: 0.117.0 (bot_filter) - INFO - Received 18 medias.
2021-02-18 10:55:47,388 - instabot version: 0.117.0 (bot_filter) - INFO - After filtration 0 medias left.
2021-02-18 10:55:48,153 - instabot version: 0.117.0 (api) - DEBUG - GET to endpoint: feed/user/1413130097/?max_id=&min_timestamp=None&rank_token=45468866234_9140f426-363f-4b0b-80cf-8b891668158a&ranked_content=true returned response: <Response [200]>
2021-02-18 10:55:48,167 - instabot version: 0.117.0 (bot_filter) - INFO - Received 18 medias.
2021-02-18 10:55:48,168 - instabot version: 0.117.0 (bot_filter) - INFO - After filtration 0 medias left.
2021-02-18 10:55:48,822 - instabot version: 0.117.0 (api) - DEBUG - GET to endpoint: feed/user/6005659618/?max_id=&min_timestamp=None&rank_token=45468866234_9140f426-363f-4b0b-80cf-8b891668158a&ranked_content=true returned response: <Response [200]>
2021-02-18 10:55:48,829 - instabot version: 0.117.0 (bot_filter) - INFO - Received 18 medias.
2021-02-18 10:55:48,830 - instabot version: 0.117.0 (bot_filter) - INFO - After filtration 0 medias left.
2021-02-18 10:55:49,657 - instabot version: 0.117.0 (api) - DEBUG - GET to endpoint: feed/user/7895633315/?max_id=&min_timestamp=None&rank_token=45468866234_9140f426-363f-4b0b-80cf-8b891668158a&ranked_content=true returned response: <Response [200]>
2021-02-18 10:55:49,667 - instabot version: 0.117.0 (bot_filter) - INFO - Received 18 medias.
2021-02-18 10:55:49,668 - instabot version: 0.117.0 (bot_filter) - INFO - After filtration 0 medias left.
2021-02-18 10:55:50,579 - instabot version: 0.117.0 (api) - DEBUG - GET to endpoint: feed/user/31388186240/?max_id=&min_timestamp=None&rank_token=45468866234_9140f426-363f-4b0b-80cf-8b891668158a&ranked_content=true returned response: <Response [200]>
2021-02-18 10:55:50,589 - instabot version: 0.117.0 (bot_filter) - INFO - Received 18 medias.
2021-02-18 10:55:50,591 - instabot version: 0.117.0 (bot_filter) - INFO - After filtration 0 medias left.
2021-02-18 10:55:51,152 - instabot version: 0.117.0 (api) - DEBUG - GET to endpoint: feed/user/6147364189/?max_id=&min_timestamp=None&rank_token=45468866234_9140f426-363f-4b0b-80cf-8b891668158a&ranked_content=true returned response: <Response [200]>
2021-02-18 10:55:51,156 - instabot version: 0.117.0 (bot_filter) - INFO - Received 11 medias.
2021-02-18 10:55:51,157 - instabot version: 0.117.0 (bot_filter) - INFO - After filtration 0 medias left.
2021-02-18 10:55:52,008 - instabot version: 0.117.0 (api) - DEBUG - GET to endpoint: feed/user/26959696038/?max_id=&min_timestamp=None&rank_token=45468866234_9140f426-363f-4b0b-80cf-8b891668158a&ranked_content=true returned response: <Response [200]>
2021-02-18 10:55:52,021 - instabot version: 0.117.0 (bot_filter) - INFO - Received 35 medias.
2021-02-18 10:55:52,022 - instabot version: 0.117.0 (bot_filter) - INFO - After filtration 0 medias left.
2021-02-18 10:55:52,692 - instabot version: 0.117.0 (api) - DEBUG - GET to endpoint: feed/user/44455976238/?max_id=&min_timestamp=None&rank_token=45468866234_9140f426-363f-4b0b-80cf-8b891668158a&ranked_content=true returned response: <Response [200]>
2021-02-18 10:55:52,700 - instabot version: 0.117.0 (bot_filter) - INFO - Received 18 medias.
2021-02-18 10:55:52,702 - instabot version: 0.117.0 (bot_filter) - INFO - After filtration 0 medias left.
2021-02-18 10:55:53,366 - instabot version: 0.117.0 (api) - DEBUG - GET to endpoint: feed/user/1603579577/?max_id=&min_timestamp=None&rank_token=45468866234_9140f426-363f-4b0b-80cf-8b891668158a&ranked_content=true returned response: <Response [200]>
2021-02-18 10:55:53,373 - instabot version: 0.117.0 (bot_filter) - INFO - Received 18 medias.
2021-02-18 10:55:53,375 - instabot version: 0.117.0 (bot_filter) - INFO - After filtration 0 medias left.
2021-02-18 10:55:53,979 - instabot version: 0.117.0 (api) - DEBUG - GET to endpoint: feed/user/45462124781/?max_id=&min_timestamp=None&rank_token=45468866234_9140f426-363f-4b0b-80cf-8b891668158a&ranked_content=true returned response: <Response [200]>
2021-02-18 10:55:53,986 - instabot version: 0.117.0 (bot_filter) - INFO - Received 18 medias.
2021-02-18 10:55:53,987 - instabot version: 0.117.0 (bot_filter) - INFO - After filtration 0 medias left.
2021-02-18 10:55:54,625 - instabot version: 0.117.0 (api) - DEBUG - GET to endpoint: feed/user/32901605548/?max_id=&min_timestamp=None&rank_token=45468866234_9140f426-363f-4b0b-80cf-8b891668158a&ranked_content=true returned response: <Response [200]>
2021-02-18 10:55:54,632 - instabot version: 0.117.0 (bot_filter) - INFO - Received 18 medias.
2021-02-18 10:55:54,634 - instabot version: 0.117.0 (bot_filter) - INFO - After filtration 0 medias left.
2021-02-18 10:55:55,219 - instabot version: 0.117.0 (api) - DEBUG - GET to endpoint: feed/user/40957983293/?max_id=&min_timestamp=None&rank_token=45468866234_9140f426-363f-4b0b-80cf-8b891668158a&ranked_content=true returned response: <Response [200]>
2021-02-18 10:55:55,227 - instabot version: 0.117.0 (bot_filter) - INFO - Received 18 medias.
2021-02-18 10:55:55,229 - instabot version: 0.117.0 (bot_filter) - INFO - After filtration 0 medias left.
2021-02-18 10:55:56,267 - instabot version: 0.117.0 (api) - DEBUG - GET to endpoint: feed/user/33456857417/?max_id=&min_timestamp=None&rank_token=45468866234_9140f426-363f-4b0b-80cf-8b891668158a&ranked_content=true returned response: <Response [200]>
2021-02-18 10:55:56,274 - instabot version: 0.117.0 (bot_filter) - INFO - Received 18 medias.
2021-02-18 10:55:56,275 - instabot version: 0.117.0 (bot_filter) - INFO - After filtration 0 medias left.
2021-02-18 10:55:57,290 - instabot version: 0.117.0 (api) - DEBUG - GET to endpoint: feed/user/14720815319/?max_id=&min_timestamp=None&rank_token=45468866234_9140f426-363f-4b0b-80cf-8b891668158a&ranked_content=true returned response: <Response [200]>
2021-02-18 10:55:57,299 - instabot version: 0.117.0 (bot_filter) - INFO - Received 18 medias.
2021-02-18 10:55:57,300 - instabot version: 0.117.0 (bot_filter) - INFO - After filtration 0 medias left.
2021-02-18 10:55:57,933 - instabot version: 0.117.0 (api) - DEBUG - GET to endpoint: feed/user/7880106779/?max_id=&min_timestamp=None&rank_token=45468866234_9140f426-363f-4b0b-80cf-8b891668158a&ranked_content=true returned response: <Response [200]>
2021-02-18 10:55:57,942 - instabot version: 0.117.0 (bot_filter) - INFO - Received 18 medias.
2021-02-18 10:55:57,943 - instabot version: 0.117.0 (bot_filter) - INFO - After filtration 0 medias left.
2021-02-18 10:55:58,417 - instabot version: 0.117.0 (api) - DEBUG - GET to endpoint: feed/user/44675997115/?max_id=&min_timestamp=None&rank_token=45468866234_9140f426-363f-4b0b-80cf-8b891668158a&ranked_content=true returned response: <Response [200]>
2021-02-18 10:55:58,423 - instabot version: 0.117.0 (bot_filter) - INFO - Received 18 medias.
2021-02-18 10:55:58,424 - instabot version: 0.117.0 (bot_filter) - INFO - After filtration 0 medias left.
2021-02-18 10:55:58,794 - instabot version: 0.117.0 (api) - DEBUG - GET to endpoint: feed/user/45472212218/?max_id=&min_timestamp=None&rank_token=45468866234_9140f426-363f-4b0b-80cf-8b891668158a&ranked_content=true returned response: <Response [200]>
2021-02-18 10:55:58,795 - instabot version: 0.117.0 (bot_filter) - INFO - Received 2 medias.
2021-02-18 10:55:58,797 - instabot version: 0.117.0 (bot_filter) - INFO - After filtration 0 medias left.
2021-02-18 10:55:59,307 - instabot version: 0.117.0 (api) - DEBUG - GET to endpoint: feed/user/45322740021/?max_id=&min_timestamp=None&rank_token=45468866234_9140f426-363f-4b0b-80cf-8b891668158a&ranked_content=true returned response: <Response [200]>
2021-02-18 10:55:59,311 - instabot version: 0.117.0 (bot_filter) - INFO - Received 8 medias.
2021-02-18 10:55:59,312 - instabot version: 0.117.0 (bot_filter) - INFO - After filtration 0 medias left.
2021-02-18 10:55:59,848 - instabot version: 0.117.0 (api) - DEBUG - GET to endpoint: feed/user/3604864604/?max_id=&min_timestamp=None&rank_token=45468866234_9140f426-363f-4b0b-80cf-8b891668158a&ranked_content=true returned response: <Response [200]>
2021-02-18 10:55:59,867 - instabot version: 0.117.0 (bot_filter) - INFO - Received 18 medias.
2021-02-18 10:55:59,869 - instabot version: 0.117.0 (bot_filter) - INFO - After filtration 0 medias left.
2021-02-18 10:56:00,801 - instabot version: 0.117.0 (api) - DEBUG - GET to endpoint: feed/user/21990078980/?max_id=&min_timestamp=None&rank_token=45468866234_9140f426-363f-4b0b-80cf-8b891668158a&ranked_content=true returned response: <Response [200]>
2021-02-18 10:56:00,817 - instabot version: 0.117.0 (bot_filter) - INFO - Received 18 medias.
2021-02-18 10:56:00,818 - instabot version: 0.117.0 (bot_filter) - INFO - After filtration 0 medias left.
2021-02-18 10:56:01,259 - instabot version: 0.117.0 (api) - DEBUG - GET to endpoint: feed/user/12293926779/?max_id=&min_timestamp=None&rank_token=45468866234_9140f426-363f-4b0b-80cf-8b891668158a&ranked_content=true returned response: <Response [200]>
2021-02-18 10:56:01,264 - instabot version: 0.117.0 (bot_filter) - INFO - Received 18 medias.
2021-02-18 10:56:01,266 - instabot version: 0.117.0 (bot_filter) - INFO - After filtration 0 medias left.
2021-02-18 10:56:01,797 - instabot version: 0.117.0 (api) - DEBUG - GET to endpoint: feed/user/45513123127/?max_id=&min_timestamp=None&rank_token=45468866234_9140f426-363f-4b0b-80cf-8b891668158a&ranked_content=true returned response: <Response [200]>
2021-02-18 10:56:01,803 - instabot version: 0.117.0 (bot_filter) - INFO - Received 12 medias.
2021-02-18 10:56:01,804 - instabot version: 0.117.0 (bot_filter) - INFO - After filtration 0 medias left.
2021-02-18 10:56:02,233 - instabot version: 0.117.0 (api) - DEBUG - GET to endpoint: feed/user/7119035504/?max_id=&min_timestamp=None&rank_token=45468866234_9140f426-363f-4b0b-80cf-8b891668158a&ranked_content=true returned response: <Response [200]>
2021-02-18 10:56:02,236 - instabot version: 0.117.0 (bot_filter) - INFO - Received 7 medias.
2021-02-18 10:56:02,237 - instabot version: 0.117.0 (bot_filter) - INFO - After filtration 0 medias left.
2021-02-18 10:56:02,857 - instabot version: 0.117.0 (api) - DEBUG - GET to endpoint: feed/user/8280049285/?max_id=&min_timestamp=None&rank_token=45468866234_9140f426-363f-4b0b-80cf-8b891668158a&ranked_content=true returned response: <Response [200]>
2021-02-18 10:56:02,864 - instabot version: 0.117.0 (bot_filter) - INFO - Received 18 medias.
2021-02-18 10:56:02,865 - instabot version: 0.117.0 (bot_filter) - INFO - After filtration 0 medias left.
2021-02-18 10:56:03,509 - instabot version: 0.117.0 (api) - DEBUG - GET to endpoint: feed/user/929141511/?max_id=&min_timestamp=None&rank_token=45468866234_9140f426-363f-4b0b-80cf-8b891668158a&ranked_content=true returned response: <Response [200]>
2021-02-18 10:56:03,515 - instabot version: 0.117.0 (bot_filter) - INFO - Received 18 medias.
2021-02-18 10:56:03,516 - instabot version: 0.117.0 (bot_filter) - INFO - After filtration 0 medias left.
2021-02-18 10:56:04,065 - instabot version: 0.117.0 (api) - DEBUG - GET to endpoint: feed/user/45142903300/?max_id=&min_timestamp=None&rank_token=45468866234_9140f426-363f-4b0b-80cf-8b891668158a&ranked_content=true returned response: <Response [200]>
2021-02-18 10:56:04,067 - instabot version: 0.117.0 (bot_filter) - INFO - Received 4 medias.
2021-02-18 10:56:04,068 - instabot version: 0.117.0 (bot_filter) - INFO - After filtration 0 medias left.
2021-02-18 10:56:04,612 - instabot version: 0.117.0 (api) - DEBUG - GET to endpoint: feed/user/24432689039/?max_id=&min_timestamp=None&rank_token=45468866234_9140f426-363f-4b0b-80cf-8b891668158a&ranked_content=true returned response: <Response [200]>
2021-02-18 10:56:04,619 - instabot version: 0.117.0 (bot_filter) - INFO - Received 18 medias.
2021-02-18 10:56:04,620 - instabot version: 0.117.0 (bot_filter) - INFO - After filtration 0 medias left.
2021-02-18 10:56:05,141 - instabot version: 0.117.0 (api) - DEBUG - GET to endpoint: feed/user/7315588432/?max_id=&min_timestamp=None&rank_token=45468866234_9140f426-363f-4b0b-80cf-8b891668158a&ranked_content=true returned response: <Response [200]>
2021-02-18 10:56:05,148 - instabot version: 0.117.0 (bot_filter) - INFO - Received 18 medias.
2021-02-18 10:56:05,149 - instabot version: 0.117.0 (bot_filter) - INFO - After filtration 0 medias left.
2021-02-18 10:56:05,799 - instabot version: 0.117.0 (api) - DEBUG - GET to endpoint: feed/user/4069735198/?max_id=&min_timestamp=None&rank_token=45468866234_9140f426-363f-4b0b-80cf-8b891668158a&ranked_content=true returned response: <Response [200]>
2021-02-18 10:56:05,807 - instabot version: 0.117.0 (bot_filter) - INFO - Received 18 medias.
2021-02-18 10:56:05,808 - instabot version: 0.117.0 (bot_filter) - INFO - After filtration 0 medias left.
2021-02-18 10:56:06,337 - instabot version: 0.117.0 (api) - DEBUG - GET to endpoint: feed/user/3647534105/?max_id=&min_timestamp=None&rank_token=45468866234_9140f426-363f-4b0b-80cf-8b891668158a&ranked_content=true returned response: <Response [200]>
2021-02-18 10:56:06,340 - instabot version: 0.117.0 (bot_filter) - INFO - Received 18 medias.
2021-02-18 10:56:06,341 - instabot version: 0.117.0 (bot_filter) - INFO - After filtration 0 medias left.
2021-02-18 10:56:07,077 - instabot version: 0.117.0 (api) - DEBUG - GET to endpoint: feed/user/11701729447/?max_id=&min_timestamp=None&rank_token=45468866234_9140f426-363f-4b0b-80cf-8b891668158a&ranked_content=true returned response: <Response [200]>
2021-02-18 10:56:07,082 - instabot version: 0.117.0 (bot_filter) - INFO - Received 18 medias.
2021-02-18 10:56:07,083 - instabot version: 0.117.0 (bot_filter) - INFO - After filtration 0 medias left.
2021-02-18 10:56:07,707 - instabot version: 0.117.0 (api) - DEBUG - GET to endpoint: feed/user/4504677903/?max_id=&min_timestamp=None&rank_token=45468866234_9140f426-363f-4b0b-80cf-8b891668158a&ranked_content=true returned response: <Response [200]>
2021-02-18 10:56:07,759 - instabot version: 0.117.0 (bot_filter) - INFO - Received 18 medias.
2021-02-18 10:56:07,760 - instabot version: 0.117.0 (bot_filter) - INFO - After filtration 0 medias left.
2021-02-18 10:56:08,400 - instabot version: 0.117.0 (api) - DEBUG - GET to endpoint: feed/user/10129805/?max_id=&min_timestamp=None&rank_token=45468866234_9140f426-363f-4b0b-80cf-8b891668158a&ranked_content=true returned response: <Response [200]>
2021-02-18 10:56:08,406 - instabot version: 0.117.0 (bot_filter) - INFO - Received 18 medias.
2021-02-18 10:56:08,408 - instabot version: 0.117.0 (bot_filter) - INFO - After filtration 0 medias left.
2021-02-18 10:56:08,750 - instabot version: 0.117.0 (api) - DEBUG - GET to endpoint: feed/user/44022605708/?max_id=&min_timestamp=None&rank_token=45468866234_9140f426-363f-4b0b-80cf-8b891668158a&ranked_content=true returned response: <Response [200]>
2021-02-18 10:56:08,751 - instabot version: 0.117.0 (bot_filter) - INFO - Received 1 medias.
2021-02-18 10:56:08,752 - instabot version: 0.117.0 (bot_filter) - INFO - After filtration 0 medias left.
2021-02-18 10:56:09,239 - instabot version: 0.117.0 (api) - DEBUG - GET to endpoint: feed/user/45864993992/?max_id=&min_timestamp=None&rank_token=45468866234_9140f426-363f-4b0b-80cf-8b891668158a&ranked_content=true returned response: <Response [200]>
2021-02-18 10:56:09,243 - instabot version: 0.117.0 (bot_filter) - INFO - Received 18 medias.
2021-02-18 10:56:09,244 - instabot version: 0.117.0 (bot_filter) - INFO - After filtration 0 medias left.
2021-02-18 10:56:09,625 - instabot version: 0.117.0 (api) - DEBUG - GET to endpoint: feed/user/45500893538/?max_id=&min_timestamp=None&rank_token=45468866234_9140f426-363f-4b0b-80cf-8b891668158a&ranked_content=true returned response: <Response [200]>
2021-02-18 10:56:09,627 - instabot version: 0.117.0 (bot_filter) - INFO - Received 3 medias.
2021-02-18 10:56:09,628 - instabot version: 0.117.0 (bot_filter) - INFO - After filtration 0 medias left.
2021-02-18 10:56:10,346 - instabot version: 0.117.0 (api) - DEBUG - GET to endpoint: feed/user/1414601753/?max_id=&min_timestamp=None&rank_token=45468866234_9140f426-363f-4b0b-80cf-8b891668158a&ranked_content=true returned response: <Response [200]>
2021-02-18 10:56:10,352 - instabot version: 0.117.0 (bot_filter) - INFO - Received 18 medias.
2021-02-18 10:56:10,354 - instabot version: 0.117.0 (bot_filter) - INFO - After filtration 0 medias left.
2021-02-18 10:56:10,920 - instabot version: 0.117.0 (api) - DEBUG - GET to endpoint: feed/user/1259371895/?max_id=&min_timestamp=None&rank_token=45468866234_9140f426-363f-4b0b-80cf-8b891668158a&ranked_content=true returned response: <Response [200]>
2021-02-18 10:56:10,927 - instabot version: 0.117.0 (bot_filter) - INFO - Received 18 medias.
2021-02-18 10:56:10,928 - instabot version: 0.117.0 (bot_filter) - INFO - After filtration 0 medias left.
2021-02-18 10:56:11,415 - instabot version: 0.117.0 (api) - DEBUG - GET to endpoint: feed/user/7736887569/?max_id=&min_timestamp=None&rank_token=45468866234_9140f426-363f-4b0b-80cf-8b891668158a&ranked_content=true returned response: <Response [200]>
2021-02-18 10:56:11,421 - instabot version: 0.117.0 (bot_filter) - INFO - Received 17 medias.
2021-02-18 10:56:11,422 - instabot version: 0.117.0 (bot_filter) - INFO - After filtration 0 medias left.
2021-02-18 10:56:12,034 - instabot version: 0.117.0 (api) - DEBUG - GET to endpoint: feed/user/10689439537/?max_id=&min_timestamp=None&rank_token=45468866234_9140f426-363f-4b0b-80cf-8b891668158a&ranked_content=true returned response: <Response [200]>
2021-02-18 10:56:12,041 - instabot version: 0.117.0 (bot_filter) - INFO - Received 18 medias.
2021-02-18 10:56:12,042 - instabot version: 0.117.0 (bot_filter) - INFO - After filtration 0 medias left.
2021-02-18 10:56:12,769 - instabot version: 0.117.0 (api) - DEBUG - GET to endpoint: feed/user/6895367322/?max_id=&min_timestamp=None&rank_token=45468866234_9140f426-363f-4b0b-80cf-8b891668158a&ranked_content=true returned response: <Response [200]>
2021-02-18 10:56:12,776 - instabot version: 0.117.0 (bot_filter) - INFO - Received 18 medias.
2021-02-18 10:56:12,777 - instabot version: 0.117.0 (bot_filter) - INFO - After filtration 0 medias left.
2021-02-18 10:56:13,201 - instabot version: 0.117.0 (api) - DEBUG - GET to endpoint: feed/user/41798186732/?max_id=&min_timestamp=None&rank_token=45468866234_9140f426-363f-4b0b-80cf-8b891668158a&ranked_content=true returned response: <Response [200]>
2021-02-18 10:56:13,205 - instabot version: 0.117.0 (bot_filter) - INFO - Received 15 medias.
2021-02-18 10:56:13,206 - instabot version: 0.117.0 (bot_filter) - INFO - After filtration 0 medias left.
2021-02-18 10:56:13,520 - instabot version: 0.117.0 (api) - DEBUG - GET to endpoint: feed/user/25922958205/?max_id=&min_timestamp=None&rank_token=45468866234_9140f426-363f-4b0b-80cf-8b891668158a&ranked_content=true returned response: <Response [200]>
2021-02-18 10:56:13,520 - instabot version: 0.117.0 (bot_filter) - INFO - Received 0 medias.
2021-02-18 10:56:13,522 - instabot version: 0.117.0 (bot_filter) - INFO - After filtration 0 medias left.
2021-02-18 10:56:13,974 - instabot version: 0.117.0 (api) - DEBUG - GET to endpoint: feed/user/18349003214/?max_id=&min_timestamp=None&rank_token=45468866234_9140f426-363f-4b0b-80cf-8b891668158a&ranked_content=true returned response: <Response [200]>
2021-02-18 10:56:13,978 - instabot version: 0.117.0 (bot_filter) - INFO - Received 13 medias.
2021-02-18 10:56:13,979 - instabot version: 0.117.0 (bot_filter) - INFO - After filtration 0 medias left.
2021-02-18 10:57:30,522 - instabot version: 0.117.0 (bot_checkpoint) - DEBUG - Saving Checkpoint file to: C:\Users\proka\iCloudDrive\iCloud~com~omz-software~Pythonista3/config/psevdoproger.checkpoint
2021-02-18 10:57:30,525 - instabot version: 0.117.0 (bot) - INFO - Total unfollows: 4/78
2021-02-18 10:57:30,585 - instabot version: 0.117.0 (bot) - INFO - Total requests: 1483
